{"/home/raphael/ecole_42/red-tetris/my-app/src/App.tsx": {"path":"/home/raphael/ecole_42/red-tetris/my-app/src/App.tsx","statementMap":{"0":{"start":{"line":8,"column":2},"end":{"line":15,"column":null}}},"fnMap":{"0":{"name":"App","decl":{"start":{"line":7,"column":9},"end":{"line":7,"column":15}},"loc":{"start":{"line":7,"column":15},"end":{"line":17,"column":null}},"line":7}},"branchMap":{},"s":{"0":1},"f":{"0":1},"b":{},"meta":{"lastBranch":0,"lastFunction":1,"lastStatement":1,"seen":{"f:7:9:7:15":0,"s:8:2:15:Infinity":0}}}
,"/home/raphael/ecole_42/red-tetris/my-app/src/main.tsx": {"path":"/home/raphael/ecole_42/red-tetris/my-app/src/main.tsx","statementMap":{"0":{"start":{"line":7,"column":0},"end":{"line":13,"column":null}}},"fnMap":{},"branchMap":{},"s":{"0":0},"f":{},"b":{},"meta":{"lastBranch":0,"lastFunction":0,"lastStatement":1,"seen":{"s:7:0:13:Infinity":0}}}
,"/home/raphael/ecole_42/red-tetris/my-app/src/vite-env.d.ts": {"path":"/home/raphael/ecole_42/red-tetris/my-app/src/vite-env.d.ts","statementMap":{},"fnMap":{},"branchMap":{},"s":{},"f":{},"b":{},"meta":{"lastBranch":0,"lastFunction":0,"lastStatement":0,"seen":{}}}
,"/home/raphael/ecole_42/red-tetris/my-app/src/components/ConnectPage.tsx": {"path":"/home/raphael/ecole_42/red-tetris/my-app/src/components/ConnectPage.tsx","statementMap":{"0":{"start":{"line":15,"column":22},"end":{"line":18,"column":null}},"1":{"start":{"line":16,"column":2},"end":{"line":16,"column":null}},"2":{"start":{"line":17,"column":2},"end":{"line":17,"column":null}},"3":{"start":{"line":20,"column":22},"end":{"line":30,"column":null}},"4":{"start":{"line":21,"column":8},"end":{"line":23,"column":null}},"5":{"start":{"line":24,"column":2},"end":{"line":28,"column":null}},"6":{"start":{"line":25,"column":3},"end":{"line":25,"column":null}},"7":{"start":{"line":26,"column":3},"end":{"line":26,"column":null}},"8":{"start":{"line":27,"column":3},"end":{"line":27,"column":null}},"9":{"start":{"line":29,"column":2},"end":{"line":29,"column":null}},"10":{"start":{"line":32,"column":1},"end":{"line":47,"column":null}}},"fnMap":{"0":{"name":"ConnectPage","decl":{"start":{"line":5,"column":9},"end":{"line":5,"column":21}},"loc":{"start":{"line":13,"column":2},"end":{"line":49,"column":null}},"line":13},"1":{"name":"(anonymous_1)","decl":{"start":{"line":15,"column":22},"end":{"line":15,"column":23}},"loc":{"start":{"line":15,"column":70},"end":{"line":18,"column":null}},"line":15},"2":{"name":"(anonymous_2)","decl":{"start":{"line":20,"column":22},"end":{"line":20,"column":28}},"loc":{"start":{"line":20,"column":28},"end":{"line":30,"column":null}},"line":20},"3":{"name":"(anonymous_3)","decl":{"start":{"line":24,"column":29},"end":{"line":24,"column":30}},"loc":{"start":{"line":24,"column":39},"end":{"line":28,"column":3}},"line":24}},"branchMap":{},"s":{"0":6,"1":7,"2":7,"3":6,"4":2,"5":2,"6":1,"7":1,"8":1,"9":2,"10":6},"f":{"0":6,"1":7,"2":2,"3":1},"b":{},"meta":{"lastBranch":0,"lastFunction":4,"lastStatement":11,"seen":{"f:5:9:5:21":0,"s:15:22:18:Infinity":0,"f:15:22:15:23":1,"s:16:2:16:Infinity":1,"s:17:2:17:Infinity":2,"s:20:22:30:Infinity":3,"f:20:22:20:28":2,"s:21:8:23:Infinity":4,"s:24:2:28:Infinity":5,"f:24:29:24:30":3,"s:25:3:25:Infinity":6,"s:26:3:26:Infinity":7,"s:27:3:27:Infinity":8,"s:29:2:29:Infinity":9,"s:32:1:47:Infinity":10}}}
,"/home/raphael/ecole_42/red-tetris/my-app/src/components/GamePage.tsx": {"path":"/home/raphael/ecole_42/red-tetris/my-app/src/components/GamePage.tsx","statementMap":{"0":{"start":{"line":18,"column":7},"end":{"line":18,"column":null}},"1":{"start":{"line":20,"column":1},"end":{"line":22,"column":null}},"2":{"start":{"line":21,"column":2},"end":{"line":21,"column":null}},"3":{"start":{"line":24,"column":31},"end":{"line":24,"column":null}},"4":{"start":{"line":26,"column":7},"end":{"line":26,"column":null}},"5":{"start":{"line":27,"column":7},"end":{"line":27,"column":null}},"6":{"start":{"line":28,"column":7},"end":{"line":28,"column":null}},"7":{"start":{"line":31,"column":21},"end":{"line":31,"column":null}},"8":{"start":{"line":32,"column":23},"end":{"line":32,"column":null}},"9":{"start":{"line":33,"column":27},"end":{"line":33,"column":null}},"10":{"start":{"line":34,"column":25},"end":{"line":34,"column":null}},"11":{"start":{"line":35,"column":31},"end":{"line":35,"column":null}},"12":{"start":{"line":36,"column":25},"end":{"line":36,"column":null}},"13":{"start":{"line":37,"column":31},"end":{"line":37,"column":null}},"14":{"start":{"line":38,"column":29},"end":{"line":38,"column":null}},"15":{"start":{"line":41,"column":26},"end":{"line":41,"column":null}},"16":{"start":{"line":42,"column":22},"end":{"line":42,"column":null}},"17":{"start":{"line":43,"column":16},"end":{"line":43,"column":null}},"18":{"start":{"line":44,"column":31},"end":{"line":44,"column":null}},"19":{"start":{"line":45,"column":47},"end":{"line":45,"column":null}},"20":{"start":{"line":46,"column":16},"end":{"line":46,"column":null}},"21":{"start":{"line":47,"column":27},"end":{"line":47,"column":null}},"22":{"start":{"line":49,"column":21},"end":{"line":49,"column":null}},"23":{"start":{"line":52,"column":17},"end":{"line":52,"column":null}},"24":{"start":{"line":53,"column":17},"end":{"line":53,"column":null}},"25":{"start":{"line":54,"column":19},"end":{"line":54,"column":null}},"26":{"start":{"line":54,"column":57},"end":{"line":54,"column":79}},"27":{"start":{"line":56,"column":21},"end":{"line":56,"column":null}},"28":{"start":{"line":57,"column":28},"end":{"line":57,"column":null}},"29":{"start":{"line":58,"column":29},"end":{"line":58,"column":null}},"30":{"start":{"line":59,"column":23},"end":{"line":59,"column":null}},"31":{"start":{"line":60,"column":31},"end":{"line":60,"column":null}},"32":{"start":{"line":62,"column":7},"end":{"line":66,"column":null}},"33":{"start":{"line":68,"column":7},"end":{"line":72,"column":null}},"34":{"start":{"line":74,"column":7},"end":{"line":78,"column":null}},"35":{"start":{"line":80,"column":23},"end":{"line":92,"column":null}},"36":{"start":{"line":81,"column":2},"end":{"line":91,"column":null}},"37":{"start":{"line":82,"column":3},"end":{"line":82,"column":null}},"38":{"start":{"line":83,"column":2},"end":{"line":91,"column":null}},"39":{"start":{"line":84,"column":3},"end":{"line":84,"column":null}},"40":{"start":{"line":85,"column":2},"end":{"line":91,"column":null}},"41":{"start":{"line":86,"column":3},"end":{"line":86,"column":null}},"42":{"start":{"line":87,"column":2},"end":{"line":91,"column":null}},"43":{"start":{"line":88,"column":3},"end":{"line":88,"column":null}},"44":{"start":{"line":89,"column":2},"end":{"line":91,"column":null}},"45":{"start":{"line":90,"column":3},"end":{"line":90,"column":null}},"46":{"start":{"line":94,"column":30},"end":{"line":97,"column":null}},"47":{"start":{"line":95,"column":18},"end":{"line":95,"column":null}},"48":{"start":{"line":96,"column":2},"end":{"line":96,"column":null}},"49":{"start":{"line":99,"column":22},"end":{"line":115,"column":null}},"50":{"start":{"line":100,"column":2},"end":{"line":110,"column":null}},"51":{"start":{"line":101,"column":3},"end":{"line":103,"column":null}},"52":{"start":{"line":102,"column":4},"end":{"line":102,"column":null}},"53":{"start":{"line":105,"column":3},"end":{"line":109,"column":null}},"54":{"start":{"line":106,"column":4},"end":{"line":106,"column":null}},"55":{"start":{"line":108,"column":4},"end":{"line":108,"column":null}},"56":{"start":{"line":111,"column":2},"end":{"line":111,"column":null}},"57":{"start":{"line":112,"column":2},"end":{"line":112,"column":null}},"58":{"start":{"line":113,"column":2},"end":{"line":113,"column":null}},"59":{"start":{"line":114,"column":2},"end":{"line":114,"column":null}},"60":{"start":{"line":117,"column":23},"end":{"line":123,"column":null}},"61":{"start":{"line":118,"column":2},"end":{"line":118,"column":null}},"62":{"start":{"line":119,"column":2},"end":{"line":119,"column":null}},"63":{"start":{"line":120,"column":2},"end":{"line":120,"column":null}},"64":{"start":{"line":121,"column":2},"end":{"line":121,"column":null}},"65":{"start":{"line":122,"column":2},"end":{"line":122,"column":null}},"66":{"start":{"line":125,"column":19},"end":{"line":140,"column":null}},"67":{"start":{"line":126,"column":2},"end":{"line":139,"column":null}},"68":{"start":{"line":127,"column":3},"end":{"line":127,"column":null}},"69":{"start":{"line":128,"column":3},"end":{"line":128,"column":null}},"70":{"start":{"line":129,"column":3},"end":{"line":129,"column":null}},"71":{"start":{"line":130,"column":2},"end":{"line":139,"column":null}},"72":{"start":{"line":131,"column":3},"end":{"line":131,"column":null}},"73":{"start":{"line":132,"column":3},"end":{"line":132,"column":null}},"74":{"start":{"line":133,"column":3},"end":{"line":133,"column":null}},"75":{"start":{"line":134,"column":2},"end":{"line":139,"column":null}},"76":{"start":{"line":135,"column":3},"end":{"line":135,"column":null}},"77":{"start":{"line":136,"column":3},"end":{"line":136,"column":null}},"78":{"start":{"line":137,"column":3},"end":{"line":137,"column":null}},"79":{"start":{"line":138,"column":3},"end":{"line":138,"column":null}},"80":{"start":{"line":144,"column":1},"end":{"line":155,"column":null}},"81":{"start":{"line":145,"column":2},"end":{"line":154,"column":null}},"82":{"start":{"line":146,"column":22},"end":{"line":146,"column":null}},"83":{"start":{"line":147,"column":22},"end":{"line":147,"column":null}},"84":{"start":{"line":149,"column":21},"end":{"line":149,"column":null}},"85":{"start":{"line":150,"column":9},"end":{"line":152,"column":null}},"86":{"start":{"line":153,"column":3},"end":{"line":153,"column":null}},"87":{"start":{"line":158,"column":1},"end":{"line":167,"column":null}},"88":{"start":{"line":159,"column":2},"end":{"line":163,"column":null}},"89":{"start":{"line":160,"column":3},"end":{"line":160,"column":null}},"90":{"start":{"line":161,"column":3},"end":{"line":161,"column":null}},"91":{"start":{"line":162,"column":3},"end":{"line":162,"column":null}},"92":{"start":{"line":164,"column":2},"end":{"line":166,"column":null}},"93":{"start":{"line":165,"column":3},"end":{"line":165,"column":null}},"94":{"start":{"line":170,"column":7},"end":{"line":170,"column":null}},"95":{"start":{"line":171,"column":1},"end":{"line":173,"column":null}},"96":{"start":{"line":172,"column":2},"end":{"line":172,"column":null}},"97":{"start":{"line":176,"column":1},"end":{"line":180,"column":null}},"98":{"start":{"line":177,"column":2},"end":{"line":179,"column":null}},"99":{"start":{"line":178,"column":3},"end":{"line":178,"column":null}},"100":{"start":{"line":183,"column":1},"end":{"line":190,"column":null}},"101":{"start":{"line":184,"column":2},"end":{"line":189,"column":null}},"102":{"start":{"line":185,"column":66},"end":{"line":185,"column":null}},"103":{"start":{"line":186,"column":3},"end":{"line":188,"column":null}},"104":{"start":{"line":187,"column":4},"end":{"line":187,"column":null}},"105":{"start":{"line":194,"column":1},"end":{"line":203,"column":null}},"106":{"start":{"line":195,"column":2},"end":{"line":199,"column":null}},"107":{"start":{"line":196,"column":3},"end":{"line":198,"column":null}},"108":{"start":{"line":197,"column":4},"end":{"line":197,"column":null}},"109":{"start":{"line":200,"column":2},"end":{"line":202,"column":null}},"110":{"start":{"line":201,"column":3},"end":{"line":201,"column":null}},"111":{"start":{"line":205,"column":1},"end":{"line":219,"column":null}},"112":{"start":{"line":206,"column":2},"end":{"line":215,"column":null}},"113":{"start":{"line":207,"column":3},"end":{"line":214,"column":null}},"114":{"start":{"line":208,"column":4},"end":{"line":212,"column":null}},"115":{"start":{"line":209,"column":5},"end":{"line":209,"column":null}},"116":{"start":{"line":210,"column":4},"end":{"line":212,"column":null}},"117":{"start":{"line":211,"column":5},"end":{"line":211,"column":null}},"118":{"start":{"line":213,"column":4},"end":{"line":213,"column":null}},"119":{"start":{"line":216,"column":2},"end":{"line":218,"column":null}},"120":{"start":{"line":217,"column":3},"end":{"line":217,"column":null}},"121":{"start":{"line":221,"column":1},"end":{"line":234,"column":null}},"122":{"start":{"line":222,"column":2},"end":{"line":230,"column":null}},"123":{"start":{"line":223,"column":3},"end":{"line":229,"column":null}},"124":{"start":{"line":224,"column":4},"end":{"line":224,"column":null}},"125":{"start":{"line":225,"column":4},"end":{"line":225,"column":null}},"126":{"start":{"line":226,"column":4},"end":{"line":228,"column":null}},"127":{"start":{"line":227,"column":5},"end":{"line":227,"column":null}},"128":{"start":{"line":231,"column":2},"end":{"line":233,"column":null}},"129":{"start":{"line":232,"column":3},"end":{"line":232,"column":null}},"130":{"start":{"line":236,"column":1},"end":{"line":245,"column":null}},"131":{"start":{"line":237,"column":2},"end":{"line":241,"column":null}},"132":{"start":{"line":238,"column":3},"end":{"line":240,"column":null}},"133":{"start":{"line":239,"column":4},"end":{"line":239,"column":null}},"134":{"start":{"line":242,"column":2},"end":{"line":244,"column":null}},"135":{"start":{"line":243,"column":3},"end":{"line":243,"column":null}},"136":{"start":{"line":247,"column":1},"end":{"line":260,"column":null}},"137":{"start":{"line":248,"column":2},"end":{"line":256,"column":null}},"138":{"start":{"line":249,"column":3},"end":{"line":255,"column":null}},"139":{"start":{"line":250,"column":4},"end":{"line":254,"column":null}},"140":{"start":{"line":257,"column":2},"end":{"line":259,"column":null}},"141":{"start":{"line":258,"column":3},"end":{"line":258,"column":null}},"142":{"start":{"line":264,"column":1},"end":{"line":275,"column":null}},"143":{"start":{"line":265,"column":2},"end":{"line":271,"column":null}},"144":{"start":{"line":266,"column":3},"end":{"line":270,"column":null}},"145":{"start":{"line":267,"column":4},"end":{"line":267,"column":null}},"146":{"start":{"line":268,"column":4},"end":{"line":268,"column":null}},"147":{"start":{"line":269,"column":4},"end":{"line":269,"column":null}},"148":{"start":{"line":272,"column":2},"end":{"line":274,"column":null}},"149":{"start":{"line":273,"column":3},"end":{"line":273,"column":null}},"150":{"start":{"line":277,"column":1},"end":{"line":288,"column":null}},"151":{"start":{"line":278,"column":2},"end":{"line":284,"column":null}},"152":{"start":{"line":279,"column":3},"end":{"line":279,"column":null}},"153":{"start":{"line":280,"column":3},"end":{"line":280,"column":null}},"154":{"start":{"line":281,"column":3},"end":{"line":281,"column":null}},"155":{"start":{"line":282,"column":3},"end":{"line":282,"column":null}},"156":{"start":{"line":283,"column":3},"end":{"line":283,"column":null}},"157":{"start":{"line":285,"column":2},"end":{"line":287,"column":null}},"158":{"start":{"line":286,"column":3},"end":{"line":286,"column":null}},"159":{"start":{"line":290,"column":1},"end":{"line":310,"column":null}},"160":{"start":{"line":291,"column":2},"end":{"line":306,"column":null}},"161":{"start":{"line":292,"column":3},"end":{"line":305,"column":null}},"162":{"start":{"line":293,"column":4},"end":{"line":293,"column":null}},"163":{"start":{"line":294,"column":4},"end":{"line":294,"column":null}},"164":{"start":{"line":295,"column":4},"end":{"line":295,"column":null}},"165":{"start":{"line":296,"column":4},"end":{"line":296,"column":null}},"166":{"start":{"line":297,"column":4},"end":{"line":297,"column":null}},"167":{"start":{"line":298,"column":4},"end":{"line":298,"column":null}},"168":{"start":{"line":299,"column":4},"end":{"line":301,"column":null}},"169":{"start":{"line":300,"column":5},"end":{"line":300,"column":null}},"170":{"start":{"line":302,"column":4},"end":{"line":304,"column":null}},"171":{"start":{"line":303,"column":5},"end":{"line":303,"column":null}},"172":{"start":{"line":307,"column":2},"end":{"line":309,"column":null}},"173":{"start":{"line":308,"column":3},"end":{"line":308,"column":null}},"174":{"start":{"line":312,"column":1},"end":{"line":334,"column":null}},"175":{"start":{"line":313,"column":2},"end":{"line":330,"column":null}},"176":{"start":{"line":314,"column":3},"end":{"line":329,"column":null}},"177":{"start":{"line":315,"column":4},"end":{"line":315,"column":null}},"178":{"start":{"line":316,"column":4},"end":{"line":316,"column":null}},"179":{"start":{"line":317,"column":4},"end":{"line":319,"column":null}},"180":{"start":{"line":318,"column":5},"end":{"line":318,"column":null}},"181":{"start":{"line":320,"column":4},"end":{"line":322,"column":null}},"182":{"start":{"line":321,"column":5},"end":{"line":321,"column":null}},"183":{"start":{"line":323,"column":4},"end":{"line":325,"column":null}},"184":{"start":{"line":324,"column":5},"end":{"line":324,"column":null}},"185":{"start":{"line":326,"column":4},"end":{"line":326,"column":null}},"186":{"start":{"line":327,"column":4},"end":{"line":327,"column":null}},"187":{"start":{"line":328,"column":4},"end":{"line":328,"column":null}},"188":{"start":{"line":331,"column":2},"end":{"line":333,"column":null}},"189":{"start":{"line":332,"column":3},"end":{"line":332,"column":null}},"190":{"start":{"line":336,"column":1},"end":{"line":344,"column":null}},"191":{"start":{"line":337,"column":2},"end":{"line":340,"column":null}},"192":{"start":{"line":338,"column":3},"end":{"line":338,"column":null}},"193":{"start":{"line":339,"column":3},"end":{"line":339,"column":null}},"194":{"start":{"line":341,"column":2},"end":{"line":343,"column":null}},"195":{"start":{"line":342,"column":3},"end":{"line":342,"column":null}},"196":{"start":{"line":346,"column":1},"end":{"line":358,"column":null}},"197":{"start":{"line":347,"column":2},"end":{"line":354,"column":null}},"198":{"start":{"line":348,"column":3},"end":{"line":352,"column":null}},"199":{"start":{"line":353,"column":3},"end":{"line":353,"column":null}},"200":{"start":{"line":355,"column":2},"end":{"line":357,"column":null}},"201":{"start":{"line":356,"column":3},"end":{"line":356,"column":null}},"202":{"start":{"line":362,"column":1},"end":{"line":371,"column":null}},"203":{"start":{"line":363,"column":2},"end":{"line":367,"column":null}},"204":{"start":{"line":364,"column":3},"end":{"line":366,"column":null}},"205":{"start":{"line":365,"column":4},"end":{"line":365,"column":null}},"206":{"start":{"line":368,"column":2},"end":{"line":370,"column":null}},"207":{"start":{"line":369,"column":3},"end":{"line":369,"column":null}},"208":{"start":{"line":373,"column":1},"end":{"line":379,"column":null}},"209":{"start":{"line":374,"column":2},"end":{"line":374,"column":null}},"210":{"start":{"line":374,"column":60},"end":{"line":374,"column":null}},"211":{"start":{"line":375,"column":16},"end":{"line":377,"column":null}},"212":{"start":{"line":376,"column":3},"end":{"line":376,"column":null}},"213":{"start":{"line":376,"column":35},"end":{"line":376,"column":67}},"214":{"start":{"line":378,"column":2},"end":{"line":378,"column":null}},"215":{"start":{"line":378,"column":15},"end":{"line":378,"column":null}},"216":{"start":{"line":381,"column":1},"end":{"line":398,"column":null}},"217":{"start":{"line":382,"column":2},"end":{"line":394,"column":null}},"218":{"start":{"line":383,"column":3},"end":{"line":393,"column":null}},"219":{"start":{"line":384,"column":4},"end":{"line":388,"column":null}},"220":{"start":{"line":389,"column":4},"end":{"line":389,"column":null}},"221":{"start":{"line":390,"column":4},"end":{"line":390,"column":null}},"222":{"start":{"line":391,"column":4},"end":{"line":391,"column":null}},"223":{"start":{"line":392,"column":4},"end":{"line":392,"column":null}},"224":{"start":{"line":395,"column":2},"end":{"line":397,"column":null}},"225":{"start":{"line":396,"column":3},"end":{"line":396,"column":null}},"226":{"start":{"line":400,"column":1},"end":{"line":412,"column":null}},"227":{"start":{"line":401,"column":2},"end":{"line":408,"column":null}},"228":{"start":{"line":402,"column":3},"end":{"line":407,"column":null}},"229":{"start":{"line":403,"column":4},"end":{"line":403,"column":null}},"230":{"start":{"line":404,"column":4},"end":{"line":406,"column":null}},"231":{"start":{"line":405,"column":5},"end":{"line":405,"column":null}},"232":{"start":{"line":409,"column":2},"end":{"line":411,"column":null}},"233":{"start":{"line":410,"column":3},"end":{"line":410,"column":null}},"234":{"start":{"line":416,"column":19},"end":{"line":484,"column":null}},"235":{"start":{"line":417,"column":2},"end":{"line":482,"column":null}},"236":{"start":{"line":432,"column":6},"end":{"line":442,"column":null}},"237":{"start":{"line":456,"column":22},"end":{"line":456,"column":null}},"238":{"start":{"line":488,"column":1},"end":{"line":494,"column":null}},"239":{"start":{"line":489,"column":2},"end":{"line":492,"column":null}},"240":{"start":{"line":496,"column":1},"end":{"line":651,"column":null}},"241":{"start":{"line":554,"column":10},"end":{"line":559,"column":null}},"242":{"start":{"line":555,"column":11},"end":{"line":558,"column":null}},"243":{"start":{"line":641,"column":10},"end":{"line":643,"column":null}}},"fnMap":{"0":{"name":"GamePage","decl":{"start":{"line":16,"column":9},"end":{"line":16,"column":20}},"loc":{"start":{"line":16,"column":20},"end":{"line":653,"column":null}},"line":16},"1":{"name":"(anonymous_1)","decl":{"start":{"line":54,"column":51},"end":{"line":54,"column":57}},"loc":{"start":{"line":54,"column":57},"end":{"line":54,"column":79}},"line":54},"2":{"name":"(anonymous_2)","decl":{"start":{"line":80,"column":23},"end":{"line":80,"column":24}},"loc":{"start":{"line":80,"column":67},"end":{"line":92,"column":null}},"line":80},"3":{"name":"(anonymous_3)","decl":{"start":{"line":94,"column":30},"end":{"line":94,"column":31}},"loc":{"start":{"line":94,"column":52},"end":{"line":97,"column":null}},"line":94},"4":{"name":"(anonymous_4)","decl":{"start":{"line":99,"column":22},"end":{"line":99,"column":28}},"loc":{"start":{"line":99,"column":28},"end":{"line":115,"column":null}},"line":99},"5":{"name":"(anonymous_5)","decl":{"start":{"line":117,"column":23},"end":{"line":117,"column":29}},"loc":{"start":{"line":117,"column":29},"end":{"line":123,"column":null}},"line":117},"6":{"name":"(anonymous_6)","decl":{"start":{"line":125,"column":19},"end":{"line":125,"column":25}},"loc":{"start":{"line":125,"column":25},"end":{"line":140,"column":null}},"line":125},"7":{"name":"(anonymous_7)","decl":{"start":{"line":144,"column":11},"end":{"line":144,"column":17}},"loc":{"start":{"line":144,"column":17},"end":{"line":155,"column":4}},"line":144},"8":{"name":"(anonymous_8)","decl":{"start":{"line":158,"column":11},"end":{"line":158,"column":17}},"loc":{"start":{"line":158,"column":17},"end":{"line":167,"column":4}},"line":158},"9":{"name":"(anonymous_9)","decl":{"start":{"line":159,"column":27},"end":{"line":159,"column":28}},"loc":{"start":{"line":159,"column":37},"end":{"line":163,"column":3}},"line":159},"10":{"name":"(anonymous_10)","decl":{"start":{"line":164,"column":9},"end":{"line":164,"column":15}},"loc":{"start":{"line":164,"column":15},"end":{"line":166,"column":null}},"line":164},"11":{"name":"(anonymous_11)","decl":{"start":{"line":171,"column":11},"end":{"line":171,"column":17}},"loc":{"start":{"line":171,"column":17},"end":{"line":173,"column":2}},"line":171},"12":{"name":"(anonymous_12)","decl":{"start":{"line":176,"column":11},"end":{"line":176,"column":17}},"loc":{"start":{"line":176,"column":17},"end":{"line":180,"column":4}},"line":176},"13":{"name":"(anonymous_13)","decl":{"start":{"line":183,"column":11},"end":{"line":183,"column":17}},"loc":{"start":{"line":183,"column":17},"end":{"line":190,"column":4}},"line":183},"14":{"name":"(anonymous_14)","decl":{"start":{"line":184,"column":9},"end":{"line":184,"column":15}},"loc":{"start":{"line":184,"column":15},"end":{"line":189,"column":null}},"line":184},"15":{"name":"(anonymous_15)","decl":{"start":{"line":194,"column":11},"end":{"line":194,"column":17}},"loc":{"start":{"line":194,"column":17},"end":{"line":203,"column":4}},"line":194},"16":{"name":"(anonymous_16)","decl":{"start":{"line":195,"column":28},"end":{"line":195,"column":29}},"loc":{"start":{"line":195,"column":38},"end":{"line":199,"column":3}},"line":195},"17":{"name":"(anonymous_17)","decl":{"start":{"line":200,"column":9},"end":{"line":200,"column":15}},"loc":{"start":{"line":200,"column":15},"end":{"line":202,"column":null}},"line":200},"18":{"name":"(anonymous_18)","decl":{"start":{"line":205,"column":11},"end":{"line":205,"column":17}},"loc":{"start":{"line":205,"column":17},"end":{"line":219,"column":4}},"line":205},"19":{"name":"(anonymous_19)","decl":{"start":{"line":206,"column":33},"end":{"line":206,"column":34}},"loc":{"start":{"line":206,"column":43},"end":{"line":215,"column":3}},"line":206},"20":{"name":"(anonymous_20)","decl":{"start":{"line":216,"column":9},"end":{"line":216,"column":15}},"loc":{"start":{"line":216,"column":15},"end":{"line":218,"column":null}},"line":216},"21":{"name":"(anonymous_21)","decl":{"start":{"line":221,"column":11},"end":{"line":221,"column":17}},"loc":{"start":{"line":221,"column":17},"end":{"line":234,"column":4}},"line":221},"22":{"name":"(anonymous_22)","decl":{"start":{"line":222,"column":36},"end":{"line":222,"column":37}},"loc":{"start":{"line":222,"column":46},"end":{"line":230,"column":3}},"line":222},"23":{"name":"(anonymous_23)","decl":{"start":{"line":231,"column":9},"end":{"line":231,"column":15}},"loc":{"start":{"line":231,"column":15},"end":{"line":233,"column":null}},"line":231},"24":{"name":"(anonymous_24)","decl":{"start":{"line":236,"column":11},"end":{"line":236,"column":17}},"loc":{"start":{"line":236,"column":17},"end":{"line":245,"column":4}},"line":236},"25":{"name":"(anonymous_25)","decl":{"start":{"line":237,"column":34},"end":{"line":237,"column":35}},"loc":{"start":{"line":237,"column":44},"end":{"line":241,"column":3}},"line":237},"26":{"name":"(anonymous_26)","decl":{"start":{"line":242,"column":9},"end":{"line":242,"column":15}},"loc":{"start":{"line":242,"column":15},"end":{"line":244,"column":null}},"line":242},"27":{"name":"(anonymous_27)","decl":{"start":{"line":247,"column":11},"end":{"line":247,"column":17}},"loc":{"start":{"line":247,"column":17},"end":{"line":260,"column":4}},"line":247},"28":{"name":"(anonymous_28)","decl":{"start":{"line":248,"column":34},"end":{"line":248,"column":35}},"loc":{"start":{"line":248,"column":44},"end":{"line":256,"column":3}},"line":248},"29":{"name":"(anonymous_29)","decl":{"start":{"line":257,"column":9},"end":{"line":257,"column":15}},"loc":{"start":{"line":257,"column":15},"end":{"line":259,"column":null}},"line":257},"30":{"name":"(anonymous_30)","decl":{"start":{"line":264,"column":11},"end":{"line":264,"column":17}},"loc":{"start":{"line":264,"column":17},"end":{"line":275,"column":4}},"line":264},"31":{"name":"(anonymous_31)","decl":{"start":{"line":265,"column":26},"end":{"line":265,"column":27}},"loc":{"start":{"line":265,"column":36},"end":{"line":271,"column":3}},"line":265},"32":{"name":"(anonymous_32)","decl":{"start":{"line":272,"column":9},"end":{"line":272,"column":15}},"loc":{"start":{"line":272,"column":15},"end":{"line":274,"column":null}},"line":272},"33":{"name":"(anonymous_33)","decl":{"start":{"line":277,"column":11},"end":{"line":277,"column":17}},"loc":{"start":{"line":277,"column":17},"end":{"line":288,"column":4}},"line":277},"34":{"name":"(anonymous_34)","decl":{"start":{"line":278,"column":27},"end":{"line":278,"column":28}},"loc":{"start":{"line":278,"column":37},"end":{"line":284,"column":3}},"line":278},"35":{"name":"(anonymous_35)","decl":{"start":{"line":285,"column":9},"end":{"line":285,"column":15}},"loc":{"start":{"line":285,"column":15},"end":{"line":287,"column":null}},"line":285},"36":{"name":"(anonymous_36)","decl":{"start":{"line":290,"column":11},"end":{"line":290,"column":17}},"loc":{"start":{"line":290,"column":17},"end":{"line":310,"column":4}},"line":290},"37":{"name":"(anonymous_37)","decl":{"start":{"line":291,"column":23},"end":{"line":291,"column":24}},"loc":{"start":{"line":291,"column":33},"end":{"line":306,"column":3}},"line":291},"38":{"name":"(anonymous_38)","decl":{"start":{"line":307,"column":9},"end":{"line":307,"column":15}},"loc":{"start":{"line":307,"column":15},"end":{"line":309,"column":null}},"line":307},"39":{"name":"(anonymous_39)","decl":{"start":{"line":312,"column":11},"end":{"line":312,"column":17}},"loc":{"start":{"line":312,"column":17},"end":{"line":334,"column":4}},"line":312},"40":{"name":"(anonymous_40)","decl":{"start":{"line":313,"column":24},"end":{"line":313,"column":25}},"loc":{"start":{"line":313,"column":34},"end":{"line":330,"column":3}},"line":313},"41":{"name":"(anonymous_41)","decl":{"start":{"line":331,"column":9},"end":{"line":331,"column":15}},"loc":{"start":{"line":331,"column":15},"end":{"line":333,"column":null}},"line":331},"42":{"name":"(anonymous_42)","decl":{"start":{"line":336,"column":11},"end":{"line":336,"column":17}},"loc":{"start":{"line":336,"column":17},"end":{"line":344,"column":4}},"line":336},"43":{"name":"(anonymous_43)","decl":{"start":{"line":337,"column":23},"end":{"line":337,"column":29}},"loc":{"start":{"line":337,"column":29},"end":{"line":340,"column":3}},"line":337},"44":{"name":"(anonymous_44)","decl":{"start":{"line":341,"column":9},"end":{"line":341,"column":15}},"loc":{"start":{"line":341,"column":15},"end":{"line":343,"column":null}},"line":341},"45":{"name":"(anonymous_45)","decl":{"start":{"line":346,"column":11},"end":{"line":346,"column":17}},"loc":{"start":{"line":346,"column":17},"end":{"line":358,"column":4}},"line":346},"46":{"name":"(anonymous_46)","decl":{"start":{"line":347,"column":34},"end":{"line":347,"column":35}},"loc":{"start":{"line":347,"column":44},"end":{"line":354,"column":3}},"line":347},"47":{"name":"(anonymous_47)","decl":{"start":{"line":355,"column":9},"end":{"line":355,"column":15}},"loc":{"start":{"line":355,"column":15},"end":{"line":357,"column":null}},"line":355},"48":{"name":"(anonymous_48)","decl":{"start":{"line":362,"column":11},"end":{"line":362,"column":17}},"loc":{"start":{"line":362,"column":17},"end":{"line":371,"column":4}},"line":362},"49":{"name":"(anonymous_49)","decl":{"start":{"line":363,"column":35},"end":{"line":363,"column":36}},"loc":{"start":{"line":363,"column":45},"end":{"line":367,"column":3}},"line":363},"50":{"name":"(anonymous_50)","decl":{"start":{"line":368,"column":9},"end":{"line":368,"column":15}},"loc":{"start":{"line":368,"column":15},"end":{"line":370,"column":null}},"line":368},"51":{"name":"(anonymous_51)","decl":{"start":{"line":373,"column":11},"end":{"line":373,"column":17}},"loc":{"start":{"line":373,"column":17},"end":{"line":379,"column":4}},"line":373},"52":{"name":"(anonymous_52)","decl":{"start":{"line":375,"column":27},"end":{"line":375,"column":33}},"loc":{"start":{"line":375,"column":33},"end":{"line":377,"column":5}},"line":375},"53":{"name":"(anonymous_53)","decl":{"start":{"line":376,"column":24},"end":{"line":376,"column":25}},"loc":{"start":{"line":376,"column":35},"end":{"line":376,"column":67}},"line":376},"54":{"name":"(anonymous_54)","decl":{"start":{"line":378,"column":9},"end":{"line":378,"column":15}},"loc":{"start":{"line":378,"column":15},"end":{"line":378,"column":null}},"line":378},"55":{"name":"(anonymous_55)","decl":{"start":{"line":381,"column":11},"end":{"line":381,"column":17}},"loc":{"start":{"line":381,"column":17},"end":{"line":398,"column":4}},"line":381},"56":{"name":"(anonymous_56)","decl":{"start":{"line":382,"column":33},"end":{"line":382,"column":34}},"loc":{"start":{"line":382,"column":43},"end":{"line":394,"column":3}},"line":382},"57":{"name":"(anonymous_57)","decl":{"start":{"line":395,"column":9},"end":{"line":395,"column":15}},"loc":{"start":{"line":395,"column":15},"end":{"line":397,"column":null}},"line":395},"58":{"name":"(anonymous_58)","decl":{"start":{"line":400,"column":11},"end":{"line":400,"column":17}},"loc":{"start":{"line":400,"column":17},"end":{"line":412,"column":4}},"line":400},"59":{"name":"(anonymous_59)","decl":{"start":{"line":401,"column":37},"end":{"line":401,"column":38}},"loc":{"start":{"line":401,"column":47},"end":{"line":408,"column":3}},"line":401},"60":{"name":"(anonymous_60)","decl":{"start":{"line":409,"column":9},"end":{"line":409,"column":15}},"loc":{"start":{"line":409,"column":15},"end":{"line":411,"column":null}},"line":409},"61":{"name":"(anonymous_61)","decl":{"start":{"line":416,"column":19},"end":{"line":416,"column":25}},"loc":{"start":{"line":416,"column":25},"end":{"line":484,"column":null}},"line":416},"62":{"name":"(anonymous_62)","decl":{"start":{"line":431,"column":18},"end":{"line":431,"column":19}},"loc":{"start":{"line":432,"column":6},"end":{"line":442,"column":null}},"line":432},"63":{"name":"(anonymous_63)","decl":{"start":{"line":456,"column":16},"end":{"line":456,"column":22}},"loc":{"start":{"line":456,"column":22},"end":{"line":456,"column":null}},"line":456},"64":{"name":"(anonymous_64)","decl":{"start":{"line":553,"column":19},"end":{"line":553,"column":20}},"loc":{"start":{"line":554,"column":10},"end":{"line":559,"column":null}},"line":554},"65":{"name":"(anonymous_65)","decl":{"start":{"line":554,"column":18},"end":{"line":554,"column":19}},"loc":{"start":{"line":555,"column":11},"end":{"line":558,"column":null}},"line":555},"66":{"name":"(anonymous_66)","decl":{"start":{"line":640,"column":64},"end":{"line":640,"column":65}},"loc":{"start":{"line":641,"column":10},"end":{"line":643,"column":null}},"line":641}},"branchMap":{"0":{"loc":{"start":{"line":20,"column":1},"end":{"line":22,"column":null}},"type":"if","locations":[{"start":{"line":20,"column":1},"end":{"line":22,"column":null}},{"start":{},"end":{}}],"line":20},"1":{"loc":{"start":{"line":32,"column":70},"end":{"line":32,"column":103}},"type":"cond-expr","locations":[{"start":{"line":32,"column":84},"end":{"line":32,"column":96}},{"start":{"line":32,"column":96},"end":{"line":32,"column":103}}],"line":32},"2":{"loc":{"start":{"line":42,"column":22},"end":{"line":42,"column":null}},"type":"binary-expr","locations":[{"start":{"line":42,"column":22},"end":{"line":42,"column":37}},{"start":{"line":42,"column":37},"end":{"line":42,"column":null}}],"line":42},"3":{"loc":{"start":{"line":43,"column":16},"end":{"line":43,"column":null}},"type":"binary-expr","locations":[{"start":{"line":43,"column":16},"end":{"line":43,"column":31}},{"start":{"line":43,"column":31},"end":{"line":43,"column":null}}],"line":43},"4":{"loc":{"start":{"line":81,"column":2},"end":{"line":91,"column":null}},"type":"if","locations":[{"start":{"line":81,"column":2},"end":{"line":91,"column":null}},{"start":{"line":83,"column":2},"end":{"line":91,"column":null}}],"line":81},"5":{"loc":{"start":{"line":83,"column":2},"end":{"line":91,"column":null}},"type":"if","locations":[{"start":{"line":83,"column":2},"end":{"line":91,"column":null}},{"start":{"line":85,"column":2},"end":{"line":91,"column":null}}],"line":83},"6":{"loc":{"start":{"line":85,"column":2},"end":{"line":91,"column":null}},"type":"if","locations":[{"start":{"line":85,"column":2},"end":{"line":91,"column":null}},{"start":{"line":87,"column":2},"end":{"line":91,"column":null}}],"line":85},"7":{"loc":{"start":{"line":87,"column":2},"end":{"line":91,"column":null}},"type":"if","locations":[{"start":{"line":87,"column":2},"end":{"line":91,"column":null}},{"start":{"line":89,"column":2},"end":{"line":91,"column":null}}],"line":87},"8":{"loc":{"start":{"line":89,"column":2},"end":{"line":91,"column":null}},"type":"if","locations":[{"start":{"line":89,"column":2},"end":{"line":91,"column":null}},{"start":{},"end":{}}],"line":89},"9":{"loc":{"start":{"line":100,"column":2},"end":{"line":110,"column":null}},"type":"if","locations":[{"start":{"line":100,"column":2},"end":{"line":110,"column":null}},{"start":{"line":104,"column":9},"end":{"line":110,"column":null}}],"line":100},"10":{"loc":{"start":{"line":101,"column":3},"end":{"line":103,"column":null}},"type":"if","locations":[{"start":{"line":101,"column":3},"end":{"line":103,"column":null}},{"start":{},"end":{}}],"line":101},"11":{"loc":{"start":{"line":105,"column":3},"end":{"line":109,"column":null}},"type":"if","locations":[{"start":{"line":105,"column":3},"end":{"line":109,"column":null}},{"start":{"line":107,"column":10},"end":{"line":109,"column":null}}],"line":105},"12":{"loc":{"start":{"line":126,"column":2},"end":{"line":139,"column":null}},"type":"if","locations":[{"start":{"line":126,"column":2},"end":{"line":139,"column":null}},{"start":{"line":130,"column":2},"end":{"line":139,"column":null}}],"line":126},"13":{"loc":{"start":{"line":130,"column":2},"end":{"line":139,"column":null}},"type":"if","locations":[{"start":{"line":130,"column":2},"end":{"line":139,"column":null}},{"start":{"line":134,"column":2},"end":{"line":139,"column":null}}],"line":130},"14":{"loc":{"start":{"line":134,"column":2},"end":{"line":139,"column":null}},"type":"if","locations":[{"start":{"line":134,"column":2},"end":{"line":139,"column":null}},{"start":{},"end":{}}],"line":134},"15":{"loc":{"start":{"line":135,"column":49},"end":{"line":135,"column":102}},"type":"binary-expr","locations":[{"start":{"line":135,"column":49},"end":{"line":135,"column":70}},{"start":{"line":135,"column":70},"end":{"line":135,"column":102}}],"line":135},"16":{"loc":{"start":{"line":145,"column":2},"end":{"line":154,"column":null}},"type":"if","locations":[{"start":{"line":145,"column":2},"end":{"line":154,"column":null}},{"start":{},"end":{}}],"line":145},"17":{"loc":{"start":{"line":149,"column":21},"end":{"line":149,"column":null}},"type":"binary-expr","locations":[{"start":{"line":149,"column":21},"end":{"line":149,"column":42}},{"start":{"line":149,"column":42},"end":{"line":149,"column":56}},{"start":{"line":149,"column":56},"end":{"line":149,"column":null}}],"line":149},"18":{"loc":{"start":{"line":151,"column":36},"end":{"line":151,"column":60}},"type":"binary-expr","locations":[{"start":{"line":151,"column":36},"end":{"line":151,"column":50}},{"start":{"line":151,"column":50},"end":{"line":151,"column":60}}],"line":151},"19":{"loc":{"start":{"line":177,"column":2},"end":{"line":179,"column":null}},"type":"if","locations":[{"start":{"line":177,"column":2},"end":{"line":179,"column":null}},{"start":{},"end":{}}],"line":177},"20":{"loc":{"start":{"line":177,"column":6},"end":{"line":177,"column":48}},"type":"binary-expr","locations":[{"start":{"line":177,"column":6},"end":{"line":177,"column":22}},{"start":{"line":177,"column":22},"end":{"line":177,"column":32}},{"start":{"line":177,"column":32},"end":{"line":177,"column":40}},{"start":{"line":177,"column":40},"end":{"line":177,"column":48}}],"line":177},"21":{"loc":{"start":{"line":186,"column":3},"end":{"line":188,"column":null}},"type":"if","locations":[{"start":{"line":186,"column":3},"end":{"line":188,"column":null}},{"start":{},"end":{}}],"line":186},"22":{"loc":{"start":{"line":186,"column":7},"end":{"line":186,"column":31}},"type":"binary-expr","locations":[{"start":{"line":186,"column":7},"end":{"line":186,"column":18}},{"start":{"line":186,"column":18},"end":{"line":186,"column":23}},{"start":{"line":186,"column":23},"end":{"line":186,"column":28}},{"start":{"line":186,"column":28},"end":{"line":186,"column":31}}],"line":186},"23":{"loc":{"start":{"line":196,"column":3},"end":{"line":198,"column":null}},"type":"if","locations":[{"start":{"line":196,"column":3},"end":{"line":198,"column":null}},{"start":{},"end":{}}],"line":196},"24":{"loc":{"start":{"line":207,"column":3},"end":{"line":214,"column":null}},"type":"if","locations":[{"start":{"line":207,"column":3},"end":{"line":214,"column":null}},{"start":{},"end":{}}],"line":207},"25":{"loc":{"start":{"line":208,"column":4},"end":{"line":212,"column":null}},"type":"if","locations":[{"start":{"line":208,"column":4},"end":{"line":212,"column":null}},{"start":{"line":210,"column":4},"end":{"line":212,"column":null}}],"line":208},"26":{"loc":{"start":{"line":210,"column":4},"end":{"line":212,"column":null}},"type":"if","locations":[{"start":{"line":210,"column":4},"end":{"line":212,"column":null}},{"start":{},"end":{}}],"line":210},"27":{"loc":{"start":{"line":223,"column":3},"end":{"line":229,"column":null}},"type":"if","locations":[{"start":{"line":223,"column":3},"end":{"line":229,"column":null}},{"start":{},"end":{}}],"line":223},"28":{"loc":{"start":{"line":226,"column":4},"end":{"line":228,"column":null}},"type":"if","locations":[{"start":{"line":226,"column":4},"end":{"line":228,"column":null}},{"start":{},"end":{}}],"line":226},"29":{"loc":{"start":{"line":226,"column":8},"end":{"line":226,"column":70}},"type":"binary-expr","locations":[{"start":{"line":226,"column":8},"end":{"line":226,"column":27}},{"start":{"line":226,"column":27},"end":{"line":226,"column":51}},{"start":{"line":226,"column":51},"end":{"line":226,"column":70}}],"line":226},"30":{"loc":{"start":{"line":238,"column":3},"end":{"line":240,"column":null}},"type":"if","locations":[{"start":{"line":238,"column":3},"end":{"line":240,"column":null}},{"start":{},"end":{}}],"line":238},"31":{"loc":{"start":{"line":249,"column":3},"end":{"line":255,"column":null}},"type":"if","locations":[{"start":{"line":249,"column":3},"end":{"line":255,"column":null}},{"start":{},"end":{}}],"line":249},"32":{"loc":{"start":{"line":251,"column":31},"end":{"line":251,"column":null}},"type":"binary-expr","locations":[{"start":{"line":251,"column":31},"end":{"line":251,"column":46}},{"start":{"line":251,"column":46},"end":{"line":251,"column":null}}],"line":251},"33":{"loc":{"start":{"line":266,"column":3},"end":{"line":270,"column":null}},"type":"if","locations":[{"start":{"line":266,"column":3},"end":{"line":270,"column":null}},{"start":{},"end":{}}],"line":266},"34":{"loc":{"start":{"line":269,"column":17},"end":{"line":269,"column":65}},"type":"cond-expr","locations":[{"start":{"line":269,"column":42},"end":{"line":269,"column":49}},{"start":{"line":269,"column":49},"end":{"line":269,"column":65}}],"line":269},"35":{"loc":{"start":{"line":283,"column":16},"end":{"line":283,"column":55}},"type":"cond-expr","locations":[{"start":{"line":283,"column":43},"end":{"line":283,"column":50}},{"start":{"line":283,"column":50},"end":{"line":283,"column":55}}],"line":283},"36":{"loc":{"start":{"line":292,"column":3},"end":{"line":305,"column":null}},"type":"if","locations":[{"start":{"line":292,"column":3},"end":{"line":305,"column":null}},{"start":{},"end":{}}],"line":292},"37":{"loc":{"start":{"line":297,"column":17},"end":{"line":297,"column":56}},"type":"cond-expr","locations":[{"start":{"line":297,"column":44},"end":{"line":297,"column":51}},{"start":{"line":297,"column":51},"end":{"line":297,"column":56}}],"line":297},"38":{"loc":{"start":{"line":299,"column":4},"end":{"line":301,"column":null}},"type":"if","locations":[{"start":{"line":299,"column":4},"end":{"line":301,"column":null}},{"start":{},"end":{}}],"line":299},"39":{"loc":{"start":{"line":302,"column":4},"end":{"line":304,"column":null}},"type":"if","locations":[{"start":{"line":302,"column":4},"end":{"line":304,"column":null}},{"start":{},"end":{}}],"line":302},"40":{"loc":{"start":{"line":314,"column":3},"end":{"line":329,"column":null}},"type":"if","locations":[{"start":{"line":314,"column":3},"end":{"line":329,"column":null}},{"start":{},"end":{}}],"line":314},"41":{"loc":{"start":{"line":316,"column":17},"end":{"line":316,"column":56}},"type":"cond-expr","locations":[{"start":{"line":316,"column":44},"end":{"line":316,"column":51}},{"start":{"line":316,"column":51},"end":{"line":316,"column":56}}],"line":316},"42":{"loc":{"start":{"line":317,"column":4},"end":{"line":319,"column":null}},"type":"if","locations":[{"start":{"line":317,"column":4},"end":{"line":319,"column":null}},{"start":{},"end":{}}],"line":317},"43":{"loc":{"start":{"line":320,"column":4},"end":{"line":322,"column":null}},"type":"if","locations":[{"start":{"line":320,"column":4},"end":{"line":322,"column":null}},{"start":{},"end":{}}],"line":320},"44":{"loc":{"start":{"line":323,"column":4},"end":{"line":325,"column":null}},"type":"if","locations":[{"start":{"line":323,"column":4},"end":{"line":325,"column":null}},{"start":{},"end":{}}],"line":323},"45":{"loc":{"start":{"line":349,"column":10},"end":{"line":349,"column":null}},"type":"binary-expr","locations":[{"start":{"line":349,"column":10},"end":{"line":349,"column":26}},{"start":{"line":349,"column":26},"end":{"line":349,"column":null}}],"line":349},"46":{"loc":{"start":{"line":364,"column":3},"end":{"line":366,"column":null}},"type":"if","locations":[{"start":{"line":364,"column":3},"end":{"line":366,"column":null}},{"start":{},"end":{}}],"line":364},"47":{"loc":{"start":{"line":374,"column":2},"end":{"line":374,"column":null}},"type":"if","locations":[{"start":{"line":374,"column":2},"end":{"line":374,"column":null}},{"start":{},"end":{}}],"line":374},"48":{"loc":{"start":{"line":374,"column":6},"end":{"line":374,"column":60}},"type":"binary-expr","locations":[{"start":{"line":374,"column":6},"end":{"line":374,"column":36}},{"start":{"line":374,"column":36},"end":{"line":374,"column":60}}],"line":374},"49":{"loc":{"start":{"line":376,"column":35},"end":{"line":376,"column":67}},"type":"cond-expr","locations":[{"start":{"line":376,"column":51},"end":{"line":376,"column":62}},{"start":{"line":376,"column":62},"end":{"line":376,"column":67}}],"line":376},"50":{"loc":{"start":{"line":383,"column":3},"end":{"line":393,"column":null}},"type":"if","locations":[{"start":{"line":383,"column":3},"end":{"line":393,"column":null}},{"start":{},"end":{}}],"line":383},"51":{"loc":{"start":{"line":402,"column":3},"end":{"line":407,"column":null}},"type":"if","locations":[{"start":{"line":402,"column":3},"end":{"line":407,"column":null}},{"start":{},"end":{}}],"line":402},"52":{"loc":{"start":{"line":404,"column":4},"end":{"line":406,"column":null}},"type":"if","locations":[{"start":{"line":404,"column":4},"end":{"line":406,"column":null}},{"start":{},"end":{}}],"line":404},"53":{"loc":{"start":{"line":427,"column":30},"end":{"line":427,"column":62}},"type":"cond-expr","locations":[{"start":{"line":427,"column":53},"end":{"line":427,"column":59}},{"start":{"line":427,"column":59},"end":{"line":427,"column":62}}],"line":427},"54":{"loc":{"start":{"line":437,"column":9},"end":{"line":440,"column":null}},"type":"binary-expr","locations":[{"start":{"line":437,"column":9},"end":{"line":437,"column":null}},{"start":{"line":438,"column":9},"end":{"line":440,"column":null}}],"line":437},"55":{"loc":{"start":{"line":446,"column":6},"end":{"line":465,"column":null}},"type":"cond-expr","locations":[{"start":{"line":447,"column":6},"end":{"line":460,"column":null}},{"start":{"line":462,"column":6},"end":{"line":465,"column":null}}],"line":446},"56":{"loc":{"start":{"line":448,"column":89},"end":{"line":448,"column":223}},"type":"cond-expr","locations":[{"start":{"line":448,"column":110},"end":{"line":448,"column":159}},{"start":{"line":448,"column":159},"end":{"line":448,"column":223}}],"line":448},"57":{"loc":{"start":{"line":449,"column":14},"end":{"line":455,"column":null}},"type":"cond-expr","locations":[{"start":{"line":449,"column":35},"end":{"line":449,"column":40}},{"start":{"line":449,"column":40},"end":{"line":455,"column":null}}],"line":449},"58":{"loc":{"start":{"line":457,"column":17},"end":{"line":457,"column":null}},"type":"binary-expr","locations":[{"start":{"line":457,"column":17},"end":{"line":457,"column":39}},{"start":{"line":457,"column":39},"end":{"line":457,"column":null}}],"line":457},"59":{"loc":{"start":{"line":459,"column":8},"end":{"line":459,"column":null}},"type":"cond-expr","locations":[{"start":{"line":459,"column":37},"end":{"line":459,"column":66}},{"start":{"line":459,"column":66},"end":{"line":459,"column":null}}],"line":459},"60":{"loc":{"start":{"line":459,"column":66},"end":{"line":459,"column":null}},"type":"cond-expr","locations":[{"start":{"line":459,"column":87},"end":{"line":459,"column":114}},{"start":{"line":459,"column":114},"end":{"line":459,"column":null}}],"line":459},"61":{"loc":{"start":{"line":488,"column":1},"end":{"line":494,"column":null}},"type":"if","locations":[{"start":{"line":488,"column":1},"end":{"line":494,"column":null}},{"start":{},"end":{}}],"line":488},"62":{"loc":{"start":{"line":498,"column":4},"end":{"line":649,"column":null}},"type":"cond-expr","locations":[{"start":{"line":499,"column":4},"end":{"line":507,"column":null}},{"start":{"line":509,"column":4},"end":{"line":649,"column":null}}],"line":498},"63":{"loc":{"start":{"line":510,"column":6},"end":{"line":519,"column":null}},"type":"binary-expr","locations":[{"start":{"line":510,"column":6},"end":{"line":510,"column":19}},{"start":{"line":510,"column":19},"end":{"line":510,"column":31}},{"start":{"line":510,"column":31},"end":{"line":510,"column":54}},{"start":{"line":510,"column":54},"end":{"line":519,"column":null}}],"line":510},"64":{"loc":{"start":{"line":520,"column":6},"end":{"line":529,"column":null}},"type":"binary-expr","locations":[{"start":{"line":520,"column":6},"end":{"line":520,"column":19}},{"start":{"line":520,"column":19},"end":{"line":520,"column":31}},{"start":{"line":520,"column":31},"end":{"line":520,"column":54}},{"start":{"line":520,"column":54},"end":{"line":529,"column":null}}],"line":520},"65":{"loc":{"start":{"line":534,"column":10},"end":{"line":540,"column":null}},"type":"binary-expr","locations":[{"start":{"line":534,"column":10},"end":{"line":534,"column":null}},{"start":{"line":535,"column":10},"end":{"line":540,"column":null}}],"line":534},"66":{"loc":{"start":{"line":562,"column":9},"end":{"line":571,"column":null}},"type":"binary-expr","locations":[{"start":{"line":562,"column":9},"end":{"line":562,"column":null}},{"start":{"line":563,"column":9},"end":{"line":571,"column":null}}],"line":562},"67":{"loc":{"start":{"line":573,"column":9},"end":{"line":630,"column":null}},"type":"binary-expr","locations":[{"start":{"line":573,"column":9},"end":{"line":573,"column":null}},{"start":{"line":574,"column":9},"end":{"line":630,"column":null}}],"line":573},"68":{"loc":{"start":{"line":577,"column":13},"end":{"line":577,"column":null}},"type":"cond-expr","locations":[{"start":{"line":577,"column":22},"end":{"line":577,"column":34}},{"start":{"line":577,"column":34},"end":{"line":577,"column":null}}],"line":577},"69":{"loc":{"start":{"line":579,"column":12},"end":{"line":592,"column":null}},"type":"binary-expr","locations":[{"start":{"line":579,"column":12},"end":{"line":579,"column":null}},{"start":{"line":580,"column":12},"end":{"line":592,"column":null}}],"line":579},"70":{"loc":{"start":{"line":585,"column":14},"end":{"line":586,"column":null}},"type":"binary-expr","locations":[{"start":{"line":585,"column":14},"end":{"line":585,"column":36}},{"start":{"line":585,"column":36},"end":{"line":585,"column":null}},{"start":{"line":586,"column":14},"end":{"line":586,"column":null}}],"line":585},"71":{"loc":{"start":{"line":595,"column":13},"end":{"line":599,"column":null}},"type":"cond-expr","locations":[{"start":{"line":596,"column":16},"end":{"line":598,"column":null}},{"start":{"line":599,"column":15},"end":{"line":599,"column":null}}],"line":595},"72":{"loc":{"start":{"line":596,"column":16},"end":{"line":598,"column":null}},"type":"cond-expr","locations":[{"start":{"line":597,"column":16},"end":{"line":597,"column":null}},{"start":{"line":598,"column":16},"end":{"line":598,"column":null}}],"line":596},"73":{"loc":{"start":{"line":596,"column":16},"end":{"line":596,"column":null}},"type":"binary-expr","locations":[{"start":{"line":596,"column":16},"end":{"line":596,"column":46}},{"start":{"line":596,"column":46},"end":{"line":596,"column":null}}],"line":596},"74":{"loc":{"start":{"line":613,"column":14},"end":{"line":613,"column":null}},"type":"cond-expr","locations":[{"start":{"line":613,"column":33},"end":{"line":613,"column":43}},{"start":{"line":613,"column":43},"end":{"line":613,"column":null}}],"line":613},"75":{"loc":{"start":{"line":640,"column":10},"end":{"line":644,"column":null}},"type":"binary-expr","locations":[{"start":{"line":640,"column":10},"end":{"line":640,"column":24}},{"start":{"line":640,"column":24},"end":{"line":640,"column":49}},{"start":{"line":640,"column":49},"end":{"line":644,"column":null}}],"line":640}},"s":{"0":40,"1":40,"2":0,"3":40,"4":40,"5":40,"6":40,"7":40,"8":40,"9":40,"10":40,"11":40,"12":40,"13":40,"14":40,"15":40,"16":40,"17":40,"18":40,"19":40,"20":40,"21":40,"22":40,"23":40,"24":40,"25":40,"26":800,"27":40,"28":40,"29":40,"30":40,"31":40,"32":40,"33":40,"34":40,"35":40,"36":6,"37":1,"38":5,"39":1,"40":4,"41":1,"42":3,"43":1,"44":2,"45":1,"46":40,"47":12,"48":12,"49":40,"50":2,"51":0,"52":0,"53":2,"54":0,"55":2,"56":2,"57":2,"58":2,"59":2,"60":40,"61":1,"62":1,"63":1,"64":1,"65":1,"66":40,"67":1,"68":1,"69":1,"70":1,"71":0,"72":0,"73":0,"74":0,"75":0,"76":0,"77":0,"78":0,"79":0,"80":40,"81":20,"82":1,"83":1,"84":1,"85":1,"86":1,"87":40,"88":21,"89":0,"90":0,"91":0,"92":21,"93":21,"94":40,"95":40,"96":39,"97":40,"98":21,"99":20,"100":40,"101":20,"102":20,"103":20,"104":20,"105":40,"106":21,"107":0,"108":0,"109":21,"110":21,"111":40,"112":21,"113":2,"114":2,"115":1,"116":1,"117":1,"118":2,"119":21,"120":21,"121":40,"122":37,"123":1,"124":1,"125":1,"126":1,"127":0,"128":37,"129":37,"130":40,"131":21,"132":0,"133":0,"134":21,"135":21,"136":40,"137":21,"138":1,"139":1,"140":21,"141":21,"142":40,"143":21,"144":2,"145":2,"146":2,"147":2,"148":21,"149":21,"150":40,"151":21,"152":11,"153":11,"154":11,"155":11,"156":11,"157":21,"158":21,"159":40,"160":21,"161":1,"162":1,"163":1,"164":1,"165":1,"166":1,"167":1,"168":1,"169":0,"170":1,"171":0,"172":21,"173":21,"174":40,"175":21,"176":3,"177":3,"178":3,"179":3,"180":3,"181":3,"182":0,"183":3,"184":0,"185":3,"186":3,"187":3,"188":21,"189":21,"190":40,"191":21,"192":1,"193":1,"194":21,"195":21,"196":40,"197":21,"198":1,"199":1,"200":21,"201":21,"202":40,"203":21,"204":0,"205":0,"206":21,"207":21,"208":40,"209":20,"210":20,"211":0,"212":0,"213":0,"214":0,"215":0,"216":40,"217":21,"218":0,"219":0,"220":0,"221":0,"222":0,"223":0,"224":21,"225":21,"226":40,"227":37,"228":0,"229":0,"230":0,"231":0,"232":37,"233":37,"234":40,"235":23,"236":1,"237":0,"238":40,"239":23,"240":17,"241":340,"242":3400,"243":1},"f":{"0":40,"1":800,"2":6,"3":12,"4":2,"5":1,"6":1,"7":20,"8":21,"9":0,"10":21,"11":39,"12":21,"13":20,"14":20,"15":21,"16":0,"17":21,"18":21,"19":2,"20":21,"21":37,"22":1,"23":37,"24":21,"25":0,"26":21,"27":21,"28":1,"29":21,"30":21,"31":2,"32":21,"33":21,"34":11,"35":21,"36":21,"37":1,"38":21,"39":21,"40":3,"41":21,"42":21,"43":1,"44":21,"45":21,"46":1,"47":21,"48":21,"49":0,"50":21,"51":20,"52":0,"53":0,"54":0,"55":21,"56":0,"57":21,"58":37,"59":0,"60":37,"61":23,"62":1,"63":0,"64":340,"65":3400,"66":1},"b":{"0":[0,40],"1":[0,40],"2":[40,0],"3":[40,0],"4":[1,5],"5":[1,4],"6":[1,3],"7":[1,2],"8":[1,1],"9":[0,2],"10":[0,0],"11":[0,2],"12":[1,0],"13":[0,0],"14":[0,0],"15":[0,0],"16":[1,19],"17":[1,1,0],"18":[1,0],"19":[20,1],"20":[21,21,20,20],"21":[20,0],"22":[20,20,20,20],"23":[0,0],"24":[2,0],"25":[1,1],"26":[1,0],"27":[1,0],"28":[0,1],"29":[1,1,0],"30":[0,0],"31":[1,0],"32":[1,0],"33":[2,0],"34":[1,1],"35":[1,10],"36":[1,0],"37":[0,1],"38":[0,1],"39":[0,1],"40":[3,0],"41":[1,2],"42":[3,0],"43":[0,3],"44":[0,3],"45":[1,0],"46":[0,0],"47":[20,0],"48":[20,0],"49":[0,0],"50":[0,0],"51":[0,0],"52":[0,0],"53":[22,1],"54":[1,1],"55":[1,22],"56":[1,0],"57":[1,0],"58":[1,0],"59":[0,1],"60":[1,0],"61":[23,17],"62":[0,17],"63":[17,2,0,0],"64":[17,2,0,0],"65":[17,0],"66":[17,1],"67":[17,3],"68":[1,2],"69":[3,0],"70":[0,0,0],"71":[3,0],"72":[0,3],"73":[3,0],"74":[3,0],"75":[17,17,1]},"meta":{"lastBranch":76,"lastFunction":67,"lastStatement":244,"seen":{"f:16:9:16:20":0,"s:18:7:18:Infinity":0,"b:20:1:22:Infinity:undefined:undefined:undefined:undefined":0,"s:20:1:22:Infinity":1,"s:21:2:21:Infinity":2,"s:24:31:24:Infinity":3,"s:26:7:26:Infinity":4,"s:27:7:27:Infinity":5,"s:28:7:28:Infinity":6,"s:31:21:31:Infinity":7,"s:32:23:32:Infinity":8,"b:32:84:32:96:32:96:32:103":1,"s:33:27:33:Infinity":9,"s:34:25:34:Infinity":10,"s:35:31:35:Infinity":11,"s:36:25:36:Infinity":12,"s:37:31:37:Infinity":13,"s:38:29:38:Infinity":14,"s:41:26:41:Infinity":15,"s:42:22:42:Infinity":16,"b:42:22:42:37:42:37:42:Infinity":2,"s:43:16:43:Infinity":17,"b:43:16:43:31:43:31:43:Infinity":3,"s:44:31:44:Infinity":18,"s:45:47:45:Infinity":19,"s:46:16:46:Infinity":20,"s:47:27:47:Infinity":21,"s:49:21:49:Infinity":22,"s:52:17:52:Infinity":23,"s:53:17:53:Infinity":24,"s:54:19:54:Infinity":25,"f:54:51:54:57":1,"s:54:57:54:79":26,"s:56:21:56:Infinity":27,"s:57:28:57:Infinity":28,"s:58:29:58:Infinity":29,"s:59:23:59:Infinity":30,"s:60:31:60:Infinity":31,"s:62:7:66:Infinity":32,"s:68:7:72:Infinity":33,"s:74:7:78:Infinity":34,"s:80:23:92:Infinity":35,"f:80:23:80:24":2,"b:81:2:91:Infinity:83:2:91:Infinity":4,"s:81:2:91:Infinity":36,"s:82:3:82:Infinity":37,"b:83:2:91:Infinity:85:2:91:Infinity":5,"s:83:2:91:Infinity":38,"s:84:3:84:Infinity":39,"b:85:2:91:Infinity:87:2:91:Infinity":6,"s:85:2:91:Infinity":40,"s:86:3:86:Infinity":41,"b:87:2:91:Infinity:89:2:91:Infinity":7,"s:87:2:91:Infinity":42,"s:88:3:88:Infinity":43,"b:89:2:91:Infinity:undefined:undefined:undefined:undefined":8,"s:89:2:91:Infinity":44,"s:90:3:90:Infinity":45,"s:94:30:97:Infinity":46,"f:94:30:94:31":3,"s:95:18:95:Infinity":47,"s:96:2:96:Infinity":48,"s:99:22:115:Infinity":49,"f:99:22:99:28":4,"b:100:2:110:Infinity:104:9:110:Infinity":9,"s:100:2:110:Infinity":50,"b:101:3:103:Infinity:undefined:undefined:undefined:undefined":10,"s:101:3:103:Infinity":51,"s:102:4:102:Infinity":52,"b:105:3:109:Infinity:107:10:109:Infinity":11,"s:105:3:109:Infinity":53,"s:106:4:106:Infinity":54,"s:108:4:108:Infinity":55,"s:111:2:111:Infinity":56,"s:112:2:112:Infinity":57,"s:113:2:113:Infinity":58,"s:114:2:114:Infinity":59,"s:117:23:123:Infinity":60,"f:117:23:117:29":5,"s:118:2:118:Infinity":61,"s:119:2:119:Infinity":62,"s:120:2:120:Infinity":63,"s:121:2:121:Infinity":64,"s:122:2:122:Infinity":65,"s:125:19:140:Infinity":66,"f:125:19:125:25":6,"b:126:2:139:Infinity:130:2:139:Infinity":12,"s:126:2:139:Infinity":67,"s:127:3:127:Infinity":68,"s:128:3:128:Infinity":69,"s:129:3:129:Infinity":70,"b:130:2:139:Infinity:134:2:139:Infinity":13,"s:130:2:139:Infinity":71,"s:131:3:131:Infinity":72,"s:132:3:132:Infinity":73,"s:133:3:133:Infinity":74,"b:134:2:139:Infinity:undefined:undefined:undefined:undefined":14,"s:134:2:139:Infinity":75,"s:135:3:135:Infinity":76,"b:135:49:135:70:135:70:135:102":15,"s:136:3:136:Infinity":77,"s:137:3:137:Infinity":78,"s:138:3:138:Infinity":79,"s:144:1:155:Infinity":80,"f:144:11:144:17":7,"b:145:2:154:Infinity:undefined:undefined:undefined:undefined":16,"s:145:2:154:Infinity":81,"s:146:22:146:Infinity":82,"s:147:22:147:Infinity":83,"s:149:21:149:Infinity":84,"b:149:21:149:42:149:42:149:56:149:56:149:Infinity":17,"s:150:9:152:Infinity":85,"b:151:36:151:50:151:50:151:60":18,"s:153:3:153:Infinity":86,"s:158:1:167:Infinity":87,"f:158:11:158:17":8,"s:159:2:163:Infinity":88,"f:159:27:159:28":9,"s:160:3:160:Infinity":89,"s:161:3:161:Infinity":90,"s:162:3:162:Infinity":91,"s:164:2:166:Infinity":92,"f:164:9:164:15":10,"s:165:3:165:Infinity":93,"s:170:7:170:Infinity":94,"s:171:1:173:Infinity":95,"f:171:11:171:17":11,"s:172:2:172:Infinity":96,"s:176:1:180:Infinity":97,"f:176:11:176:17":12,"b:177:2:179:Infinity:undefined:undefined:undefined:undefined":19,"s:177:2:179:Infinity":98,"b:177:6:177:22:177:22:177:32:177:32:177:40:177:40:177:48":20,"s:178:3:178:Infinity":99,"s:183:1:190:Infinity":100,"f:183:11:183:17":13,"s:184:2:189:Infinity":101,"f:184:9:184:15":14,"s:185:66:185:Infinity":102,"b:186:3:188:Infinity:undefined:undefined:undefined:undefined":21,"s:186:3:188:Infinity":103,"b:186:7:186:18:186:18:186:23:186:23:186:28:186:28:186:31":22,"s:187:4:187:Infinity":104,"s:194:1:203:Infinity":105,"f:194:11:194:17":15,"s:195:2:199:Infinity":106,"f:195:28:195:29":16,"b:196:3:198:Infinity:undefined:undefined:undefined:undefined":23,"s:196:3:198:Infinity":107,"s:197:4:197:Infinity":108,"s:200:2:202:Infinity":109,"f:200:9:200:15":17,"s:201:3:201:Infinity":110,"s:205:1:219:Infinity":111,"f:205:11:205:17":18,"s:206:2:215:Infinity":112,"f:206:33:206:34":19,"b:207:3:214:Infinity:undefined:undefined:undefined:undefined":24,"s:207:3:214:Infinity":113,"b:208:4:212:Infinity:210:4:212:Infinity":25,"s:208:4:212:Infinity":114,"s:209:5:209:Infinity":115,"b:210:4:212:Infinity:undefined:undefined:undefined:undefined":26,"s:210:4:212:Infinity":116,"s:211:5:211:Infinity":117,"s:213:4:213:Infinity":118,"s:216:2:218:Infinity":119,"f:216:9:216:15":20,"s:217:3:217:Infinity":120,"s:221:1:234:Infinity":121,"f:221:11:221:17":21,"s:222:2:230:Infinity":122,"f:222:36:222:37":22,"b:223:3:229:Infinity:undefined:undefined:undefined:undefined":27,"s:223:3:229:Infinity":123,"s:224:4:224:Infinity":124,"s:225:4:225:Infinity":125,"b:226:4:228:Infinity:undefined:undefined:undefined:undefined":28,"s:226:4:228:Infinity":126,"b:226:8:226:27:226:27:226:51:226:51:226:70":29,"s:227:5:227:Infinity":127,"s:231:2:233:Infinity":128,"f:231:9:231:15":23,"s:232:3:232:Infinity":129,"s:236:1:245:Infinity":130,"f:236:11:236:17":24,"s:237:2:241:Infinity":131,"f:237:34:237:35":25,"b:238:3:240:Infinity:undefined:undefined:undefined:undefined":30,"s:238:3:240:Infinity":132,"s:239:4:239:Infinity":133,"s:242:2:244:Infinity":134,"f:242:9:242:15":26,"s:243:3:243:Infinity":135,"s:247:1:260:Infinity":136,"f:247:11:247:17":27,"s:248:2:256:Infinity":137,"f:248:34:248:35":28,"b:249:3:255:Infinity:undefined:undefined:undefined:undefined":31,"s:249:3:255:Infinity":138,"s:250:4:254:Infinity":139,"b:251:31:251:46:251:46:251:Infinity":32,"s:257:2:259:Infinity":140,"f:257:9:257:15":29,"s:258:3:258:Infinity":141,"s:264:1:275:Infinity":142,"f:264:11:264:17":30,"s:265:2:271:Infinity":143,"f:265:26:265:27":31,"b:266:3:270:Infinity:undefined:undefined:undefined:undefined":33,"s:266:3:270:Infinity":144,"s:267:4:267:Infinity":145,"s:268:4:268:Infinity":146,"s:269:4:269:Infinity":147,"b:269:42:269:49:269:49:269:65":34,"s:272:2:274:Infinity":148,"f:272:9:272:15":32,"s:273:3:273:Infinity":149,"s:277:1:288:Infinity":150,"f:277:11:277:17":33,"s:278:2:284:Infinity":151,"f:278:27:278:28":34,"s:279:3:279:Infinity":152,"s:280:3:280:Infinity":153,"s:281:3:281:Infinity":154,"s:282:3:282:Infinity":155,"s:283:3:283:Infinity":156,"b:283:43:283:50:283:50:283:55":35,"s:285:2:287:Infinity":157,"f:285:9:285:15":35,"s:286:3:286:Infinity":158,"s:290:1:310:Infinity":159,"f:290:11:290:17":36,"s:291:2:306:Infinity":160,"f:291:23:291:24":37,"b:292:3:305:Infinity:undefined:undefined:undefined:undefined":36,"s:292:3:305:Infinity":161,"s:293:4:293:Infinity":162,"s:294:4:294:Infinity":163,"s:295:4:295:Infinity":164,"s:296:4:296:Infinity":165,"s:297:4:297:Infinity":166,"b:297:44:297:51:297:51:297:56":37,"s:298:4:298:Infinity":167,"b:299:4:301:Infinity:undefined:undefined:undefined:undefined":38,"s:299:4:301:Infinity":168,"s:300:5:300:Infinity":169,"b:302:4:304:Infinity:undefined:undefined:undefined:undefined":39,"s:302:4:304:Infinity":170,"s:303:5:303:Infinity":171,"s:307:2:309:Infinity":172,"f:307:9:307:15":38,"s:308:3:308:Infinity":173,"s:312:1:334:Infinity":174,"f:312:11:312:17":39,"s:313:2:330:Infinity":175,"f:313:24:313:25":40,"b:314:3:329:Infinity:undefined:undefined:undefined:undefined":40,"s:314:3:329:Infinity":176,"s:315:4:315:Infinity":177,"s:316:4:316:Infinity":178,"b:316:44:316:51:316:51:316:56":41,"b:317:4:319:Infinity:undefined:undefined:undefined:undefined":42,"s:317:4:319:Infinity":179,"s:318:5:318:Infinity":180,"b:320:4:322:Infinity:undefined:undefined:undefined:undefined":43,"s:320:4:322:Infinity":181,"s:321:5:321:Infinity":182,"b:323:4:325:Infinity:undefined:undefined:undefined:undefined":44,"s:323:4:325:Infinity":183,"s:324:5:324:Infinity":184,"s:326:4:326:Infinity":185,"s:327:4:327:Infinity":186,"s:328:4:328:Infinity":187,"s:331:2:333:Infinity":188,"f:331:9:331:15":41,"s:332:3:332:Infinity":189,"s:336:1:344:Infinity":190,"f:336:11:336:17":42,"s:337:2:340:Infinity":191,"f:337:23:337:29":43,"s:338:3:338:Infinity":192,"s:339:3:339:Infinity":193,"s:341:2:343:Infinity":194,"f:341:9:341:15":44,"s:342:3:342:Infinity":195,"s:346:1:358:Infinity":196,"f:346:11:346:17":45,"s:347:2:354:Infinity":197,"f:347:34:347:35":46,"s:348:3:352:Infinity":198,"b:349:10:349:26:349:26:349:Infinity":45,"s:353:3:353:Infinity":199,"s:355:2:357:Infinity":200,"f:355:9:355:15":47,"s:356:3:356:Infinity":201,"s:362:1:371:Infinity":202,"f:362:11:362:17":48,"s:363:2:367:Infinity":203,"f:363:35:363:36":49,"b:364:3:366:Infinity:undefined:undefined:undefined:undefined":46,"s:364:3:366:Infinity":204,"s:365:4:365:Infinity":205,"s:368:2:370:Infinity":206,"f:368:9:368:15":50,"s:369:3:369:Infinity":207,"s:373:1:379:Infinity":208,"f:373:11:373:17":51,"b:374:2:374:Infinity:undefined:undefined:undefined:undefined":47,"s:374:2:374:Infinity":209,"b:374:6:374:36:374:36:374:60":48,"s:374:60:374:Infinity":210,"s:375:16:377:Infinity":211,"f:375:27:375:33":52,"s:376:3:376:Infinity":212,"f:376:24:376:25":53,"s:376:35:376:67":213,"b:376:51:376:62:376:62:376:67":49,"s:378:2:378:Infinity":214,"f:378:9:378:15":54,"s:378:15:378:Infinity":215,"s:381:1:398:Infinity":216,"f:381:11:381:17":55,"s:382:2:394:Infinity":217,"f:382:33:382:34":56,"b:383:3:393:Infinity:undefined:undefined:undefined:undefined":50,"s:383:3:393:Infinity":218,"s:384:4:388:Infinity":219,"s:389:4:389:Infinity":220,"s:390:4:390:Infinity":221,"s:391:4:391:Infinity":222,"s:392:4:392:Infinity":223,"s:395:2:397:Infinity":224,"f:395:9:395:15":57,"s:396:3:396:Infinity":225,"s:400:1:412:Infinity":226,"f:400:11:400:17":58,"s:401:2:408:Infinity":227,"f:401:37:401:38":59,"b:402:3:407:Infinity:undefined:undefined:undefined:undefined":51,"s:402:3:407:Infinity":228,"s:403:4:403:Infinity":229,"b:404:4:406:Infinity:undefined:undefined:undefined:undefined":52,"s:404:4:406:Infinity":230,"s:405:5:405:Infinity":231,"s:409:2:411:Infinity":232,"f:409:9:409:15":60,"s:410:3:410:Infinity":233,"s:416:19:484:Infinity":234,"f:416:19:416:25":61,"s:417:2:482:Infinity":235,"b:427:53:427:59:427:59:427:62":53,"f:431:18:431:19":62,"s:432:6:442:Infinity":236,"b:437:9:437:Infinity:438:9:440:Infinity":54,"b:447:6:460:Infinity:462:6:465:Infinity":55,"b:448:110:448:159:448:159:448:223":56,"b:449:35:449:40:449:40:455:Infinity":57,"f:456:16:456:22":63,"s:456:22:456:Infinity":237,"b:457:17:457:39:457:39:457:Infinity":58,"b:459:37:459:66:459:66:459:Infinity":59,"b:459:87:459:114:459:114:459:Infinity":60,"b:488:1:494:Infinity:undefined:undefined:undefined:undefined":61,"s:488:1:494:Infinity":238,"s:489:2:492:Infinity":239,"s:496:1:651:Infinity":240,"b:499:4:507:Infinity:509:4:649:Infinity":62,"b:510:6:510:19:510:19:510:31:510:31:510:54:510:54:519:Infinity":63,"b:520:6:520:19:520:19:520:31:520:31:520:54:520:54:529:Infinity":64,"b:534:10:534:Infinity:535:10:540:Infinity":65,"f:553:19:553:20":64,"s:554:10:559:Infinity":241,"f:554:18:554:19":65,"s:555:11:558:Infinity":242,"b:562:9:562:Infinity:563:9:571:Infinity":66,"b:573:9:573:Infinity:574:9:630:Infinity":67,"b:577:22:577:34:577:34:577:Infinity":68,"b:579:12:579:Infinity:580:12:592:Infinity":69,"b:585:14:585:36:585:36:585:Infinity:586:14:586:Infinity":70,"b:596:16:598:Infinity:599:15:599:Infinity":71,"b:597:16:597:Infinity:598:16:598:Infinity":72,"b:596:16:596:46:596:46:596:Infinity":73,"b:613:33:613:43:613:43:613:Infinity":74,"b:640:10:640:24:640:24:640:49:640:49:644:Infinity":75,"f:640:64:640:65":66,"s:641:10:643:Infinity":243}}}
,"/home/raphael/ecole_42/red-tetris/my-app/src/components/HomePage.tsx": {"path":"/home/raphael/ecole_42/red-tetris/my-app/src/components/HomePage.tsx","statementMap":{"0":{"start":{"line":13,"column":7},"end":{"line":13,"column":null}},"1":{"start":{"line":14,"column":7},"end":{"line":14,"column":null}},"2":{"start":{"line":15,"column":21},"end":{"line":15,"column":null}},"3":{"start":{"line":16,"column":21},"end":{"line":20,"column":null}},"4":{"start":{"line":21,"column":35},"end":{"line":21,"column":null}},"5":{"start":{"line":22,"column":43},"end":{"line":22,"column":null}},"6":{"start":{"line":23,"column":41},"end":{"line":23,"column":null}},"7":{"start":{"line":24,"column":35},"end":{"line":24,"column":null}},"8":{"start":{"line":26,"column":35},"end":{"line":26,"column":null}},"9":{"start":{"line":28,"column":47},"end":{"line":28,"column":null}},"10":{"start":{"line":29,"column":59},"end":{"line":30,"column":null}},"11":{"start":{"line":31,"column":57},"end":{"line":32,"column":null}},"12":{"start":{"line":33,"column":59},"end":{"line":34,"column":null}},"13":{"start":{"line":35,"column":59},"end":{"line":36,"column":null}},"14":{"start":{"line":37,"column":43},"end":{"line":37,"column":null}},"15":{"start":{"line":39,"column":31},"end":{"line":39,"column":null}},"16":{"start":{"line":40,"column":33},"end":{"line":40,"column":null}},"17":{"start":{"line":41,"column":33},"end":{"line":41,"column":null}},"18":{"start":{"line":42,"column":26},"end":{"line":42,"column":null}},"19":{"start":{"line":43,"column":7},"end":{"line":47,"column":null}},"20":{"start":{"line":49,"column":1},"end":{"line":51,"column":null}},"21":{"start":{"line":50,"column":2},"end":{"line":50,"column":null}},"22":{"start":{"line":53,"column":31},"end":{"line":53,"column":null}},"23":{"start":{"line":55,"column":21},"end":{"line":63,"column":null}},"24":{"start":{"line":56,"column":2},"end":{"line":62,"column":null}},"25":{"start":{"line":57,"column":3},"end":{"line":60,"column":null}},"26":{"start":{"line":58,"column":4},"end":{"line":58,"column":null}},"27":{"start":{"line":59,"column":4},"end":{"line":59,"column":null}},"28":{"start":{"line":61,"column":3},"end":{"line":61,"column":null}},"29":{"start":{"line":71,"column":24},"end":{"line":74,"column":null}},"30":{"start":{"line":72,"column":2},"end":{"line":72,"column":null}},"31":{"start":{"line":73,"column":2},"end":{"line":73,"column":null}},"32":{"start":{"line":76,"column":24},"end":{"line":81,"column":null}},"33":{"start":{"line":77,"column":2},"end":{"line":77,"column":null}},"34":{"start":{"line":78,"column":2},"end":{"line":80,"column":null}},"35":{"start":{"line":79,"column":3},"end":{"line":79,"column":null}},"36":{"start":{"line":83,"column":26},"end":{"line":88,"column":null}},"37":{"start":{"line":84,"column":2},"end":{"line":84,"column":null}},"38":{"start":{"line":85,"column":2},"end":{"line":85,"column":null}},"39":{"start":{"line":86,"column":19},"end":{"line":86,"column":null}},"40":{"start":{"line":87,"column":2},"end":{"line":87,"column":null}},"41":{"start":{"line":90,"column":25},"end":{"line":133,"column":null}},"42":{"start":{"line":95,"column":25},"end":{"line":101,"column":null}},"43":{"start":{"line":96,"column":2},"end":{"line":96,"column":null}},"44":{"start":{"line":97,"column":21},"end":{"line":97,"column":null}},"45":{"start":{"line":98,"column":3},"end":{"line":98,"column":null}},"46":{"start":{"line":99,"column":3},"end":{"line":99,"column":null}},"47":{"start":{"line":100,"column":3},"end":{"line":100,"column":null}},"48":{"start":{"line":103,"column":2},"end":{"line":131,"column":null}},"49":{"start":{"line":112,"column":8},"end":{"line":118,"column":null}},"50":{"start":{"line":125,"column":21},"end":{"line":125,"column":null}},"51":{"start":{"line":135,"column":28},"end":{"line":165,"column":null}},"52":{"start":{"line":140,"column":19},"end":{"line":144,"column":null}},"53":{"start":{"line":141,"column":2},"end":{"line":141,"column":null}},"54":{"start":{"line":142,"column":3},"end":{"line":142,"column":null}},"55":{"start":{"line":143,"column":3},"end":{"line":143,"column":null}},"56":{"start":{"line":146,"column":2},"end":{"line":163,"column":null}},"57":{"start":{"line":157,"column":7},"end":{"line":157,"column":null}},"58":{"start":{"line":167,"column":21},"end":{"line":258,"column":null}},"59":{"start":{"line":176,"column":2},"end":{"line":257,"column":null}},"60":{"start":{"line":177,"column":3},"end":{"line":255,"column":null}},"61":{"start":{"line":186,"column":9},"end":{"line":212,"column":null}},"62":{"start":{"line":194,"column":13},"end":{"line":194,"column":null}},"63":{"start":{"line":195,"column":29},"end":{"line":195,"column":null}},"64":{"start":{"line":196,"column":13},"end":{"line":207,"column":null}},"65":{"start":{"line":197,"column":32},"end":{"line":197,"column":null}},"66":{"start":{"line":198,"column":14},"end":{"line":198,"column":null}},"67":{"start":{"line":199,"column":14},"end":{"line":199,"column":null}},"68":{"start":{"line":200,"column":14},"end":{"line":200,"column":null}},"69":{"start":{"line":202,"column":14},"end":{"line":202,"column":null}},"70":{"start":{"line":203,"column":14},"end":{"line":206,"column":null}},"71":{"start":{"line":216,"column":9},"end":{"line":239,"column":null}},"72":{"start":{"line":224,"column":13},"end":{"line":224,"column":null}},"73":{"start":{"line":225,"column":29},"end":{"line":225,"column":null}},"74":{"start":{"line":226,"column":13},"end":{"line":226,"column":null}},"75":{"start":{"line":227,"column":13},"end":{"line":233,"column":null}},"76":{"start":{"line":234,"column":13},"end":{"line":234,"column":null}},"77":{"start":{"line":248,"column":8},"end":{"line":248,"column":null}},"78":{"start":{"line":249,"column":8},"end":{"line":249,"column":null}},"79":{"start":{"line":260,"column":22},"end":{"line":286,"column":null}},"80":{"start":{"line":261,"column":2},"end":{"line":285,"column":null}},"81":{"start":{"line":262,"column":3},"end":{"line":266,"column":null}},"82":{"start":{"line":267,"column":2},"end":{"line":285,"column":null}},"83":{"start":{"line":268,"column":3},"end":{"line":272,"column":null}},"84":{"start":{"line":273,"column":2},"end":{"line":285,"column":null}},"85":{"start":{"line":274,"column":3},"end":{"line":278,"column":null}},"86":{"start":{"line":279,"column":2},"end":{"line":285,"column":null}},"87":{"start":{"line":280,"column":3},"end":{"line":284,"column":null}},"88":{"start":{"line":288,"column":1},"end":{"line":296,"column":null}},"89":{"start":{"line":289,"column":2},"end":{"line":292,"column":null}},"90":{"start":{"line":290,"column":21},"end":{"line":290,"column":null}},"91":{"start":{"line":291,"column":3},"end":{"line":291,"column":null}},"92":{"start":{"line":293,"column":2},"end":{"line":295,"column":null}},"93":{"start":{"line":294,"column":3},"end":{"line":294,"column":null}},"94":{"start":{"line":298,"column":1},"end":{"line":312,"column":null}},"95":{"start":{"line":299,"column":18},"end":{"line":299,"column":null}},"96":{"start":{"line":300,"column":18},"end":{"line":300,"column":null}},"97":{"start":{"line":301,"column":2},"end":{"line":311,"column":null}},"98":{"start":{"line":302,"column":3},"end":{"line":302,"column":null}},"99":{"start":{"line":303,"column":3},"end":{"line":303,"column":null}},"100":{"start":{"line":304,"column":3},"end":{"line":310,"column":null}},"101":{"start":{"line":305,"column":4},"end":{"line":309,"column":null}},"102":{"start":{"line":314,"column":1},"end":{"line":322,"column":null}},"103":{"start":{"line":315,"column":2},"end":{"line":321,"column":null}},"104":{"start":{"line":316,"column":3},"end":{"line":316,"column":null}},"105":{"start":{"line":317,"column":3},"end":{"line":317,"column":null}},"106":{"start":{"line":318,"column":3},"end":{"line":318,"column":null}},"107":{"start":{"line":319,"column":3},"end":{"line":319,"column":null}},"108":{"start":{"line":320,"column":3},"end":{"line":320,"column":null}},"109":{"start":{"line":324,"column":1},"end":{"line":331,"column":null}},"110":{"start":{"line":325,"column":2},"end":{"line":327,"column":null}},"111":{"start":{"line":326,"column":3},"end":{"line":326,"column":null}},"112":{"start":{"line":326,"column":18},"end":{"line":326,"column":null}},"113":{"start":{"line":328,"column":2},"end":{"line":330,"column":null}},"114":{"start":{"line":329,"column":3},"end":{"line":329,"column":null}},"115":{"start":{"line":333,"column":1},"end":{"line":361,"column":null}},"116":{"start":{"line":334,"column":2},"end":{"line":336,"column":null}},"117":{"start":{"line":335,"column":3},"end":{"line":335,"column":null}},"118":{"start":{"line":337,"column":2},"end":{"line":348,"column":null}},"119":{"start":{"line":338,"column":3},"end":{"line":338,"column":null}},"120":{"start":{"line":339,"column":3},"end":{"line":347,"column":null}},"121":{"start":{"line":340,"column":4},"end":{"line":345,"column":null}},"122":{"start":{"line":346,"column":4},"end":{"line":346,"column":null}},"123":{"start":{"line":349,"column":2},"end":{"line":351,"column":null}},"124":{"start":{"line":350,"column":3},"end":{"line":350,"column":null}},"125":{"start":{"line":352,"column":2},"end":{"line":354,"column":null}},"126":{"start":{"line":353,"column":3},"end":{"line":353,"column":null}},"127":{"start":{"line":355,"column":2},"end":{"line":360,"column":null}},"128":{"start":{"line":356,"column":3},"end":{"line":356,"column":null}},"129":{"start":{"line":357,"column":3},"end":{"line":357,"column":null}},"130":{"start":{"line":358,"column":3},"end":{"line":358,"column":null}},"131":{"start":{"line":359,"column":3},"end":{"line":359,"column":null}},"132":{"start":{"line":363,"column":1},"end":{"line":383,"column":null}},"133":{"start":{"line":364,"column":2},"end":{"line":371,"column":null}},"134":{"start":{"line":365,"column":26},"end":{"line":365,"column":null}},"135":{"start":{"line":366,"column":3},"end":{"line":366,"column":null}},"136":{"start":{"line":367,"column":3},"end":{"line":369,"column":null}},"137":{"start":{"line":370,"column":3},"end":{"line":370,"column":null}},"138":{"start":{"line":372,"column":2},"end":{"line":374,"column":null}},"139":{"start":{"line":373,"column":3},"end":{"line":373,"column":null}},"140":{"start":{"line":385,"column":1},"end":{"line":392,"column":null}},"141":{"start":{"line":386,"column":2},"end":{"line":388,"column":null}},"142":{"start":{"line":387,"column":3},"end":{"line":387,"column":null}},"143":{"start":{"line":389,"column":2},"end":{"line":391,"column":null}},"144":{"start":{"line":390,"column":3},"end":{"line":390,"column":null}},"145":{"start":{"line":394,"column":1},"end":{"line":675,"column":null}},"146":{"start":{"line":510,"column":10},"end":{"line":510,"column":null}},"147":{"start":{"line":511,"column":10},"end":{"line":511,"column":null}},"148":{"start":{"line":512,"column":10},"end":{"line":512,"column":null}},"149":{"start":{"line":513,"column":10},"end":{"line":513,"column":null}},"150":{"start":{"line":547,"column":10},"end":{"line":547,"column":null}},"151":{"start":{"line":548,"column":10},"end":{"line":548,"column":null}},"152":{"start":{"line":549,"column":10},"end":{"line":549,"column":null}},"153":{"start":{"line":550,"column":10},"end":{"line":550,"column":null}},"154":{"start":{"line":580,"column":10},"end":{"line":580,"column":null}},"155":{"start":{"line":581,"column":10},"end":{"line":581,"column":null}},"156":{"start":{"line":582,"column":10},"end":{"line":582,"column":null}},"157":{"start":{"line":583,"column":10},"end":{"line":583,"column":null}},"158":{"start":{"line":613,"column":10},"end":{"line":613,"column":null}},"159":{"start":{"line":614,"column":10},"end":{"line":614,"column":null}},"160":{"start":{"line":615,"column":10},"end":{"line":615,"column":null}},"161":{"start":{"line":616,"column":10},"end":{"line":616,"column":null}},"162":{"start":{"line":647,"column":10},"end":{"line":658,"column":null}}},"fnMap":{"0":{"name":"HomePage","decl":{"start":{"line":12,"column":9},"end":{"line":12,"column":20}},"loc":{"start":{"line":12,"column":20},"end":{"line":677,"column":null}},"line":12},"1":{"name":"(anonymous_1)","decl":{"start":{"line":55,"column":21},"end":{"line":55,"column":27}},"loc":{"start":{"line":55,"column":27},"end":{"line":63,"column":null}},"line":55},"2":{"name":"(anon
[...]
65,"133":64,"134":1,"135":1,"136":1,"137":1,"138":64,"139":64,"140":65,"141":31,"142":1,"143":31,"144":31,"145":65,"146":2,"147":2,"148":2,"149":2,"150":4,"151":4,"152":4,"153":4,"154":2,"155":2,"156":2,"157":2,"158":3,"159":3,"160":3,"161":3,"162":0},"f":{"0":65,"1":3,"2":3,"3":1,"4":1,"5":3,"6":1,"7":0,"8":2,"9":0,"10":2,"11":0,"12":0,"13":13,"14":3,"15":2,"16":4,"17":2,"18":2,"19":13,"20":31,"21":0,"22":31,"23":20,"24":31,"25":31,"26":0,"27":31,"28":35,"29":2,"30":0,"31":3,"32":2,"33":35,"34":64,"35":1,"36":64,"37":31,"38":1,"39":31,"40":2,"41":4,"42":2,"43":3,"44":0},"b":{"0":[1,64],"1":[0,65],"2":[0,3],"3":[1,0],"4":[0,1],"5":[0,1],"6":[1,1],"7":[1,1],"8":[13,0],"9":[13,13],"10":[7,6],"11":[2,0],"12":[2,1],"13":[3,10],"14":[2,8],"15":[6,2],"16":[2,0],"17":[18,2],"18":[20,19],"19":[11,7],"20":[18,11,11],"21":[18,13],"22":[31,30],"23":[0,0],"24":[0,0],"25":[63,2],"26":[13,50],"27":[50,0],"28":[0,0],"29":[0,0],"30":[0,0],"31":[0,0]},"meta":{"lastBranch":32,"lastFunction":45,"lastStatement":163,"seen":{"f:12:9:12:20":0,"s:13:7:13:Infinity":0,"s:14:7:14:Infinity":1,"s:15:21:15:Infinity":2,"s:16:21:20:Infinity":3,"b:18:5:18:Infinity:19:5:19:Infinity":0,"s:21:35:21:Infinity":4,"s:22:43:22:Infinity":5,"s:23:41:23:Infinity":6,"s:24:35:24:Infinity":7,"s:26:35:26:Infinity":8,"s:28:47:28:Infinity":9,"s:29:59:30:Infinity":10,"s:31:57:32:Infinity":11,"s:33:59:34:Infinity":12,"s:35:59:36:Infinity":13,"s:37:43:37:Infinity":14,"s:39:31:39:Infinity":15,"s:40:33:40:Infinity":16,"s:41:33:41:Infinity":17,"s:42:26:42:Infinity":18,"s:43:7:47:Infinity":19,"b:49:1:51:Infinity:undefined:undefined:undefined:undefined":1,"s:49:1:51:Infinity":20,"s:50:2:50:Infinity":21,"s:53:31:53:Infinity":22,"s:55:21:63:Infinity":23,"f:55:21:55:27":1,"s:56:2:62:Infinity":24,"f:56:15:56:16":2,"b:57:3:60:Infinity:undefined:undefined:undefined:undefined":2,"s:57:3:60:Infinity":25,"s:58:4:58:Infinity":26,"s:59:4:59:Infinity":27,"s:61:3:61:Infinity":28,"s:71:24:74:Infinity":29,"f:71:24:71:25":3,"s:72:2:72:Infinity":30,"s:73:2:73:Infinity":31,"s:76:24:81:Infinity":32,"f:76:24:76:25":4,"s:77:2:77:Infinity":33,"b:78:2:80:Infinity:undefined:undefined:undefined:undefined":3,"s:78:2:80:Infinity":34,"s:79:3:79:Infinity":35,"s:83:26:88:Infinity":36,"f:83:26:83:27":5,"s:84:2:84:Infinity":37,"s:85:2:85:Infinity":38,"s:86:19:86:Infinity":39,"s:87:2:87:Infinity":40,"s:90:25:133:Infinity":41,"f:90:25:90:Infinity":6,"s:95:25:101:Infinity":42,"f:95:25:95:26":7,"s:96:2:96:Infinity":43,"s:97:21:97:Infinity":44,"s:98:3:98:Infinity":45,"s:99:3:99:Infinity":46,"s:100:3:100:Infinity":47,"s:103:2:131:Infinity":48,"f:111:22:111:23":8,"s:112:8:118:Infinity":49,"b:124:108:124:157:124:157:124:221":4,"f:125:15:125:21":9,"s:125:21:125:Infinity":50,"b:128:29:128:56:128:56:128:Infinity":5,"s:135:28:165:Infinity":51,"f:135:28:135:Infinity":10,"s:140:19:144:Infinity":52,"f:140:19:140:20":11,"s:141:2:141:Infinity":53,"s:142:3:142:Infinity":54,"s:143:3:143:Infinity":55,"s:146:2:163:Infinity":56,"b:150:6:152:Infinity:153:9:153:Infinity":6,"f:156:15:156:21":12,"s:157:7:157:Infinity":57,"b:160:19:160:41:160:41:160:Infinity":7,"s:167:21:258:Infinity":58,"f:167:21:167:22":13,"b:176:2:257:Infinity:undefined:undefined:undefined:undefined":8,"s:176:2:257:Infinity":59,"b:176:6:176:14:176:14:176:20":9,"s:177:3:255:Infinity":60,"b:185:10:214:Infinity:215:10:241:Infinity":10,"f:185:24:185:25":14,"s:186:9:212:Infinity":61,"f:193:21:193:22":15,"s:194:13:194:Infinity":62,"s:195:29:195:Infinity":63,"b:196:13:207:Infinity:201:20:207:Infinity":11,"s:196:13:207:Infinity":64,"b:196:17:196:48:196:48:196:77":12,"s:197:32:197:Infinity":65,"s:198:14:198:Infinity":66,"s:199:14:199:Infinity":67,"s:200:14:200:Infinity":68,"s:202:14:202:Infinity":69,"s:203:14:206:Infinity":70,"f:215:24:215:25":16,"s:216:9:239:Infinity":71,"f:223:21:223:22":17,"s:224:13:224:Infinity":72,"s:225:29:225:Infinity":73,"s:226:13:226:Infinity":74,"s:227:13:233:Infinity":75,"s:234:13:234:Infinity":76,"f:247:16:247:22":18,"s:248:8:248:Infinity":77,"s:249:8:249:Infinity":78,"s:260:22:286:Infinity":79,"f:260:22:260:28":19,"b:261:2:285:Infinity:267:2:285:Infinity":13,"s:261:2:285:Infinity":80,"s:262:3:266:Infinity":81,"b:267:2:285:Infinity:273:2:285:Infinity":14,"s:267:2:285:Infinity":82,"s:268:3:272:Infinity":83,"b:273:2:285:Infinity:279:2:285:Infinity":15,"s:273:2:285:Infinity":84,"s:274:3:278:Infinity":85,"b:279:2:285:Infinity:undefined:undefined:undefined:undefined":16,"s:279:2:285:Infinity":86,"s:280:3:284:Infinity":87,"s:288:1:296:Infinity":88,"f:288:11:288:17":20,"s:289:2:292:Infinity":89,"f:289:25:289:26":21,"s:290:21:290:Infinity":90,"s:291:3:291:Infinity":91,"s:293:2:295:Infinity":92,"f:293:9:293:15":22,"s:294:3:294:Infinity":93,"s:298:1:312:Infinity":94,"f:298:11:298:17":23,"s:299:18:299:Infinity":95,"s:300:18:300:Infinity":96,"b:301:2:311:Infinity:undefined:undefined:undefined:undefined":17,"s:301:2:311:Infinity":97,"b:301:6:301:17:301:17:301:26":18,"s:302:3:302:Infinity":98,"s:303:3:303:Infinity":99,"b:304:3:310:Infinity:undefined:undefined:undefined:undefined":19,"s:304:3:310:Infinity":100,"b:304:7:304:31:304:31:304:42:304:42:304:51":20,"s:305:4:309:Infinity":101,"s:314:1:322:Infinity":102,"f:314:11:314:17":24,"b:315:2:321:Infinity:undefined:undefined:undefined:undefined":21,"s:315:2:321:Infinity":103,"b:315:6:315:14:315:14:315:22":22,"s:316:3:316:Infinity":104,"s:317:3:317:Infinity":105,"s:318:3:318:Infinity":106,"s:319:3:319:Infinity":107,"s:320:3:320:Infinity":108,"s:324:1:331:Infinity":109,"f:324:11:324:17":25,"s:325:2:327:Infinity":110,"f:325:28:325:29":26,"b:326:3:326:Infinity:undefined:undefined:undefined:undefined":23,"s:326:3:326:Infinity":111,"s:326:18:326:Infinity":112,"s:328:2:330:Infinity":113,"f:328:9:328:15":27,"s:329:3:329:Infinity":114,"s:333:1:361:Infinity":115,"f:333:11:333:17":28,"s:334:2:336:Infinity":116,"f:334:31:334:32":29,"s:335:3:335:Infinity":117,"s:337:2:348:Infinity":118,"f:337:31:337:32":30,"s:338:3:338:Infinity":119,"b:339:3:347:Infinity:undefined:undefined:undefined:undefined":24,"s:339:3:347:Infinity":120,"s:340:4:345:Infinity":121,"s:346:4:346:Infinity":122,"s:349:2:351:Infinity":123,"f:349:30:349:31":31,"s:350:3:350:Infinity":124,"s:352:2:354:Infinity":125,"f:352:37:352:38":32,"s:353:3:353:Infinity":126,"s:355:2:360:Infinity":127,"f:355:9:355:15":33,"s:356:3:356:Infinity":128,"s:357:3:357:Infinity":129,"s:358:3:358:Infinity":130,"s:359:3:359:Infinity":131,"s:363:1:383:Infinity":132,"f:363:11:363:17":34,"s:364:2:371:Infinity":133,"f:364:34:364:35":35,"s:365:26:365:Infinity":134,"s:366:3:366:Infinity":135,"s:367:3:369:Infinity":136,"s:370:3:370:Infinity":137,"s:372:2:374:Infinity":138,"f:372:9:372:15":36,"s:373:3:373:Infinity":139,"s:385:1:392:Infinity":140,"f:385:11:385:17":37,"s:386:2:388:Infinity":141,"f:386:34:386:40":38,"s:387:3:387:Infinity":142,"s:389:2:391:Infinity":143,"f:389:9:389:15":39,"s:390:3:390:Infinity":144,"s:394:1:675:Infinity":145,"b:395:2:666:Infinity:668:2:675:Infinity":25,"b:412:4:412:Infinity:414:4:664:Infinity":26,"f:509:18:509:19":40,"s:510:10:510:Infinity":146,"s:511:10:511:Infinity":147,"s:512:10:512:Infinity":148,"s:513:10:513:Infinity":149,"f:546:18:546:19":41,"s:547:10:547:Infinity":150,"s:548:10:548:Infinity":151,"s:549:10:549:Infinity":152,"s:550:10:550:Infinity":153,"f:579:18:579:19":42,"s:580:10:580:Infinity":154,"s:581:10:581:Infinity":155,"s:582:10:582:Infinity":156,"s:583:10:583:Infinity":157,"f:612:18:612:19":43,"s:613:10:613:Infinity":158,"s:614:10:614:Infinity":159,"s:615:10:615:Infinity":160,"s:616:10:616:Infinity":161,"b:640:7:640:Infinity:641:7:661:Infinity":27,"f:646:26:646:27":44,"s:647:10:658:Infinity":162,"b:649:83:649:99:649:99:649:112":28,"b:652:60:652:80:652:80:652:153":29,"b:652:90:652:108:652:108:652:153":30,"b:652:118:652:138:652:138:652:153":31}}}
,"/home/raphael/ecole_42/red-tetris/my-app/src/components/NotFoundPage.tsx": {"path":"/home/raphael/ecole_42/red-tetris/my-app/src/components/NotFoundPage.tsx","statementMap":{"0":{"start":{"line":4,"column":2},"end":{"line":9,"column":null}}},"fnMap":{"0":{"name":"NotFoundPage","decl":{"start":{"line":3,"column":9},"end":{"line":3,"column":24}},"loc":{"start":{"line":3,"column":24},"end":{"line":11,"column":null}},"line":3}},"branchMap":{},"s":{"0":1},"f":{"0":1},"b":{},"meta":{"lastBranch":0,"lastFunction":1,"lastStatement":1,"seen":{"f:3:9:3:24":0,"s:4:2:9:Infinity":0}}}
,"/home/raphael/ecole_42/red-tetris/my-app/src/components/popupWindow.tsx": {"path":"/home/raphael/ecole_42/red-tetris/my-app/src/components/popupWindow.tsx","statementMap":{"0":{"start":{"line":10,"column":36},"end":{"line":27,"column":null}},"1":{"start":{"line":11,"column":2},"end":{"line":11,"column":null}},"2":{"start":{"line":11,"column":13},"end":{"line":11,"column":null}},"3":{"start":{"line":13,"column":2},"end":{"line":25,"column":null}}},"fnMap":{"0":{"name":"(anonymous_0)","decl":{"start":{"line":10,"column":36},"end":{"line":10,"column":37}},"loc":{"start":{"line":10,"column":76},"end":{"line":27,"column":null}},"line":10}},"branchMap":{"0":{"loc":{"start":{"line":11,"column":2},"end":{"line":11,"column":null}},"type":"if","locations":[{"start":{"line":11,"column":2},"end":{"line":11,"column":null}},{"start":{},"end":{}}],"line":11}},"s":{"0":4,"1":67,"2":61,"3":6},"f":{"0":67},"b":{"0":[61,6]},"meta":{"lastBranch":1,"lastFunction":1,"lastStatement":4,"seen":{"s:10:36:27:Infinity":0,"f:10:36:10:37":0,"b:11:2:11:Infinity:undefined:undefined:undefined:undefined":0,"s:11:2:11:Infinity":1,"s:11:13:11:Infinity":2,"s:13:2:25:Infinity":3}}}
,"/home/raphael/ecole_42/red-tetris/my-app/src/contexts/socketContext.tsx": {"path":"/home/raphael/ecole_42/red-tetris/my-app/src/contexts/socketContext.tsx","statementMap":{"0":{"start":{"line":6,"column":13},"end":{"line":6,"column":null}},"1":{"start":{"line":8,"column":30},"end":{"line":15,"column":null}},"2":{"start":{"line":10,"column":25},"end":{"line":10,"column":null}},"3":{"start":{"line":12,"column":1},"end":{"line":14,"column":null}},"4":{"start":{"line":17,"column":25},"end":{"line":19,"column":null}},"5":{"start":{"line":18,"column":1},"end":{"line":18,"column":null}}},"fnMap":{"0":{"name":"(anonymous_0)","decl":{"start":{"line":8,"column":30},"end":{"line":8,"column":31}},"loc":{"start":{"line":8,"column":73},"end":{"line":15,"column":null}},"line":8},"1":{"name":"(anonymous_1)","decl":{"start":{"line":17,"column":25},"end":{"line":17,"column":31}},"loc":{"start":{"line":17,"column":31},"end":{"line":19,"column":null}},"line":17}},"branchMap":{},"s":{"0":4,"1":4,"2":27,"3":27,"4":4,"5":105},"f":{"0":27,"1":105},"b":{},"meta":{"lastBranch":0,"lastFunction":2,"lastStatement":6,"seen":{"s:6:13:6:Infinity":0,"s:8:30:15:Infinity":1,"f:8:30:8:31":0,"s:10:25:10:Infinity":2,"s:12:1:14:Infinity":3,"s:17:25:19:Infinity":4,"f:17:25:17:31":1,"s:18:1:18:Infinity":5}}}
,"/home/raphael/ecole_42/red-tetris/my-app/src/functions/forTheGame.tsx": {"path":"/home/raphael/ecole_42/red-tetris/my-app/src/functions/forTheGame.tsx","statementMap":{"0":{"start":{"line":1,"column":33},"end":{"line":25,"column":null}},"1":{"start":{"line":2,"column":1},"end":{"line":23,"column":null}},"2":{"start":{"line":4,"column":3},"end":{"line":4,"column":null}},"3":{"start":{"line":6,"column":3},"end":{"line":6,"column":null}},"4":{"start":{"line":8,"column":3},"end":{"line":8,"column":null}},"5":{"start":{"line":10,"column":3},"end":{"line":10,"column":null}},"6":{"start":{"line":12,"column":3},"end":{"line":12,"column":null}},"7":{"start":{"line":14,"column":3},"end":{"line":14,"column":null}},"8":{"start":{"line":16,"column":3},"end":{"line":16,"column":null}},"9":{"start":{"line":18,"column":3},"end":{"line":18,"column":null}},"10":{"start":{"line":20,"column":3},"end":{"line":20,"column":null}},"11":{"start":{"line":22,"column":3},"end":{"line":22,"column":null}},"12":{"start":{"line":24,"column":1},"end":{"line":24,"column":null}},"13":{"start":{"line":27,"column":29},"end":{"line":44,"column":null}},"14":{"start":{"line":28,"column":1},"end":{"line":43,"column":null}},"15":{"start":{"line":30,"column":3},"end":{"line":30,"column":null}},"16":{"start":{"line":32,"column":3},"end":{"line":32,"column":null}},"17":{"start":{"line":34,"column":3},"end":{"line":34,"column":null}},"18":{"start":{"line":36,"column":3},"end":{"line":36,"column":null}},"19":{"start":{"line":38,"column":3},"end":{"line":38,"column":null}},"20":{"start":{"line":40,"column":3},"end":{"line":40,"column":null}},"21":{"start":{"line":42,"column":3},"end":{"line":42,"column":null}},"22":{"start":{"line":46,"column":32},"end":{"line":59,"column":null}},"23":{"start":{"line":47,"column":21},"end":{"line":47,"column":null}},"24":{"start":{"line":48,"column":2},"end":{"line":58,"column":null}},"25":{"start":{"line":49,"column":3},"end":{"line":57,"column":null}},"26":{"start":{"line":51,"column":5},"end":{"line":55,"column":null}},"27":{"start":{"line":61,"column":32},"end":{"line":93,"column":null}},"28":{"start":{"line":62,"column":14},"end":{"line":62,"column":null}},"29":{"start":{"line":63,"column":21},"end":{"line":68,"column":null}},"30":{"start":{"line":64,"column":2},"end":{"line":66,"column":null}},"31":{"start":{"line":65,"column":4},"end":{"line":65,"column":null}},"32":{"start":{"line":67,"column":3},"end":{"line":67,"column":null}},"33":{"start":{"line":70,"column":2},"end":{"line":91,"column":null}},"34":{"start":{"line":73,"column":5},"end":{"line":89,"column":null}},"35":{"start":{"line":80,"column":9},"end":{"line":85,"column":null}}},"fnMap":{"0":{"name":"(anonymous_0)","decl":{"start":{"line":1,"column":33},"end":{"line":1,"column":34}},"loc":{"start":{"line":1,"column":51},"end":{"line":25,"column":null}},"line":1},"1":{"name":"(anonymous_1)","decl":{"start":{"line":27,"column":29},"end":{"line":27,"column":30}},"loc":{"start":{"line":27,"column":47},"end":{"line":44,"column":null}},"line":27},"2":{"name":"(anonymous_2)","decl":{"start":{"line":46,"column":32},"end":{"line":46,"column":33}},"loc":{"start":{"line":46,"column":52},"end":{"line":59,"column":null}},"line":46},"3":{"name":"(anonymous_3)","decl":{"start":{"line":48,"column":29},"end":{"line":48,"column":30}},"loc":{"start":{"line":49,"column":3},"end":{"line":57,"column":null}},"line":49},"4":{"name":"(anonymous_4)","decl":{"start":{"line":50,"column":13},"end":{"line":50,"column":14}},"loc":{"start":{"line":51,"column":5},"end":{"line":55,"column":null}},"line":51},"5":{"name":"(anonymous_5)","decl":{"start":{"line":61,"column":32},"end":{"line":61,"column":33}},"loc":{"start":{"line":61,"column":66},"end":{"line":93,"column":null}},"line":61},"6":{"name":"(anonymous_6)","decl":{"start":{"line":63,"column":21},"end":{"line":63,"column":22}},"loc":{"start":{"line":63,"column":46},"end":{"line":68,"column":null}},"line":63},"7":{"name":"(anonymous_7)","decl":{"start":{"line":72,"column":18},"end":{"line":72,"column":19}},"loc":{"start":{"line":73,"column":5},"end":{"line":89,"column":null}},"line":73},"8":{"name":"(anonymous_8)","decl":{"start":{"line":79,"column":38},"end":{"line":79,"column":39}},"loc":{"start":{"line":80,"column":9},"end":{"line":85,"column":null}},"line":80}},"branchMap":{"0":{"loc":{"start":{"line":2,"column":1},"end":{"line":23,"column":null}},"type":"switch","locations":[{"start":{"line":3,"column":2},"end":{"line":4,"column":null}},{"start":{"line":5,"column":2},"end":{"line":6,"column":null}},{"start":{"line":7,"column":2},"end":{"line":8,"column":null}},{"start":{"line":9,"column":2},"end":{"line":10,"column":null}},{"start":{"line":11,"column":2},"end":{"line":12,"column":null}},{"start":{"line":13,"column":2},"end":{"line":14,"column":null}},{"start":{"line":15,"column":2},"end":{"line":16,"column":null}},{"start":{"line":17,"column":2},"end":{"line":18,"column":null}},{"start":{"line":19,"column":2},"end":{"line":20,"column":null}},{"start":{"line":21,"column":2},"end":{"line":22,"column":null}}],"line":2},"1":{"loc":{"start":{"line":28,"column":1},"end":{"line":43,"column":null}},"type":"switch","locations":[{"start":{"line":29,"column":2},"end":{"line":30,"column":null}},{"start":{"line":31,"column":2},"end":{"line":32,"column":null}},{"start":{"line":33,"column":2},"end":{"line":34,"column":null}},{"start":{"line":35,"column":2},"end":{"line":36,"column":null}},{"start":{"line":37,"column":2},"end":{"line":38,"column":null}},{"start":{"line":39,"column":2},"end":{"line":40,"column":null}},{"start":{"line":41,"column":2},"end":{"line":42,"column":null}}],"line":28},"2":{"loc":{"start":{"line":53,"column":51},"end":{"line":53,"column":93}},"type":"cond-expr","locations":[{"start":{"line":53,"column":64},"end":{"line":53,"column":77}},{"start":{"line":53,"column":77},"end":{"line":53,"column":93}}],"line":53},"3":{"loc":{"start":{"line":64,"column":2},"end":{"line":66,"column":null}},"type":"if","locations":[{"start":{"line":64,"column":2},"end":{"line":66,"column":null}},{"start":{},"end":{}}],"line":64},"4":{"loc":{"start":{"line":74,"column":7},"end":{"line":88,"column":null}},"type":"binary-expr","locations":[{"start":{"line":74,"column":7},"end":{"line":74,"column":29}},{"start":{"line":74,"column":29},"end":{"line":88,"column":null}}],"line":74},"5":{"loc":{"start":{"line":83,"column":91},"end":{"line":83,"column":null}},"type":"cond-expr","locations":[{"start":{"line":83,"column":104},"end":{"line":83,"column":150}},{"start":{"line":83,"column":150},"end":{"line":83,"column":null}}],"line":83},"6":{"loc":{"start":{"line":83,"column":104},"end":{"line":83,"column":150}},"type":"cond-expr","locations":[{"start":{"line":83,"column":118},"end":{"line":83,"column":134}},{"start":{"line":83,"column":134},"end":{"line":83,"column":150}}],"line":83}},"s":{"0":3,"1":3411,"2":1,"3":1,"4":1,"5":1,"6":1,"7":1,"8":1,"9":3401,"10":1,"11":1,"12":1,"13":3,"14":9,"15":3,"16":1,"17":1,"18":1,"19":1,"20":1,"21":1,"22":3,"23":2,"24":2,"25":8,"26":32,"27":3,"28":2,"29":2,"30":4,"31":2,"32":2,"33":2,"34":4,"35":400},"f":{"0":3411,"1":9,"2":2,"3":8,"4":32,"5":2,"6":4,"7":4,"8":400},"b":{"0":[1,1,1,1,1,1,1,3401,1,1],"1":[3,1,1,1,1,1,1],"2":[8,24],"3":[2,2],"4":[4,2],"5":[200,200],"6":[200,0]},"meta":{"lastBranch":7,"lastFunction":9,"lastStatement":36,"seen":{"s:1:33:25:Infinity":0,"f:1:33:1:34":0,"b:3:2:4:Infinity:5:2:6:Infinity:7:2:8:Infinity:9:2:10:Infinity:11:2:12:Infinity:13:2:14:Infinity:15:2:16:Infinity:17:2:18:Infinity:19:2:20:Infinity:21:2:22:Infinity":0,"s:2:1:23:Infinity":1,"s:4:3:4:Infinity":2,"s:6:3:6:Infinity":3,"s:8:3:8:Infinity":4,"s:10:3:10:Infinity":5,"s:12:3:12:Infinity":6,"s:14:3:14:Infinity":7,"s:16:3:16:Infinity":8,"s:18:3:18:Infinity":9,"s:20:3:20:Infinity":10,"s:22:3:22:Infinity":11,"s:24:1:24:Infinity":12,"s:27:29:44:Infinity":13,"f:27:29:27:30":1,"b:29:2:30:Infinity:31:2:32:Infinity:33:2:34:Infinity:35:2:36:Infinity:37:2:38:Infinity:39:2:40:Infinity:41:2:42:Infinity":1,"s:28:1:43:Infinity":14,"s:30:3:30:Infinity":15,"s:32:3:32:Infinity":16,"s:34:3:34:Infinity":17,"s:36:3:36:Infinity":18,"s:38:3:38:Infinity":19,"s:40:3:40:Infinity":20,"s:42:3:42:Infinity":21,"s:46:32:59:Infinity":22,"f:46:32:46:33":2,"s:47:21:47:Infinity":23,"s:48:2:58:Infinity":24,"f:48:29:48:30":3,"s:49:3:57:Infinity":25,"f:50:13:50:14":4,"s:51:5:55:Infinity":26,"b:53:64:53:77:53:77:53:93":2,"s:61:32:93:Infinity":27,"f:61:32:61:33":5,"s:62:14:62:Infinity":28,"s:63:21:68:Infinity":29,"f:63:21:63:22":6,"b:64:2:66:Infinity:undefined:undefined:undefined:undefined":3,"s:64:2:66:Infinity":30,"s:65:4:65:Infinity":31,"s:67:3:67:Infinity":32,"s:70:2:91:Infinity":33,"f:72:18:72:19":7,"s:73:5:89:Infinity":34,"b:74:7:74:29:74:29:88:Infinity":4,"f:79:38:79:39":8,"s:80:9:85:Infinity":35,"b:83:104:83:150:83:150:83:Infinity":5,"b:83:118:83:134:83:134:83:150":6}}}
,"/home/raphael/ecole_42/red-tetris/my-app/src/interfaces/socketContext.interface.tsx": {"path":"/home/raphael/ecole_42/red-tetris/my-app/src/interfaces/socketContext.interface.tsx","statementMap":{},"fnMap":{},"branchMap":{},"s":{},"f":{},"b":{},"meta":{"lastBranch":0,"lastFunction":0,"lastStatement":0,"seen":{}}}
}
