{"/home/raphael/ecole_42/red-tetris/my-app/src/App.tsx": {"path":"/home/raphael/ecole_42/red-tetris/my-app/src/App.tsx","statementMap":{"0":{"start":{"line":9,"column":2},"end":{"line":16,"column":null}}},"fnMap":{"0":{"name":"App","decl":{"start":{"line":8,"column":9},"end":{"line":8,"column":15}},"loc":{"start":{"line":8,"column":15},"end":{"line":18,"column":null}},"line":8}},"branchMap":{},"s":{"0":1},"f":{"0":1},"b":{},"meta":{"lastBranch":0,"lastFunction":1,"lastStatement":1,"seen":{"f:8:9:8:15":0,"s:9:2:16:Infinity":0}}}
,"/home/raphael/ecole_42/red-tetris/my-app/src/main.tsx": {"path":"/home/raphael/ecole_42/red-tetris/my-app/src/main.tsx","statementMap":{"0":{"start":{"line":7,"column":0},"end":{"line":13,"column":null}}},"fnMap":{},"branchMap":{},"s":{"0":0},"f":{},"b":{},"meta":{"lastBranch":0,"lastFunction":0,"lastStatement":1,"seen":{"s:7:0:13:Infinity":0}}}
,"/home/raphael/ecole_42/red-tetris/my-app/src/vite-env.d.ts": {"path":"/home/raphael/ecole_42/red-tetris/my-app/src/vite-env.d.ts","statementMap":{},"fnMap":{},"branchMap":{},"s":{},"f":{},"b":{},"meta":{"lastBranch":0,"lastFunction":0,"lastStatement":0,"seen":{}}}
,"/home/raphael/ecole_42/red-tetris/my-app/src/components/ConnectPage.tsx": {"path":"/home/raphael/ecole_42/red-tetris/my-app/src/components/ConnectPage.tsx","statementMap":{"0":{"start":{"line":15,"column":22},"end":{"line":18,"column":null}},"1":{"start":{"line":16,"column":2},"end":{"line":16,"column":null}},"2":{"start":{"line":17,"column":2},"end":{"line":17,"column":null}},"3":{"start":{"line":20,"column":22},"end":{"line":30,"column":null}},"4":{"start":{"line":21,"column":8},"end":{"line":23,"column":null}},"5":{"start":{"line":24,"column":2},"end":{"line":28,"column":null}},"6":{"start":{"line":25,"column":3},"end":{"line":25,"column":null}},"7":{"start":{"line":26,"column":3},"end":{"line":26,"column":null}},"8":{"start":{"line":27,"column":3},"end":{"line":27,"column":null}},"9":{"start":{"line":29,"column":2},"end":{"line":29,"column":null}},"10":{"start":{"line":32,"column":1},"end":{"line":47,"column":null}}},"fnMap":{"0":{"name":"ConnectPage","decl":{"start":{"line":5,"column":9},"end":{"line":5,"column":21}},"loc":{"start":{"line":13,"column":2},"end":{"line":49,"column":null}},"line":13},"1":{"name":"(anonymous_1)","decl":{"start":{"line":15,"column":22},"end":{"line":15,"column":23}},"loc":{"start":{"line":15,"column":70},"end":{"line":18,"column":null}},"line":15},"2":{"name":"(anonymous_2)","decl":{"start":{"line":20,"column":22},"end":{"line":20,"column":28}},"loc":{"start":{"line":20,"column":28},"end":{"line":30,"column":null}},"line":20},"3":{"name":"(anonymous_3)","decl":{"start":{"line":24,"column":29},"end":{"line":24,"column":30}},"loc":{"start":{"line":24,"column":39},"end":{"line":28,"column":3}},"line":24}},"branchMap":{},"s":{"0":6,"1":7,"2":7,"3":6,"4":2,"5":2,"6":1,"7":1,"8":1,"9":2,"10":6},"f":{"0":6,"1":7,"2":2,"3":1},"b":{},"meta":{"lastBranch":0,"lastFunction":4,"lastStatement":11,"seen":{"f:5:9:5:21":0,"s:15:22:18:Infinity":0,"f:15:22:15:23":1,"s:16:2:16:Infinity":1,"s:17:2:17:Infinity":2,"s:20:22:30:Infinity":3,"f:20:22:20:28":2,"s:21:8:23:Infinity":4,"s:24:2:28:Infinity":5,"f:24:29:24:30":3,"s:25:3:25:Infinity":6,"s:26:3:26:Infinity":7,"s:27:3:27:Infinity":8,"s:29:2:29:Infinity":9,"s:32:1:47:Infinity":10}}}
,"/home/raphael/ecole_42/red-tetris/my-app/src/components/GamePage.tsx": {"path":"/home/raphael/ecole_42/red-tetris/my-app/src/components/GamePage.tsx","statementMap":{"0":{"start":{"line":18,"column":7},"end":{"line":18,"column":null}},"1":{"start":{"line":20,"column":1},"end":{"line":22,"column":null}},"2":{"start":{"line":21,"column":2},"end":{"line":21,"column":null}},"3":{"start":{"line":24,"column":31},"end":{"line":24,"column":null}},"4":{"start":{"line":26,"column":7},"end":{"line":26,"column":null}},"5":{"start":{"line":27,"column":7},"end":{"line":27,"column":null}},"6":{"start":{"line":28,"column":7},"end":{"line":28,"column":null}},"7":{"start":{"line":31,"column":21},"end":{"line":31,"column":null}},"8":{"start":{"line":32,"column":23},"end":{"line":32,"column":null}},"9":{"start":{"line":33,"column":27},"end":{"line":33,"column":null}},"10":{"start":{"line":34,"column":25},"end":{"line":34,"column":null}},"11":{"start":{"line":35,"column":31},"end":{"line":35,"column":null}},"12":{"start":{"line":36,"column":25},"end":{"line":36,"column":null}},"13":{"start":{"line":37,"column":31},"end":{"line":37,"column":null}},"14":{"start":{"line":38,"column":29},"end":{"line":38,"column":null}},"15":{"start":{"line":41,"column":26},"end":{"line":41,"column":null}},"16":{"start":{"line":42,"column":22},"end":{"line":42,"column":null}},"17":{"start":{"line":43,"column":16},"end":{"line":43,"column":null}},"18":{"start":{"line":44,"column":31},"end":{"line":44,"column":null}},"19":{"start":{"line":45,"column":16},"end":{"line":45,"column":null}},"20":{"start":{"line":46,"column":27},"end":{"line":46,"column":null}},"21":{"start":{"line":48,"column":21},"end":{"line":48,"column":null}},"22":{"start":{"line":51,"column":17},"end":{"line":51,"column":null}},"23":{"start":{"line":52,"column":17},"end":{"line":52,"column":null}},"24":{"start":{"line":53,"column":19},"end":{"line":53,"column":null}},"25":{"start":{"line":53,"column":57},"end":{"line":53,"column":79}},"26":{"start":{"line":55,"column":21},"end":{"line":55,"column":null}},"27":{"start":{"line":56,"column":28},"end":{"line":56,"column":null}},"28":{"start":{"line":57,"column":29},"end":{"line":57,"column":null}},"29":{"start":{"line":59,"column":7},"end":{"line":63,"column":null}},"30":{"start":{"line":65,"column":7},"end":{"line":69,"column":null}},"31":{"start":{"line":71,"column":7},"end":{"line":75,"column":null}},"32":{"start":{"line":77,"column":23},"end":{"line":89,"column":null}},"33":{"start":{"line":78,"column":2},"end":{"line":88,"column":null}},"34":{"start":{"line":79,"column":3},"end":{"line":79,"column":null}},"35":{"start":{"line":80,"column":2},"end":{"line":88,"column":null}},"36":{"start":{"line":81,"column":3},"end":{"line":81,"column":null}},"37":{"start":{"line":82,"column":2},"end":{"line":88,"column":null}},"38":{"start":{"line":83,"column":3},"end":{"line":83,"column":null}},"39":{"start":{"line":84,"column":2},"end":{"line":88,"column":null}},"40":{"start":{"line":85,"column":3},"end":{"line":85,"column":null}},"41":{"start":{"line":86,"column":2},"end":{"line":88,"column":null}},"42":{"start":{"line":87,"column":3},"end":{"line":87,"column":null}},"43":{"start":{"line":91,"column":30},"end":{"line":94,"column":null}},"44":{"start":{"line":92,"column":18},"end":{"line":92,"column":null}},"45":{"start":{"line":93,"column":2},"end":{"line":93,"column":null}},"46":{"start":{"line":96,"column":22},"end":{"line":109,"column":null}},"47":{"start":{"line":97,"column":2},"end":{"line":105,"column":null}},"48":{"start":{"line":100,"column":3},"end":{"line":102,"column":null}},"49":{"start":{"line":101,"column":4},"end":{"line":101,"column":null}},"50":{"start":{"line":104,"column":3},"end":{"line":104,"column":null}},"51":{"start":{"line":106,"column":2},"end":{"line":106,"column":null}},"52":{"start":{"line":107,"column":2},"end":{"line":107,"column":null}},"53":{"start":{"line":108,"column":2},"end":{"line":108,"column":null}},"54":{"start":{"line":111,"column":23},"end":{"line":116,"column":null}},"55":{"start":{"line":112,"column":2},"end":{"line":112,"column":null}},"56":{"start":{"line":113,"column":2},"end":{"line":113,"column":null}},"57":{"start":{"line":114,"column":2},"end":{"line":114,"column":null}},"58":{"start":{"line":115,"column":2},"end":{"line":115,"column":null}},"59":{"start":{"line":118,"column":19},"end":{"line":130,"column":null}},"60":{"start":{"line":119,"column":2},"end":{"line":129,"column":null}},"61":{"start":{"line":120,"column":3},"end":{"line":120,"column":null}},"62":{"start":{"line":121,"column":2},"end":{"line":129,"column":null}},"63":{"start":{"line":122,"column":3},"end":{"line":122,"column":null}},"64":{"start":{"line":123,"column":3},"end":{"line":123,"column":null}},"65":{"start":{"line":124,"column":3},"end":{"line":124,"column":null}},"66":{"start":{"line":125,"column":2},"end":{"line":129,"column":null}},"67":{"start":{"line":126,"column":3},"end":{"line":126,"column":null}},"68":{"start":{"line":127,"column":3},"end":{"line":127,"column":null}},"69":{"start":{"line":128,"column":3},"end":{"line":128,"column":null}},"70":{"start":{"line":134,"column":1},"end":{"line":145,"column":null}},"71":{"start":{"line":135,"column":2},"end":{"line":144,"column":null}},"72":{"start":{"line":136,"column":22},"end":{"line":136,"column":null}},"73":{"start":{"line":137,"column":22},"end":{"line":137,"column":null}},"74":{"start":{"line":139,"column":21},"end":{"line":139,"column":null}},"75":{"start":{"line":140,"column":9},"end":{"line":142,"column":null}},"76":{"start":{"line":143,"column":3},"end":{"line":143,"column":null}},"77":{"start":{"line":148,"column":1},"end":{"line":157,"column":null}},"78":{"start":{"line":149,"column":2},"end":{"line":153,"column":null}},"79":{"start":{"line":150,"column":3},"end":{"line":150,"column":null}},"80":{"start":{"line":151,"column":3},"end":{"line":151,"column":null}},"81":{"start":{"line":152,"column":3},"end":{"line":152,"column":null}},"82":{"start":{"line":154,"column":2},"end":{"line":156,"column":null}},"83":{"start":{"line":155,"column":3},"end":{"line":155,"column":null}},"84":{"start":{"line":160,"column":1},"end":{"line":164,"column":null}},"85":{"start":{"line":161,"column":2},"end":{"line":163,"column":null}},"86":{"start":{"line":162,"column":3},"end":{"line":162,"column":null}},"87":{"start":{"line":168,"column":1},"end":{"line":177,"column":null}},"88":{"start":{"line":169,"column":2},"end":{"line":173,"column":null}},"89":{"start":{"line":170,"column":3},"end":{"line":172,"column":null}},"90":{"start":{"line":171,"column":4},"end":{"line":171,"column":null}},"91":{"start":{"line":174,"column":2},"end":{"line":176,"column":null}},"92":{"start":{"line":175,"column":3},"end":{"line":175,"column":null}},"93":{"start":{"line":179,"column":1},"end":{"line":193,"column":null}},"94":{"start":{"line":180,"column":2},"end":{"line":189,"column":null}},"95":{"start":{"line":181,"column":3},"end":{"line":188,"column":null}},"96":{"start":{"line":182,"column":4},"end":{"line":186,"column":null}},"97":{"start":{"line":183,"column":5},"end":{"line":183,"column":null}},"98":{"start":{"line":184,"column":4},"end":{"line":186,"column":null}},"99":{"start":{"line":185,"column":5},"end":{"line":185,"column":null}},"100":{"start":{"line":187,"column":4},"end":{"line":187,"column":null}},"101":{"start":{"line":190,"column":2},"end":{"line":192,"column":null}},"102":{"start":{"line":191,"column":3},"end":{"line":191,"column":null}},"103":{"start":{"line":195,"column":1},"end":{"line":209,"column":null}},"104":{"start":{"line":196,"column":2},"end":{"line":205,"column":null}},"105":{"start":{"line":197,"column":3},"end":{"line":204,"column":null}},"106":{"start":{"line":198,"column":4},"end":{"line":198,"column":null}},"107":{"start":{"line":199,"column":4},"end":{"line":199,"column":null}},"108":{"start":{"line":201,"column":4},"end":{"line":203,"column":null}},"109":{"start":{"line":202,"column":5},"end":{"line":202,"column":null}},"110":{"start":{"line":206,"column":2},"end":{"line":208,"column":null}},"111":{"start":{"line":207,"column":3},"end":{"line":207,"column":null}},"112":{"start":{"line":211,"column":1},"end":{"line":220,"column":null}},"113":{"start":{"line":212,"column":2},"end":{"line":216,"column":null}},"114":{"start":{"line":213,"column":3},"end":{"line":215,"column":null}},"115":{"start":{"line":214,"column":4},"end":{"line":214,"column":null}},"116":{"start":{"line":217,"column":2},"end":{"line":219,"column":null}},"117":{"start":{"line":218,"column":3},"end":{"line":218,"column":null}},"118":{"start":{"line":222,"column":1},"end":{"line":235,"column":null}},"119":{"start":{"line":223,"column":2},"end":{"line":231,"column":null}},"120":{"start":{"line":224,"column":3},"end":{"line":230,"column":null}},"121":{"start":{"line":225,"column":4},"end":{"line":229,"column":null}},"122":{"start":{"line":232,"column":2},"end":{"line":234,"column":null}},"123":{"start":{"line":233,"column":3},"end":{"line":233,"column":null}},"124":{"start":{"line":239,"column":1},"end":{"line":250,"column":null}},"125":{"start":{"line":240,"column":2},"end":{"line":246,"column":null}},"126":{"start":{"line":241,"column":3},"end":{"line":245,"column":null}},"127":{"start":{"line":242,"column":4},"end":{"line":242,"column":null}},"128":{"start":{"line":243,"column":4},"end":{"line":243,"column":null}},"129":{"start":{"line":244,"column":4},"end":{"line":244,"column":null}},"130":{"start":{"line":247,"column":2},"end":{"line":249,"column":null}},"131":{"start":{"line":248,"column":3},"end":{"line":248,"column":null}},"132":{"start":{"line":252,"column":1},"end":{"line":263,"column":null}},"133":{"start":{"line":253,"column":2},"end":{"line":259,"column":null}},"134":{"start":{"line":254,"column":3},"end":{"line":254,"column":null}},"135":{"start":{"line":255,"column":3},"end":{"line":255,"column":null}},"136":{"start":{"line":256,"column":3},"end":{"line":256,"column":null}},"137":{"start":{"line":257,"column":3},"end":{"line":257,"column":null}},"138":{"start":{"line":258,"column":3},"end":{"line":258,"column":null}},"139":{"start":{"line":260,"column":2},"end":{"line":262,"column":null}},"140":{"start":{"line":261,"column":3},"end":{"line":261,"column":null}},"141":{"start":{"line":265,"column":1},"end":{"line":279,"column":null}},"142":{"start":{"line":266,"column":2},"end":{"line":275,"column":null}},"143":{"start":{"line":267,"column":3},"end":{"line":274,"column":null}},"144":{"start":{"line":268,"column":4},"end":{"line":268,"column":null}},"145":{"start":{"line":269,"column":4},"end":{"line":269,"column":null}},"146":{"start":{"line":270,"column":4},"end":{"line":270,"column":null}},"147":{"start":{"line":271,"column":4},"end":{"line":271,"column":null}},"148":{"start":{"line":272,"column":4},"end":{"line":272,"column":null}},"149":{"start":{"line":273,"column":4},"end":{"line":273,"column":null}},"150":{"start":{"line":276,"column":2},"end":{"line":278,"column":null}},"151":{"start":{"line":277,"column":3},"end":{"line":277,"column":null}},"152":{"start":{"line":281,"column":1},"end":{"line":297,"column":null}},"153":{"start":{"line":282,"column":2},"end":{"line":293,"column":null}},"154":{"start":{"line":283,"column":3},"end":{"line":292,"column":null}},"155":{"start":{"line":284,"column":4},"end":{"line":284,"column":null}},"156":{"start":{"line":285,"column":4},"end":{"line":285,"column":null}},"157":{"start":{"line":286,"column":4},"end":{"line":288,"column":null}},"158":{"start":{"line":287,"column":5},"end":{"line":287,"column":null}},"159":{"start":{"line":289,"column":4},"end":{"line":289,"column":null}},"160":{"start":{"line":290,"column":4},"end":{"line":290,"column":null}},"161":{"start":{"line":291,"column":4},"end":{"line":291,"column":null}},"162":{"start":{"line":294,"column":2},"end":{"line":296,"column":null}},"163":{"start":{"line":295,"column":3},"end":{"line":295,"column":null}},"164":{"start":{"line":299,"column":1},"end":{"line":307,"column":null}},"165":{"start":{"line":300,"column":2},"end":{"line":303,"column":null}},"166":{"start":{"line":301,"column":3},"end":{"line":301,"column":null}},"167":{"start":{"line":302,"column":3},"end":{"line":302,"column":null}},"168":{"start":{"line":304,"column":2},"end":{"line":306,"column":null}},"169":{"start":{"line":305,"column":3},"end":{"line":305,"column":null}},"170":{"start":{"line":309,"column":1},"end":{"line":321,"column":null}},"171":{"start":{"line":310,"column":2},"end":{"line":317,"column":null}},"172":{"start":{"line":311,"column":3},"end":{"line":315,"column":null}},"173":{"start":{"line":316,"column":3},"end":{"line":316,"column":null}},"174":{"start":{"line":318,"column":2},"end":{"line":320,"column":null}},"175":{"start":{"line":319,"column":3},"end":{"line":319,"column":null}},"176":{"start":{"line":326,"column":19},"end":{"line":394,"column":null}},"177":{"start":{"line":327,"column":2},"end":{"line":392,"column":null}},"178":{"start":{"line":342,"column":7},"end":{"line":352,"column":null}},"179":{"start":{"line":366,"column":22},"end":{"line":366,"column":null}},"180":{"start":{"line":398,"column":1},"end":{"line":404,"column":null}},"181":{"start":{"line":399,"column":2},"end":{"line":402,"column":null}},"182":{"start":{"line":406,"column":1},"end":{"line":534,"column":null}},"183":{"start":{"line":456,"column":10},"end":{"line":461,"column":null}},"184":{"start":{"line":457,"column":11},"end":{"line":460,"column":null}},"185":{"start":{"line":524,"column":10},"end":{"line":526,"column":null}}},"fnMap":{"0":{"name":"GamePage","decl":{"start":{"line":16,"column":9},"end":{"line":16,"column":20}},"loc":{"start":{"line":16,"column":20},"end":{"line":536,"column":null}},"line":16},"1":{"name":"(anonymous_1)","decl":{"start":{"line":53,"column":51},"end":{"line":53,"column":57}},"loc":{"start":{"line":53,"column":57},"end":{"line":53,"column":79}},"line":53},"2":{"name":"(anonymous_2)","decl":{"start":{"line":77,"column":23},"end":{"line":77,"column":24}},"loc":{"start":{"line":77,"column":67},"end":{"line":89,"column":null}},"line":77},"3":{"name":"(anonymous_3)","decl":{"start":{"line":91,"column":30},"end":{"line":91,"column":31}},"loc":{"start":{"line":91,"column":52},"end":{"line":94,"column":null}},"line":91},"4":{"name":"(anonymous_4)","decl":{"start":{"line":96,"column":22},"end":{"line":96,"column":28}},"loc":{"start":{"line":96,"column":28},"end":{"line":109,"column":null}},"line":96},"5":{"name":"(anonymous_5)","decl":{"start":{"line":111,"column":23},"end":{"line":111,"column":29}},"loc":{"start":{"line":111,"column":29},"end":{"line":116,"column":null}},"line":111},"6":{"name":"(anonymous_6)","decl":{"start":{"line":118,"column":19},"end":{"line":118,"column":25}},"loc":{"start":{"line":118,"column":25},"end":{"line":130,"column":null}},"line":118},"7":{"name":"(anonymous_7)","decl":{"start":{"line":134,"column":11},"end":{"line":134,"column":17}},"loc":{"start":{"line":134,"column":17},"end":{"line":145,"column":4}},"line":134},"8":{"name":"(anonymous_8)","decl":{"start":{"line":148,"column":11},"end":{"line":148,"column":17}},"loc":{"start":{"line":148,"column":17},"end":{"line":157,"column":4}},"line":148},"9":{"name":"(anonymous_9)","decl":{"start":{"line":149,"column":27},"end":{"line":149,"column":28}},"loc":{"start":{"line":149,"column":37},"end":{"line":153,"column":3}},"line":149},"10":{"name":"(anonymous_10)","decl":{"start":{"line":154,"column":9},"end":{"line":154,"column":15}},"loc":{"start":{"line":154,"column":15},"end":{"line":156,"column":null}},"line":154},"11":{"name":"(anonymous_11)","decl":{"start":{"line":160,"column":11},"end":{"line":160,"column":17}},"loc":{"start":{"line":160,"column":17},"end":{"line":164,"column":4}},"line":160},"12":{"name":"(anonymous_12)","decl":{"start":{"line":168,"column":11},"end":{"line":168,"column":17}},"loc":{"start":{"line":168,"column":17},"end":{"line":177,"column":4}},"line":168},"13":{"name":"(anonymous_13)","decl":{"start":{"line":169,"column":28},"end":{"line":169,"column":29}},"loc":{"start":{"line":169,"column":38},"end":{"line":173,"column":3}},"line":169},"14":{"name":"(anonymous_14)","decl":{"start":{"line":174,"column":9},"end":{"line":174,"column":15}},"loc":{"start":{"line":174,"column":15},"end":{"line":176,"column":null}},"line":174},"15":{"name":"(anonymous_15)","decl":{"start":{"line":179,"column":11},"end":{"line":179,"column":17}},"loc":{"start":{"line":179,"column":17},"end":{"line":193,"column":4}},"line":179},"16":{"name":"(anonymous_16)","decl":{"start":{"line":180,"column":33},"end":{"line":180,"column":34}},"loc":{"start":{"line":180,"column":43},"end":{"line":189,"column":3}},"line":180},"17":{"name":"(anonymous_17)","decl":{"start":{"line":190,"column":9},"end":{"line":190,"column":15}},"loc":{"start":{"line":190,"column":15},"end":{"line":192,"column":null}},"line":190},"18":{"name":"(anonymous_18)","decl":{"start":{"line":195,"column":11},"end":{"line":195,"column":17}},"loc":{"start":{"line":195,"column":17},"end":{"line":209,"column":4}},"line":195},"19":{"name":"(anonymous_19)","decl":{"start":{"line":196,"column":36},"end":{"line":196,"column":37}},"loc":{"start":{"line":196,"column":46},"end":{"line":205,"column":3}},"line":196},"20":{"name":"(anonymous_20)","decl":{"start":{"line":206,"column":9},"end":{"line":206,"column":15}},"loc":{"start":{"line":206,"column":15},"end":{"line":208,"column":null}},"line":206},"21":{"name":"(anonymous_21)","decl":{"start":{"line":211,"column":11},"end":{"line":211,"column":17}},"loc":{"start":{"line":211,"column":17},"end":{"line":220,"column":4}},"line":211},"22":{"name":"(anonymous_22)","decl":{"start":{"line":212,"column":34},"end":{"line":212,"column":35}},"loc":{"start":{"line":212,"column":44},"end":{"line":216,"column":3}},"line":212},"23":{"name":"(anonymous_23)","decl":{"start":{"line":217,"column":9},"end":{"line":217,"column":15}},"loc":{"start":{"line":217,"column":15},"end":{"line":219,"column":null}},"line":217},"24":{"name":"(anonymous_24)","decl":{"start":{"line":222,"column":11},"end":{"line":222,"column":17}},"loc":{"start":{"line":222,"column":17},"end":{"line":235,"column":4}},"line":222},"25":{"name":"(anonymous_25)","decl":{"start":{"line":223,"column":34},"end":{"line":223,"column":35}},"loc":{"start":{"line":223,"column":44},"end":{"line":231,"column":3}},"line":223},"26":{"name":"(anonymous_26)","decl":{"start":{"line":232,"column":9},"end":{"line":232,"column":15}},"loc":{"start":{"line":232,"column":15},"end":{"line":234,"column":null}},"line":232},"27":{"name":"(anonymous_27)","decl":{"start":{"line":239,"column":11},"end":{"line":239,"column":17}},"loc":{"start":{"line":239,"column":17},"end":{"line":250,"column":4}},"line":239},"28":{"name":"(anonymous_28)","decl":{"start":{"line":240,"column":26},"end":{"line":240,"column":27}},"loc":{"start":{"line":240,"column":36},"end":{"line":246,"column":3}},"line":240},"29":{"name":"(anonymous_29)","decl":{"start":{"line":247,"column":9},"end":{"line":247,"column":15}},"loc":{"start":{"line":247,"column":15},"end":{"line":249,"column":null}},"line":247},"30":{"name":"(anonymous_30)","decl":{"start":{"line":252,"column":11},"end":{"line":252,"column":17}},"loc":{"start":{"line":252,"column":17},"end":{"line":263,"column":4}},"line":252},"31":{"name":"(anonymous_31)","decl":{"start":{"line":253,"column":27},"end":{"line":253,"column":28}},"loc":{"start":{"line":253,"column":37},"end":{"line":259,"column":3}},"line":253},"32":{"name":"(anonymous_32)","decl":{"start":{"line":260,"column":9},"end":{"line":260,"column":15}},"loc":{"start":{"line":260,"column":15},"end":{"line":262,"column":null}},"line":260},"33":{"name":"(anonymous_33)","decl":{"start":{"line":265,"column":11},"end":{"line":265,"column":17}},"loc":{"start":{"line":265,"column":17},"end":{"line":279,"column":4}},"line":265},"34":{"name":"(anonymous_34)","decl":{"start":{"line":266,"column":23},"end":{"line":266,"column":24}},"loc":{"start":{"line":266,"column":33},"end":{"line":275,"column":3}},"line":266},"35":{"name":"(anonymous_35)","decl":{"start":{"line":276,"column":9},"end":{"line":276,"column":15}},"loc":{"start":{"line":276,"column":15},"end":{"line":278,"column":null}},"line":276},"36":{"name":"(anonymous_36)","decl":{"start":{"line":281,"column":11},"end":{"line":281,"column":17}},"loc":{"start":{"line":281,"column":17},"end":{"line":297,"column":4}},"line":281},"37":{"name":"(anonymous_37)","decl":{"start":{"line":282,"column":24},"end":{"line":282,"column":25}},"loc":{"start":{"line":282,"column":34},"end":{"line":293,"column":3}},"line":282},"38":{"name":"(anonymous_38)","decl":{"start":{"line":294,"column":9},"end":{"line":294,"column":15}},"loc":{"start":{"line":294,"column":15},"end":{"line":296,"column":null}},"line":294},"39":{"name":"(anonymous_39)","decl":{"start":{"line":299,"column":11},"end":{"line":299,"column":17}},"loc":{"start":{"line":299,"column":17},"end":{"line":307,"column":4}},"line":299},"40":{"name":"(anonymous_40)","decl":{"start":{"line":300,"column":23},"end":{"line":300,"column":29}},"loc":{"start":{"line":300,"column":29},"end":{"line":303,"column":3}},"line":300},"41":{"name":"(anonymous_41)","decl":{"start":{"line":304,"column":9},"end":{"line":304,"column":15}},"loc":{"start":{"line":304,"column":15},"end":{"line":306,"column":null}},"line":304},"42":{"name":"(anonymous_42)","decl":{"start":{"line":309,"column":11},"end":{"line":309,"column":17}},"loc":{"start":{"line":309,"column":17},"end":{"line":321,"column":4}},"line":309},"43":{"name":"(anonymous_43)","decl":{"start":{"line":310,"column":34},"end":{"line":310,"column":35}},"loc":{"start":{"line":310,"column":44},"end":{"line":317,"column":3}},"line":310},"44":{"name":"(anonymous_44)","decl":{"start":{"line":318,"column":9},"end":{"line":318,"column":15}},"loc":{"start":{"line":318,"column":15},"end":{"line":320,"column":null}},"line":318},"45":{"name":"(anonymous_45)","decl":{"start":{"line":326,"column":19},"end":{"line":326,"column":25}},"loc":{"start":{"line":326,"column":25},"end":{"line":394,"column":null}},"line":326},"46":{"name":"(anonymous_46)","decl":{"start":{"line":341,"column":19},"end":{"line":341,"column":20}},"loc":{"start":{"line":342,"column":7},"end":{"line":352,"column":null}},"line":342},"47":{"name":"(anonymous_47)","decl":{"start":{"line":366,"column":16},"end":{"line":366,"column":22}},"loc":{"start":{"line":366,"column":22},"end":{"line":366,"column":null}},"line":366},"48":{"name":"(anonymous_48)","decl":{"start":{"line":455,"column":19},"end":{"line":455,"column":20}},"loc":{"start":{"line":456,"column":10},"end":{"line":461,"column":null}},"line":456},"49":{"name":"(anonymous_49)","decl":{"start":{"line":456,"column":18},"end":{"line":456,"column":19}},"loc":{"start":{"line":457,"column":11},"end":{"line":460,"column":null}},"line":457},"50":{"name":"(anonymous_50)","decl":{"start":{"line":523,"column":64},"end":{"line":523,"column":65}},"loc":{"start":{"line":524,"column":10},"end":{"line":526,"column":null}},"line":524}},"branchMap":{"0":{"loc":{"start":{"line":20,"column":1},"end":{"line":22,"column":null}},"type":"if","locations":[{"start":{"line":20,"column":1},"end":{"line":22,"column":null}},{"start":{},"end":{}}],"line":20},"1":{"loc":{"start":{"line":32,"column":70},"end":{"line":32,"column":103}},"type":"cond-expr","locations":[{"start":{"line":32,"column":84},"end":{"line":32,"column":96}},{"start":{"line":32,"column":96},"end":{"line":32,"column":103}}],"line":32},"2":{"loc":{"start":{"line":42,"column":22},"end":{"line":42,"column":null}},"type":"binary-expr","locations":[{"start":{"line":42,"column":22},"end":{"line":42,"column":37}},{"start":{"line":42,"column":37},"end":{"line":42,"column":null}}],"line":42},"3":{"loc":{"start":{"line":43,"column":16},"end":{"line":43,"column":null}},"type":"binary-expr","locations":[{"start":{"line":43,"column":16},"end":{"line":43,"column":31}},{"start":{"line":43,"column":31},"end":{"line":43,"column":null}}],"line":43},"4":{"loc":{"start":{"line":78,"column":2},"end":{"line":88,"column":null}},"type":"if","locations":[{"start":{"line":78,"column":2},"end":{"line":88,"column":null}},{"start":{"line":80,"column":2},"end":{"line":88,"column":null}}],"line":78},"5":{"loc":{"start":{"line":80,"column":2},"end":{"line":88,"column":null}},"type":"if","locations":[{"start":{"line":80,"column":2},"end":{"line":88,"column":null}},{"start":{"line":82,"column":2},"end":{"line":88,"column":null}}],"line":80},"6":{"loc":{"start":{"line":82,"column":2},"end":{"line":88,"column":null}},"type":"if","locations":[{"start":{"line":82,"column":2},"end":{"line":88,"column":null}},{"start":{"line":84,"column":2},"end":{"line":88,"column":null}}],"line":82},"7":{"loc":{"start":{"line":84,"column":2},"end":{"line":88,"column":null}},"type":"if","locations":[{"start":{"line":84,"column":2},"end":{"line":88,"column":null}},{"start":{"line":86,"column":2},"end":{"line":88,"column":null}}],"line":84},"8":{"loc":{"start":{"line":86,"column":2},"end":{"line":88,"column":null}},"type":"if","locations":[{"start":{"line":86,"column":2},"end":{"line":88,"column":null}},{"start":{},"end":{}}],"line":86},"9":{"loc":{"start":{"line":97,"column":2},"end":{"line":105,"column":null}},"type":"if","locations":[{"start":{"line":97,"column":2},"end":{"line":105,"column":null}},{"start":{"line":103,"column":9},"end":{"line":105,"column":null}}],"line":97},"10":{"loc":{"start":{"line":100,"column":3},"end":{"line":102,"column":null}},"type":"if","locations":[{"start":{"line":100,"column":3},"end":{"line":102,"column":null}},{"start":{},"end":{}}],"line":100},"11":{"loc":{"start":{"line":119,"column":2},"end":{"line":129,"column":null}},"type":"if","locations":[{"start":{"line":119,"column":2},"end":{"line":129,"column":null}},{"start":{"line":121,"column":2},"end":{"line":129,"column":null}}],"line":119},"12":{"loc":{"start":{"line":121,"column":2},"end":{"line":129,"column":null}},"type":"if","locations":[{"start":{"line":121,"column":2},"end":{"line":129,"column":null}},{"start":{"line":125,"column":2},"end":{"line":129,"column":null}}],"line":121},"13":{"loc":{"start":{"line":125,"column":2},"end":{"line":129,"column":null}},"type":"if","locations":[{"start":{"line":125,"column":2},"end":{"line":129,"column":null}},{"start":{},"end":{}}],"line":125},"14":{"loc":{"start":{"line":126,"column":49},"end":{"line":126,"column":102}},"type":"binary-expr","locations":[{"start":{"line":126,"column":49},"end":{"line":126,"column":70}},{"start":{"line":126,"column":70},"end":{"line":126,"column":102}}],"line":126},"15":{"loc":{"start":{"line":135,"column":2},"end":{"line":144,"column":null}},"type":"if","locations":[{"start":{"line":135,"column":2},"end":{"line":144,"column":null}},{"start":{},"end":{}}],"line":135},"16":{"loc":{"start":{"line":139,"column":21},"end":{"line":139,"column":null}},"type":"binary-expr","locations":[{"start":{"line":139,"column":21},"end":{"line":139,"column":42}},{"start":{"line":139,"column":42},"end":{"line":139,"column":56}},{"start":{"line":139,"column":56},"end":{"line":139,"column":null}}],"line":139},"17":{"loc":{"start":{"line":141,"column":36},"end":{"line":141,"column":60}},"type":"binary-expr","locations":[{"start":{"line":141,"column":36},"end":{"line":141,"column":50}},{"start":{"line":141,"column":50},"end":{"line":141,"column":60}}],"line":141},"18":{"loc":{"start":{"line":161,"column":2},"end":{"line":163,"column":null}},"type":"if","locations":[{"start":{"line":161,"column":2},"end":{"line":163,"column":null}},{"start":{},"end":{}}],"line":161},"19":{"loc":{"start":{"line":161,"column":6},"end":{"line":161,"column":48}},"type":"binary-expr","locations":[{"start":{"line":161,"column":6},"end":{"line":161,"column":22}},{"start":{"line":161,"column":22},"end":{"line":161,"column":32}},{"start":{"line":161,"column":32},"end":{"line":161,"column":40}},{"start":{"line":161,"column":40},"end":{"line":161,"column":48}}],"line":161},"20":{"loc":{"start":{"line":170,"column":3},"end":{"line":172,"column":null}},"type":"if","locations":[{"start":{"line":170,"column":3},"end":{"line":172,"column":null}},{"start":{},"end":{}}],"line":170},"21":{"loc":{"start":{"line":181,"column":3},"end":{"line":188,"column":null}},"type":"if","locations":[{"start":{"line":181,"column":3},"end":{"line":188,"column":null}},{"start":{},"end":{}}],"line":181},"22":{"loc":{"start":{"line":182,"column":4},"end":{"line":186,"column":null}},"type":"if","locations":[{"start":{"line":182,"column":4},"end":{"line":186,"column":null}},{"start":{"line":184,"column":4},"end":{"line":186,"column":null}}],"line":182},"23":{"loc":{"start":{"line":184,"column":4},"end":{"line":186,"column":null}},"type":"if","locations":[{"start":{"line":184,"column":4},"end":{"line":186,"column":null}},{"start":{},"end":{}}],"line":184},"24":{"loc":{"start":{"line":197,"column":3},"end":{"line":204,"column":null}},"type":"if","locations":[{"start":{"line":197,"column":3},"end":{"line":204,"column":null}},{"start":{},"end":{}}],"line":197},"25":{"loc":{"start":{"line":201,"column":4},"end":{"line":203,"column":null}},"type":"if","locations":[{"start":{"line":201,"column":4},"end":{"line":203,"column":null}},{"start":{},"end":{}}],"line":201},"26":{"loc":{"start":{"line":201,"column":8},"end":{"line":201,"column":49}},"type":"binary-expr","locations":[{"start":{"line":201,"column":8},"end":{"line":201,"column":27}},{"start":{"line":201,"column":27},"end":{"line":201,"column":49}}],"line":201},"27":{"loc":{"start":{"line":213,"column":3},"end":{"line":215,"column":null}},"type":"if","locations":[{"start":{"line":213,"column":3},"end":{"line":215,"column":null}},{"start":{},"end":{}}],"line":213},"28":{"loc":{"start":{"line":224,"column":3},"end":{"line":230,"column":null}},"type":"if","locations":[{"start":{"line":224,"column":3},"end":{"line":230,"column":null}},{"start":{},"end":{}}],"line":224},"29":{"loc":{"start":{"line":226,"column":31},"end":{"line":226,"column":null}},"type":"binary-expr","locations":[{"start":{"line":226,"column":31},"end":{"line":226,"column":46}},{"start":{"line":226,"column":46},"end":{"line":226,"column":null}}],"line":226},"30":{"loc":{"start":{"line":241,"column":3},"end":{"line":245,"column":null}},"type":"if","locations":[{"start":{"line":241,"column":3},"end":{"line":245,"column":null}},{"start":{},"end":{}}],"line":241},"31":{"loc":{"start":{"line":244,"column":17},"end":{"line":244,"column":65}},"type":"cond-expr","locations":[{"start":{"line":244,"column":42},"end":{"line":244,"column":49}},{"start":{"line":244,"column":49},"end":{"line":244,"column":65}}],"line":244},"32":{"loc":{"start":{"line":258,"column":16},"end":{"line":258,"column":55}},"type":"cond-expr","locations":[{"start":{"line":258,"column":43},"end":{"line":258,"column":50}},{"start":{"line":258,"column":50},"end":{"line":258,"column":55}}],"line":258},"33":{"loc":{"start":{"line":267,"column":3},"end":{"line":274,"column":null}},"type":"if","locations":[{"start":{"line":267,"column":3},"end":{"line":274,"column":null}},{"start":{},"end":{}}],"line":267},"34":{"loc":{"start":{"line":272,"column":17},"end":{"line":272,"column":56}},"type":"cond-expr","locations":[{"start":{"line":272,"column":44},"end":{"line":272,"column":51}},{"start":{"line":272,"column":51},"end":{"line":272,"column":56}}],"line":272},"35":{"loc":{"start":{"line":283,"column":3},"end":{"line":292,"column":null}},"type":"if","locations":[{"start":{"line":283,"column":3},"end":{"line":292,"column":null}},{"start":{},"end":{}}],"line":283},"36":{"loc":{"start":{"line":285,"column":17},"end":{"line":285,"column":56}},"type":"cond-expr","locations":[{"start":{"line":285,"column":44},"end":{"line":285,"column":51}},{"start":{"line":285,"column":51},"end":{"line":285,"column":56}}],"line":285},"37":{"loc":{"start":{"line":286,"column":4},"end":{"line":288,"column":null}},"type":"if","locations":[{"start":{"line":286,"column":4},"end":{"line":288,"column":null}},{"start":{},"end":{}}],"line":286},"38":{"loc":{"start":{"line":312,"column":10},"end":{"line":312,"column":null}},"type":"binary-expr","locations":[{"start":{"line":312,"column":10},"end":{"line":312,"column":26}},{"start":{"line":312,"column":26},"end":{"line":312,"column":null}}],"line":312},"39":{"loc":{"start":{"line":337,"column":30},"end":{"line":337,"column":62}},"type":"cond-expr","locations":[{"start":{"line":337,"column":53},"end":{"line":337,"column":59}},{"start":{"line":337,"column":59},"end":{"line":337,"column":62}}],"line":337},"40":{"loc":{"start":{"line":347,"column":9},"end":{"line":350,"column":null}},"type":"binary-expr","locations":[{"start":{"line":347,"column":9},"end":{"line":347,"column":null}},{"start":{"line":348,"column":9},"end":{"line":350,"column":null}}],"line":347},"41":{"loc":{"start":{"line":356,"column":6},"end":{"line":375,"column":null}},"type":"cond-expr","locations":[{"start":{"line":357,"column":6},"end":{"line":370,"column":null}},{"start":{"line":372,"column":6},"end":{"line":375,"column":null}}],"line":356},"42":{"loc":{"start":{"line":358,"column":89},"end":{"line":358,"column":223}},"type":"cond-expr","locations":[{"start":{"line":358,"column":110},"end":{"line":358,"column":159}},{"start":{"line":358,"column":159},"end":{"line":358,"column":223}}],"line":358},"43":{"loc":{"start":{"line":359,"column":14},"end":{"line":365,"column":null}},"type":"cond-expr","locations":[{"start":{"line":359,"column":35},"end":{"line":359,"column":40}},{"start":{"line":359,"column":40},"end":{"line":365,"column":null}}],"line":359},"44":{"loc":{"start":{"line":369,"column":8},"end":{"line":369,"column":null}},"type":"cond-expr","locations":[{"start":{"line":369,"column":29},"end":{"line":369,"column":56}},{"start":{"line":369,"column":56},"end":{"line":369,"column":null}}],"line":369},"45":{"loc":{"start":{"line":398,"column":1},"end":{"line":404,"column":null}},"type":"if","locations":[{"start":{"line":398,"column":1},"end":{"line":404,"column":null}},{"start":{},"end":{}}],"line":398},"46":{"loc":{"start":{"line":408,"column":4},"end":{"line":532,"column":null}},"type":"cond-expr","locations":[{"start":{"line":409,"column":4},"end":{"line":417,"column":null}},{"start":{"line":419,"column":4},"end":{"line":532,"column":null}}],"line":408},"47":{"loc":{"start":{"line":420,"column":6},"end":{"line":429,"column":null}},"type":"binary-expr","locations":[{"start":{"line":420,"column":6},"end":{"line":420,"column":19}},{"start":{"line":420,"column":19},"end":{"line":420,"column":31}},{"start":{"line":420,"column":31},"end":{"line":420,"column":54}},{"start":{"line":420,"column":54},"end":{"line":429,"column":null}}],"line":420},"48":{"loc":{"start":{"line":430,"column":6},"end":{"line":439,"column":null}},"type":"binary-expr","locations":[{"start":{"line":430,"column":6},"end":{"line":430,"column":19}},{"start":{"line":430,"column":19},"end":{"line":430,"column":31}},{"start":{"line":430,"column":31},"end":{"line":430,"column":54}},{"start":{"line":430,"column":54},"end":{"line":439,"column":null}}],"line":430},"49":{"loc":{"start":{"line":464,"column":9},"end":{"line":473,"column":null}},"type":"binary-expr","locations":[{"start":{"line":464,"column":9},"end":{"line":464,"column":null}},{"start":{"line":465,"column":9},"end":{"line":473,"column":null}}],"line":464},"50":{"loc":{"start":{"line":475,"column":9},"end":{"line":513,"column":null}},"type":"binary-expr","locations":[{"start":{"line":475,"column":9},"end":{"line":475,"column":null}},{"start":{"line":476,"column":9},"end":{"line":513,"column":null}}],"line":475},"51":{"loc":{"start":{"line":479,"column":13},"end":{"line":479,"column":null}},"type":"cond-expr","locations":[{"start":{"line":479,"column":22},"end":{"line":479,"column":34}},{"start":{"line":479,"column":34},"end":{"line":479,"column":null}}],"line":479},"52":{"loc":{"start":{"line":482,"column":13},"end":{"line":482,"column":null}},"type":"cond-expr","locations":[{"start":{"line":482,"column":32},"end":{"line":482,"column":51}},{"start":{"line":482,"column":51},"end":{"line":482,"column":null}}],"line":482},"53":{"loc":{"start":{"line":496,"column":14},"end":{"line":496,"column":null}},"type":"cond-expr","locations":[{"start":{"line":496,"column":33},"end":{"line":496,"column":43}},{"start":{"line":496,"column":43},"end":{"line":496,"column":null}}],"line":496},"54":{"loc":{"start":{"line":523,"column":10},"end":{"line":527,"column":null}},"type":"binary-expr","locations":[{"start":{"line":523,"column":10},"end":{"line":523,"column":24}},{"start":{"line":523,"column":24},"end":{"line":523,"column":49}},{"start":{"line":523,"column":49},"end":{"line":527,"column":null}}],"line":523}},"s":{"0":40,"1":40,"2":0,"3":40,"4":40,"5":40,"6":40,"7":40,"8":40,"9":40,"10":40,"11":40,"12":40,"13":40,"14":40,"15":40,"16":40,"17":40,"18":40,"19":40,"20":40,"21":40,"22":40,"23":40,"24":40,"25":800,"26":40,"27":40,"28":40,"29":40,"30":40,"31":40,"32":40,"33":6,"34":1,"35":5,"36":1,"37":4,"38":1,"39":3,"40":1,"41":2,"42":1,"43":40,"44":12,"45":12,"46":40,"47":2,"48":0,"49":0,"50":2,"51":2,"52":2,"53":2,"54":40,"55":1,"56":1,"57":1,"58":1,"59":40,"60":1,"61":1,"62":0,"63":0,"64":0,"65":0,"66":0,"67":0,"68":0,"69":0,"70":40,"71":20,"72":1,"73":1,"74":1,"75":1,"76":1,"77":40,"78":21,"79":0,"80":0,"81":0,"82":21,"83":21,"84":40,"85":21,"86":20,"87":40,"88":21,"89":0,"90":0,"91":21,"92":21,"93":40,"94":21,"95":2,"96":2,"97":1,"98":1,"99":1,"100":2,"101":21,"102":21,"103":40,"104":37,"105":1,"106":1,"107":1,"108":1,"109":0,"110":37,"111":37,"112":40,"113":21,"114":0,"115":0,"116":21,"117":21,"118":40,"119":21,"120":1,"121":1,"122":21,"123":21,"124":40,"125":21,"126":2,"127":2,"128":2,"129":2,"130":21,"131":21,"132":40,"133":21,"134":11,"135":11,"136":11,"137":11,"138":11,"139":21,"140":21,"141":40,"142":21,"143":1,"144":1,"145":1,"146":1,"147":1,"148":1,"149":1,"150":21,"151":21,"152":40,"153":21,"154":3,"155":3,"156":3,"157":3,"158":3,"159":3,"160":3,"161":3,"162":21,"163":21,"164":40,"165":21,"166":1,"167":1,"168":21,"169":21,"170":40,"171":21,"172":1,"173":1,"174":21,"175":21,"176":40,"177":23,"178":1,"179":0,"180":40,"181":23,"182":17,"183":340,"184":3400,"185":1},"f":{"0":40,"1":800,"2":6,"3":12,"4":2,"5":1,"6":1,"7":20,"8":21,"9":0,"10":21,"11":21,"12":21,"13":0,"14":21,"15":21,"16":2,"17":21,"18":37,"19":1,"20":37,"21":21,"22":0,"23":21,"24":21,"25":1,"26":21,"27":21,"28":2,"29":21,"30":21,"31":11,"32":21,"33":21,"34":1,"35":21,"36":21,"37":3,"38":21,"39":21,"40":1,"41":21,"42":21,"43":1,"44":21,"45":23,"46":1,"47":0,"48":340,"49":3400,"50":1},"b":{"0":[0,40],"1":[0,40],"2":[40,0],"3":[40,0],"4":[1,5],"5":[1,4],"6":[1,3],"7":[1,2],"8":[1,1],"9":[0,2],"10":[0,0],"11":[1,0],"12":[0,0],"13":[0,0],"14":[0,0],"15":[1,19],"16":[1,1,0],"17":[1,0],"18":[20,1],"19":[21,21,20,20],"20":[0,0],"21":[2,0],"22":[1,1],"23":[1,0],"24":[1,0],"25":[0,1],"26":[1,1],"27":[0,0],"28":[1,0],"29":[1,0],"30":[2,0],"31":[1,1],"32":[1,10],"33":[1,0],"34":[0,1],"35":[3,0],"36":[1,2],"37":[3,0],"38":[1,0],"39":[22,1],"40":[1,1],"41":[1,22],"42":[1,0],"43":[1,0],"44":[1,0],"45":[23,17],"46":[0,17],"47":[17,2,0,0],"48":[17,2,0,0],"49":[17,1],"50":[17,3],"51":[1,2],"52":[3,0],"53":[3,0],"54":[17,17,1]},"meta":{"lastBranch":55,"lastFunction":51,"lastStatement":186,"seen":{"f:16:9:16:20":0,"s:18:7:18:Infinity":0,"b:20:1:22:Infinity:undefined:undefined:undefined:undefined":0,"s:20:1:22:Infinity":1,"s:21:2:21:Infinity":2,"s:24:31:24:Infinity":3,"s:26:7:26:Infinity":4,"s:27:7:27:Infinity":5,"s:28:7:28:Infinity":6,"s:31:21:31:Infinity":7,"s:32:23:32:Infinity":8,"b:32:84:32:96:32:96:32:103":1,"s:33:27:33:Infinity":9,"s:34:25:34:Infinity":10,"s:35:31:35:Infinity":11,"s:36:25:36:Infinity":12,"s:37:31:37:Infinity":13,"s:38:29:38:Infinity":14,"s:41:26:41:Infinity":15,"s:42:22:42:Infinity":16,"b:42:22:42:37:42:37:42:Infinity":2,"s:43:16:43:Infinity":17,"b:43:16:43:31:43:31:43:Infinity":3,"s:44:31:44:Infinity":18,"s:45:16:45:Infinity":19,"s:46:27:46:Infinity":20,"s:48:21:48:Infinity":21,"s:51:17:51:Infinity":22,"s:52:17:52:Infinity":23,"s:53:19:53:Infinity":24,"f:53:51:53:57":1,"s:53:57:53:79":25,"s:55:21:55:Infinity":26,"s:56:28:56:Infinity":27,"s:57:29:57:Infinity":28,"s:59:7:63:Infinity":29,"s:65:7:69:Infinity":30,"s:71:7:75:Infinity":31,"s:77:23:89:Infinity":32,"f:77:23:77:24":2,"b:78:2:88:Infinity:80:2:88:Infinity":4,"s:78:2:88:Infinity":33,"s:79:3:79:Infinity":34,"b:80:2:88:Infinity:82:2:88:Infinity":5,"s:80:2:88:Infinity":35,"s:81:3:81:Infinity":36,"b:82:2:88:Infinity:84:2:88:Infinity":6,"s:82:2:88:Infinity":37,"s:83:3:83:Infinity":38,"b:84:2:88:Infinity:86:2:88:Infinity":7,"s:84:2:88:Infinity":39,"s:85:3:85:Infinity":40,"b:86:2:88:Infinity:undefined:undefined:undefined:undefined":8,"s:86:2:88:Infinity":41,"s:87:3:87:Infinity":42,"s:91:30:94:Infinity":43,"f:91:30:91:31":3,"s:92:18:92:Infinity":44,"s:93:2:93:Infinity":45,"s:96:22:109:Infinity":46,"f:96:22:96:28":4,"b:97:2:105:Infinity:103:9:105:Infinity":9,"s:97:2:105:Infinity":47,"b:100:3:102:Infinity:undefined:undefined:undefined:undefined":10,"s:100:3:102:Infinity":48,"s:101:4:101:Infinity":49,"s:104:3:104:Infinity":50,"s:106:2:106:Infinity":51,"s:107:2:107:Infinity":52,"s:108:2:108:Infinity":53,"s:111:23:116:Infinity":54,"f:111:23:111:29":5,"s:112:2:112:Infinity":55,"s:113:2:113:Infinity":56,"s:114:2:114:Infinity":57,"s:115:2:115:Infinity":58,"s:118:19:130:Infinity":59,"f:118:19:118:25":6,"b:119:2:129:Infinity:121:2:129:Infinity":11,"s:119:2:129:Infinity":60,"s:120:3:120:Infinity":61,"b:121:2:129:Infinity:125:2:129:Infinity":12,"s:121:2:129:Infinity":62,"s:122:3:122:Infinity":63,"s:123:3:123:Infinity":64,"s:124:3:124:Infinity":65,"b:125:2:129:Infinity:undefined:undefined:undefined:undefined":13,"s:125:2:129:Infinity":66,"s:126:3:126:Infinity":67,"b:126:49:126:70:126:70:126:102":14,"s:127:3:127:Infinity":68,"s:128:3:128:Infinity":69,"s:134:1:145:Infinity":70,"f:134:11:134:17":7,"b:135:2:144:Infinity:undefined:undefined:undefined:undefined":15,"s:135:2:144:Infinity":71,"s:136:22:136:Infinity":72,"s:137:22:137:Infinity":73,"s:139:21:139:Infinity":74,"b:139:21:139:42:139:42:139:56:139:56:139:Infinity":16,"s:140:9:142:Infinity":75,"b:141:36:141:50:141:50:141:60":17,"s:143:3:143:Infinity":76,"s:148:1:157:Infinity":77,"f:148:11:148:17":8,"s:149:2:153:Infinity":78,"f:149:27:149:28":9,"s:150:3:150:Infinity":79,"s:151:3:151:Infinity":80,"s:152:3:152:Infinity":81,"s:154:2:156:Infinity":82,"f:154:9:154:15":10,"s:155:3:155:Infinity":83,"s:160:1:164:Infinity":84,"f:160:11:160:17":11,"b:161:2:163:Infinity:undefined:undefined:undefined:undefined":18,"s:161:2:163:Infinity":85,"b:161:6:161:22:161:22:161:32:161:32:161:40:161:40:161:48":19,"s:162:3:162:Infinity":86,"s:168:1:177:Infinity":87,"f:168:11:168:17":12,"s:169:2:173:Infinity":88,"f:169:28:169:29":13,"b:170:3:172:Infinity:undefined:undefined:undefined:undefined":20,"s:170:3:172:Infinity":89,"s:171:4:171:Infinity":90,"s:174:2:176:Infinity":91,"f:174:9:174:15":14,"s:175:3:175:Infinity":92,"s:179:1:193:Infinity":93,"f:179:11:179:17":15,"s:180:2:189:Infinity":94,"f:180:33:180:34":16,"b:181:3:188:Infinity:undefined:undefined:undefined:undefined":21,"s:181:3:188:Infinity":95,"b:182:4:186:Infinity:184:4:186:Infinity":22,"s:182:4:186:Infinity":96,"s:183:5:183:Infinity":97,"b:184:4:186:Infinity:undefined:undefined:undefined:undefined":23,"s:184:4:186:Infinity":98,"s:185:5:185:Infinity":99,"s:187:4:187:Infinity":100,"s:190:2:192:Infinity":101,"f:190:9:190:15":17,"s:191:3:191:Infinity":102,"s:195:1:209:Infinity":103,"f:195:11:195:17":18,"s:196:2:205:Infinity":104,"f:196:36:196:37":19,"b:197:3:204:Infinity:undefined:undefined:undefined:undefined":24,"s:197:3:204:Infinity":105,"s:198:4:198:Infinity":106,"s:199:4:199:Infinity":107,"b:201:4:203:Infinity:undefined:undefined:undefined:undefined":25,"s:201:4:203:Infinity":108,"b:201:8:201:27:201:27:201:49":26,"s:202:5:202:Infinity":109,"s:206:2:208:Infinity":110,"f:206:9:206:15":20,"s:207:3:207:Infinity":111,"s:211:1:220:Infinity":112,"f:211:11:211:17":21,"s:212:2:216:Infinity":113,"f:212:34:212:35":22,"b:213:3:215:Infinity:undefined:undefined:undefined:undefined":27,"s:213:3:215:Infinity":114,"s:214:4:214:Infinity":115,"s:217:2:219:Infinity":116,"f:217:9:217:15":23,"s:218:3:218:Infinity":117,"s:222:1:235:Infinity":118,"f:222:11:222:17":24,"s:223:2:231:Infinity":119,"f:223:34:223:35":25,"b:224:3:230:Infinity:undefined:undefined:undefined:undefined":28,"s:224:3:230:Infinity":120,"s:225:4:229:Infinity":121,"b:226:31:226:46:226:46:226:Infinity":29,"s:232:2:234:Infinity":122,"f:232:9:232:15":26,"s:233:3:233:Infinity":123,"s:239:1:250:Infinity":124,"f:239:11:239:17":27,"s:240:2:246:Infinity":125,"f:240:26:240:27":28,"b:241:3:245:Infinity:undefined:undefined:undefined:undefined":30,"s:241:3:245:Infinity":126,"s:242:4:242:Infinity":127,"s:243:4:243:Infinity":128,"s:244:4:244:Infinity":129,"b:244:42:244:49:244:49:244:65":31,"s:247:2:249:Infinity":130,"f:247:9:247:15":29,"s:248:3:248:Infinity":131,"s:252:1:263:Infinity":132,"f:252:11:252:17":30,"s:253:2:259:Infinity":133,"f:253:27:253:28":31,"s:254:3:254:Infinity":134,"s:255:3:255:Infinity":135,"s:256:3:256:Infinity":136,"s:257:3:257:Infinity":137,"s:258:3:258:Infinity":138,"b:258:43:258:50:258:50:258:55":32,"s:260:2:262:Infinity":139,"f:260:9:260:15":32,"s:261:3:261:Infinity":140,"s:265:1:279:Infinity":141,"f:265:11:265:17":33,"s:266:2:275:Infinity":142,"f:266:23:266:24":34,"b:267:3:274:Infinity:undefined:undefined:undefined:undefined":33,"s:267:3:274:Infinity":143,"s:268:4:268:Infinity":144,"s:269:4:269:Infinity":145,"s:270:4:270:Infinity":146,"s:271:4:271:Infinity":147,"s:272:4:272:Infinity":148,"b:272:44:272:51:272:51:272:56":34,"s:273:4:273:Infinity":149,"s:276:2:278:Infinity":150,"f:276:9:276:15":35,"s:277:3:277:Infinity":151,"s:281:1:297:Infinity":152,"f:281:11:281:17":36,"s:282:2:293:Infinity":153,"f:282:24:282:25":37,"b:283:3:292:Infinity:undefined:undefined:undefined:undefined":35,"s:283:3:292:Infinity":154,"s:284:4:284:Infinity":155,"s:285:4:285:Infinity":156,"b:285:44:285:51:285:51:285:56":36,"b:286:4:288:Infinity:undefined:undefined:undefined:undefined":37,"s:286:4:288:Infinity":157,"s:287:5:287:Infinity":158,"s:289:4:289:Infinity":159,"s:290:4:290:Infinity":160,"s:291:4:291:Infinity":161,"s:294:2:296:Infinity":162,"f:294:9:294:15":38,"s:295:3:295:Infinity":163,"s:299:1:307:Infinity":164,"f:299:11:299:17":39,"s:300:2:303:Infinity":165,"f:300:23:300:29":40,"s:301:3:301:Infinity":166,"s:302:3:302:Infinity":167,"s:304:2:306:Infinity":168,"f:304:9:304:15":41,"s:305:3:305:Infinity":169,"s:309:1:321:Infinity":170,"f:309:11:309:17":42,"s:310:2:317:Infinity":171,"f:310:34:310:35":43,"s:311:3:315:Infinity":172,"b:312:10:312:26:312:26:312:Infinity":38,"s:316:3:316:Infinity":173,"s:318:2:320:Infinity":174,"f:318:9:318:15":44,"s:319:3:319:Infinity":175,"s:326:19:394:Infinity":176,"f:326:19:326:25":45,"s:327:2:392:Infinity":177,"b:337:53:337:59:337:59:337:62":39,"f:341:19:341:20":46,"s:342:7:352:Infinity":178,"b:347:9:347:Infinity:348:9:350:Infinity":40,"b:357:6:370:Infinity:372:6:375:Infinity":41,"b:358:110:358:159:358:159:358:223":42,"b:359:35:359:40:359:40:365:Infinity":43,"f:366:16:366:22":47,"s:366:22:366:Infinity":179,"b:369:29:369:56:369:56:369:Infinity":44,"b:398:1:404:Infinity:undefined:undefined:undefined:undefined":45,"s:398:1:404:Infinity":180,"s:399:2:402:Infinity":181,"s:406:1:534:Infinity":182,"b:409:4:417:Infinity:419:4:532:Infinity":46,"b:420:6:420:19:420:19:420:31:420:31:420:54:420:54:429:Infinity":47,"b:430:6:430:19:430:19:430:31:430:31:430:54:430:54:439:Infinity":48,"f:455:19:455:20":48,"s:456:10:461:Infinity":183,"f:456:18:456:19":49,"s:457:11:460:Infinity":184,"b:464:9:464:Infinity:465:9:473:Infinity":49,"b:475:9:475:Infinity:476:9:513:Infinity":50,"b:479:22:479:34:479:34:479:Infinity":51,"b:482:32:482:51:482:51:482:Infinity":52,"b:496:33:496:43:496:43:496:Infinity":53,"b:523:10:523:24:523:24:523:49:523:49:527:Infinity":54,"f:523:64:523:65":50,"s:524:10:526:Infinity":185}}}
,"/home/raphael/ecole_42/red-tetris/my-app/src/components/HomePage.tsx": {"path":"/home/raphael/ecole_42/red-tetris/my-app/src/components/HomePage.tsx","statementMap":{"0":{"start":{"line":13,"column":7},"end":{"line":13,"column":null}},"1":{"start":{"line":14,"column":7},"end":{"line":14,"column":null}},"2":{"start":{"line":15,"column":21},"end":{"line":15,"column":null}},"3":{"start":{"line":16,"column":21},"end":{"line":20,"column":null}},"4":{"start":{"line":21,"column":25},"end":{"line":21,"column":null}},"5":{"start":{"line":22,"column":35},"end":{"line":22,"column":null}},"6":{"start":{"line":23,"column":43},"end":{"line":23,"column":null}},"7":{"start":{"line":24,"column":41},"end":{"line":24,"column":null}},"8":{"start":{"line":25,"column":35},"end":{"line":25,"column":null}},"9":{"start":{"line":27,"column":47},"end":{"line":27,"column":null}},"10":{"start":{"line":28,"column":59},"end":{"line":29,"column":null}},"11":{"start":{"line":30,"column":57},"end":{"line":31,"column":null}},"12":{"start":{"line":32,"column":59},"end":{"line":33,"column":null}},"13":{"start":{"line":34,"column":59},"end":{"line":35,"column":null}},"14":{"start":{"line":36,"column":43},"end":{"line":36,"column":null}},"15":{"start":{"line":38,"column":31},"end":{"line":38,"column":null}},"16":{"start":{"line":39,"column":33},"end":{"line":39,"column":null}},"17":{"start":{"line":40,"column":33},"end":{"line":40,"column":null}},"18":{"start":{"line":41,"column":26},"end":{"line":41,"column":null}},"19":{"start":{"line":42,"column":7},"end":{"line":46,"column":null}},"20":{"start":{"line":48,"column":1},"end":{"line":50,"column":null}},"21":{"start":{"line":49,"column":2},"end":{"line":49,"column":null}},"22":{"start":{"line":52,"column":31},"end":{"line":52,"column":null}},"23":{"start":{"line":54,"column":21},"end":{"line":62,"column":null}},"24":{"start":{"line":55,"column":2},"end":{"line":61,"column":null}},"25":{"start":{"line":56,"column":3},"end":{"line":59,"column":null}},"26":{"start":{"line":57,"column":4},"end":{"line":57,"column":null}},"27":{"start":{"line":58,"column":4},"end":{"line":58,"column":null}},"28":{"start":{"line":60,"column":3},"end":{"line":60,"column":null}},"29":{"start":{"line":70,"column":24},"end":{"line":73,"column":null}},"30":{"start":{"line":71,"column":2},"end":{"line":71,"column":null}},"31":{"start":{"line":72,"column":2},"end":{"line":72,"column":null}},"32":{"start":{"line":75,"column":24},"end":{"line":80,"column":null}},"33":{"start":{"line":76,"column":2},"end":{"line":76,"column":null}},"34":{"start":{"line":77,"column":2},"end":{"line":79,"column":null}},"35":{"start":{"line":78,"column":3},"end":{"line":78,"column":null}},"36":{"start":{"line":82,"column":26},"end":{"line":87,"column":null}},"37":{"start":{"line":83,"column":2},"end":{"line":83,"column":null}},"38":{"start":{"line":84,"column":2},"end":{"line":84,"column":null}},"39":{"start":{"line":85,"column":19},"end":{"line":85,"column":null}},"40":{"start":{"line":86,"column":2},"end":{"line":86,"column":null}},"41":{"start":{"line":89,"column":25},"end":{"line":132,"column":null}},"42":{"start":{"line":94,"column":25},"end":{"line":101,"column":null}},"43":{"start":{"line":95,"column":3},"end":{"line":95,"column":null}},"44":{"start":{"line":96,"column":3},"end":{"line":96,"column":null}},"45":{"start":{"line":97,"column":21},"end":{"line":97,"column":null}},"46":{"start":{"line":98,"column":3},"end":{"line":98,"column":null}},"47":{"start":{"line":99,"column":3},"end":{"line":99,"column":null}},"48":{"start":{"line":100,"column":3},"end":{"line":100,"column":null}},"49":{"start":{"line":103,"column":2},"end":{"line":130,"column":null}},"50":{"start":{"line":112,"column":8},"end":{"line":118,"column":null}},"51":{"start":{"line":125,"column":21},"end":{"line":125,"column":null}},"52":{"start":{"line":134,"column":28},"end":{"line":165,"column":null}},"53":{"start":{"line":139,"column":19},"end":{"line":144,"column":null}},"54":{"start":{"line":140,"column":3},"end":{"line":140,"column":null}},"55":{"start":{"line":141,"column":3},"end":{"line":141,"column":null}},"56":{"start":{"line":142,"column":3},"end":{"line":142,"column":null}},"57":{"start":{"line":143,"column":3},"end":{"line":143,"column":null}},"58":{"start":{"line":146,"column":2},"end":{"line":163,"column":null}},"59":{"start":{"line":157,"column":7},"end":{"line":157,"column":null}},"60":{"start":{"line":167,"column":21},"end":{"line":260,"column":null}},"61":{"start":{"line":176,"column":2},"end":{"line":259,"column":null}},"62":{"start":{"line":177,"column":3},"end":{"line":257,"column":null}},"63":{"start":{"line":186,"column":9},"end":{"line":213,"column":null}},"64":{"start":{"line":194,"column":13},"end":{"line":194,"column":null}},"65":{"start":{"line":195,"column":29},"end":{"line":195,"column":null}},"66":{"start":{"line":196,"column":13},"end":{"line":196,"column":null}},"67":{"start":{"line":197,"column":13},"end":{"line":208,"column":null}},"68":{"start":{"line":198,"column":32},"end":{"line":198,"column":null}},"69":{"start":{"line":199,"column":14},"end":{"line":199,"column":null}},"70":{"start":{"line":200,"column":14},"end":{"line":200,"column":null}},"71":{"start":{"line":201,"column":14},"end":{"line":201,"column":null}},"72":{"start":{"line":203,"column":14},"end":{"line":203,"column":null}},"73":{"start":{"line":204,"column":14},"end":{"line":207,"column":null}},"74":{"start":{"line":217,"column":9},"end":{"line":241,"column":null}},"75":{"start":{"line":225,"column":13},"end":{"line":225,"column":null}},"76":{"start":{"line":226,"column":29},"end":{"line":226,"column":null}},"77":{"start":{"line":227,"column":13},"end":{"line":227,"column":null}},"78":{"start":{"line":228,"column":13},"end":{"line":228,"column":null}},"79":{"start":{"line":229,"column":13},"end":{"line":235,"column":null}},"80":{"start":{"line":236,"column":13},"end":{"line":236,"column":null}},"81":{"start":{"line":250,"column":8},"end":{"line":250,"column":null}},"82":{"start":{"line":251,"column":8},"end":{"line":251,"column":null}},"83":{"start":{"line":262,"column":22},"end":{"line":288,"column":null}},"84":{"start":{"line":263,"column":2},"end":{"line":287,"column":null}},"85":{"start":{"line":264,"column":3},"end":{"line":268,"column":null}},"86":{"start":{"line":269,"column":2},"end":{"line":287,"column":null}},"87":{"start":{"line":270,"column":3},"end":{"line":274,"column":null}},"88":{"start":{"line":275,"column":2},"end":{"line":287,"column":null}},"89":{"start":{"line":276,"column":3},"end":{"line":280,"column":null}},"90":{"start":{"line":281,"column":2},"end":{"line":287,"column":null}},"91":{"start":{"line":282,"column":3},"end":{"line":286,"column":null}},"92":{"start":{"line":290,"column":1},"end":{"line":299,"column":null}},"93":{"start":{"line":291,"column":2},"end":{"line":295,"column":null}},"94":{"start":{"line":292,"column":3},"end":{"line":292,"column":null}},"95":{"start":{"line":293,"column":21},"end":{"line":293,"column":null}},"96":{"start":{"line":294,"column":3},"end":{"line":294,"column":null}},"97":{"start":{"line":296,"column":2},"end":{"line":298,"column":null}},"98":{"start":{"line":297,"column":3},"end":{"line":297,"column":null}},"99":{"start":{"line":301,"column":1},"end":{"line":321,"column":null}},"100":{"start":{"line":302,"column":2},"end":{"line":302,"column":null}},"101":{"start":{"line":303,"column":18},"end":{"line":303,"column":null}},"102":{"start":{"line":304,"column":18},"end":{"line":304,"column":null}},"103":{"start":{"line":305,"column":2},"end":{"line":319,"column":null}},"104":{"start":{"line":306,"column":3},"end":{"line":306,"column":null}},"105":{"start":{"line":307,"column":3},"end":{"line":307,"column":null}},"106":{"start":{"line":308,"column":3},"end":{"line":308,"column":null}},"107":{"start":{"line":309,"column":3},"end":{"line":318,"column":null}},"108":{"start":{"line":310,"column":4},"end":{"line":310,"column":null}},"109":{"start":{"line":311,"column":4},"end":{"line":315,"column":null}},"110":{"start":{"line":316,"column":3},"end":{"line":318,"column":null}},"111":{"start":{"line":317,"column":4},"end":{"line":317,"column":null}},"112":{"start":{"line":320,"column":2},"end":{"line":320,"column":null}},"113":{"start":{"line":323,"column":1},"end":{"line":331,"column":null}},"114":{"start":{"line":324,"column":2},"end":{"line":324,"column":null}},"115":{"start":{"line":325,"column":2},"end":{"line":330,"column":null}},"116":{"start":{"line":326,"column":3},"end":{"line":326,"column":null}},"117":{"start":{"line":327,"column":3},"end":{"line":327,"column":null}},"118":{"start":{"line":328,"column":3},"end":{"line":328,"column":null}},"119":{"start":{"line":329,"column":3},"end":{"line":329,"column":null}},"120":{"start":{"line":333,"column":1},"end":{"line":362,"column":null}},"121":{"start":{"line":334,"column":2},"end":{"line":337,"column":null}},"122":{"start":{"line":335,"column":3},"end":{"line":335,"column":null}},"123":{"start":{"line":336,"column":3},"end":{"line":336,"column":null}},"124":{"start":{"line":338,"column":2},"end":{"line":349,"column":null}},"125":{"start":{"line":339,"column":3},"end":{"line":339,"column":null}},"126":{"start":{"line":340,"column":3},"end":{"line":348,"column":null}},"127":{"start":{"line":341,"column":4},"end":{"line":346,"column":null}},"128":{"start":{"line":347,"column":4},"end":{"line":347,"column":null}},"129":{"start":{"line":350,"column":2},"end":{"line":352,"column":null}},"130":{"start":{"line":351,"column":3},"end":{"line":351,"column":null}},"131":{"start":{"line":353,"column":2},"end":{"line":355,"column":null}},"132":{"start":{"line":354,"column":3},"end":{"line":354,"column":null}},"133":{"start":{"line":356,"column":2},"end":{"line":361,"column":null}},"134":{"start":{"line":357,"column":3},"end":{"line":357,"column":null}},"135":{"start":{"line":358,"column":3},"end":{"line":358,"column":null}},"136":{"start":{"line":359,"column":3},"end":{"line":359,"column":null}},"137":{"start":{"line":360,"column":3},"end":{"line":360,"column":null}},"138":{"start":{"line":364,"column":1},"end":{"line":394,"column":null}},"139":{"start":{"line":365,"column":2},"end":{"line":382,"column":null}},"140":{"start":{"line":366,"column":3},"end":{"line":366,"column":null}},"141":{"start":{"line":367,"column":3},"end":{"line":375,"column":null}},"142":{"start":{"line":368,"column":4},"end":{"line":370,"column":null}},"143":{"start":{"line":371,"column":4},"end":{"line":373,"column":null}},"144":{"start":{"line":374,"column":4},"end":{"line":374,"column":null}},"145":{"start":{"line":376,"column":26},"end":{"line":376,"column":null}},"146":{"start":{"line":377,"column":3},"end":{"line":377,"column":null}},"147":{"start":{"line":378,"column":3},"end":{"line":380,"column":null}},"148":{"start":{"line":381,"column":3},"end":{"line":381,"column":null}},"149":{"start":{"line":383,"column":2},"end":{"line":385,"column":null}},"150":{"start":{"line":384,"column":3},"end":{"line":384,"column":null}},"151":{"start":{"line":396,"column":1},"end":{"line":404,"column":null}},"152":{"start":{"line":397,"column":2},"end":{"line":400,"column":null}},"153":{"start":{"line":398,"column":3},"end":{"line":398,"column":null}},"154":{"start":{"line":399,"column":3},"end":{"line":399,"column":null}},"155":{"start":{"line":401,"column":2},"end":{"line":403,"column":null}},"156":{"start":{"line":402,"column":3},"end":{"line":402,"column":null}},"157":{"start":{"line":406,"column":1},"end":{"line":664,"column":null}},"158":{"start":{"line":522,"column":10},"end":{"line":522,"column":null}},"159":{"start":{"line":523,"column":10},"end":{"line":523,"column":null}},"160":{"start":{"line":524,"column":10},"end":{"line":524,"column":null}},"161":{"start":{"line":525,"column":10},"end":{"line":525,"column":null}},"162":{"start":{"line":559,"column":10},"end":{"line":559,"column":null}},"163":{"start":{"line":560,"column":10},"end":{"line":560,"column":null}},"164":{"start":{"line":561,"column":10},"end":{"line":561,"column":null}},"165":{"start":{"line":562,"column":10},"end":{"line":562,"column":null}},"166":{"start":{"line":592,"column":10},"end":{"line":592,"column":null}},"167":{"start":{"line":593,"column":10},"end":{"line":593,"column":null}},"168":{"start":{"line":594,"column":10},"end":{"line":594,"column":null}},"169":{"start":{"line":595,"column":10},"end":{"line":595,"column":null}},"170":{"start":{"line":625,"column":10},"end":{"line":625,"column":null}},"171":{"start":{"line":626,"column":10},"end":{"line":626,"column":null}},"172":{"start":{"line":627,"column":10},"end":{"line":627,"column":null}},"173":{"start":{"line":628,"column":10},"end":{"line":628,"column":null}}},"fnMap":{"0":{"name":"HomePage","decl":{"start":{"line":12,"column":9},"end":{"line":12,"column":20}},"loc":{"start":{"line":12,"column":20},"end":{"line":666,"column":null}},"line":12},"1":{"name":"(anonymous_1)","decl":{"start":{"line":54,"column":21},"end":{"line":54,"column":27}},"loc":{"start":{"line":54,"column":27},"end":{"line":62,"column":null}},"line":54},"2":{"name":"(anonymous_2)","decl":{"start":{"line":55,"column":15},"end":{"line":55,"column":16}},"loc":{"start":{"line":55,"column":25},"end":{"line":61,"column":3}},"line":55},"3":{"name":"(anonymous_3)","decl":{"start":{"line":70,"column":24},"end":{"line":70,"column":25}},"loc":{"start":{"line":70,"column":68},"end":{"line":73,"column":null}},"line":70},"4":{"name":"(anonymous_4)","decl":{"start":{"line":75,"column":24},"end":{"line":75,"column":25}},"loc":{"start":{"line":75,"column":68},"end":{"line":80,"column":null}},"line":75},"5":{"name":"(anonymous_5)","decl":{"start":{"line":82,"column":26},"end":{"line":82,"column":27}},"loc":{"start":{"line":82,"column":70},"end":{"line":87,"column":null}},"line":82},"6":{"name":"(anonymous_6)","decl":{"start":{"line":89,"column":25},"end":{"line":89,"column":null}},"loc":{"start":{"line":93,"column":17},"end":{"line":132,"column":null}},"line":93},"7":{"name":"(anonymous_7)","decl":{"start":{"line":94,"column":25},"end":{"line":94,"column":26}},"loc":{"start":{"line":94,"column":43},"end":{"line":101,"column":null}},"line":94},"8":{"name":"(anonymous_8)","decl":{"start":{"line":111,"column":22},"end":{"line":111,"column":23}},"loc":{"start":{"line":111,"column":41},"end":{"line":120,"column":8}},"line":111},"9":{"name":"(anonymous_9)","decl":{"start":{"line":125,"column":15},"end":{"line":125,"column":21}},"loc":{"start":{"line":125,"column":21},"end":{"line":125,"column":null}},"line":125},"10":{"name":"(anonymous_10)","decl":{"start":{"line":134,"column":28},"end":{"line":134,"column":null}},"loc":{"start":{"line":138,"column":17},"end":{"line":165,"column":null}},"line":138},"11":{"name":"(anonymous_11)","decl":{"start":{"line":139,"column":19},"end":{"line":139,"column":20}},"loc":{"start":{"line":139,"column":37},"end":{"line":144,"column":null}},"line":139},"12":{"name":"(anonymous_12)","decl":{"start":{"line":156,"column":15},"end":{"line":156,"column":21}},"loc":{"start":{"line":156,"column":21},"end":{"line":158,"column":null}},"line":156},"13":{"name":"(anonymous_13)","decl":{"start":{"line":167,"column":21},"end":{"line":167,"column":22}},"loc":{"start":{"line":175,"column":7},"end":{"line":260,"column":null}},"line":175},"14":{"name":"(anonymous_14)","decl":{"start":{"line":185,"column":24},"end":{"line":185,"column":25}},"loc":{"start":{"line":185,"column":57},"end":{"line":215,"column":9}},"line":185},"15":{"name":"(anonymous_15)","decl":{"start":{"line":193,"column":21},"end":{"line":193,"column":22}},"loc":{"start":{"line":193,"column":28},"end":{"line":209,"column":null}},"line":193},"16":{"name":"(anonymous_16)","decl":{"start":{"line":216,"column":24},"end":{"line":216,"column":25}},"loc":{"start":{"line":216,"column":55},"end":{"line":243,"column":9}},"line":216},"17":{"name":"(anonymous_17)","decl":{"start":{"line":224,"column":21},"end":{"line":224,"column":22}},"loc":{"start":{"line":224,"column":28},"end":{"line":237,"column":null}},"line":224},"18":{"name":"(anonymous_18)","decl":{"start":{"line":249,"column":16},"end":{"line":249,"column":22}},"loc":{"start":{"line":249,"column":22},"end":{"line":252,"column":null}},"line":249},"19":{"name":"(anonymous_19)","decl":{"start":{"line":262,"column":22},"end":{"line":262,"column":28}},"loc":{"start":{"line":262,"column":28},"end":{"line":288,"column":null}},"line":262},"20":{"name":"(anonymous_20)","decl":{"start":{"line":290,"column":11},"end":{"line":290,"column":17}},"loc":{"start":{"line":290,"column":17},"end":{"line":299,"column":4}},"line":290},"21":{"name":"(anonymous_21)","decl":{"start":{"line":291,"column":25},"end":{"line":291,"column":26}},"loc":{"start":{"line":291,"column":35},"end":{"line":295,"column":3}},"line":291},"22":{"name":"(anonymous_22)","decl":{"start":{"line":296,"column":9},"end":{"line":296,"column":15}},"loc":{"start":{"line":296,"column":15},"end":{"line":298,"column":null}},"line":296},"23":{"name":"(anonymous_23)","decl":{"start":{"line":301,"column":11},"end":{"line":301,"column":17}},"loc":{"start":{"line":301,"column":17},"end":{"line":321,"column":4}},"line":301},"24":{"name":"(anonymous_24)","decl":{"start":{"line":323,"column":11},"end":{"line":323,"column":17}},"loc":{"start":{"line":323,"column":17},"end":{"line":331,"column":4}},"line":323},"25":{"name":"(anonymous_25)","decl":{"start":{"line":333,"column":11},"end":{"line":333,"column":17}},"loc":{"start":{"line":333,"column":17},"end":{"line":362,"column":4}},"line":333},"26":{"name":"(anonymous_26)","decl":{"start":{"line":334,"column":31},"end":{"line":334,"column":32}},"loc":{"start":{"line":334,"column":41},"end":{"line":337,"column":3}},"line":334},"27":{"name":"(anonymous_27)","decl":{"start":{"line":338,"column":31},"end":{"line":338,"column":32}},"loc":{"start":{"line":338,"column":41},"end":{"line":349,"column":3}},"line":338},"28":{"name":"(anonymous_28)","decl":{"start":{"line":350,"column":30},"end":{"line":350,"column":31}},"loc":{"start":{"line":350,"column":40},"end":{"line":352,"column":3}},"line":350},"29":{"name":"(anonymous_29)","decl":{"start":{"line":353,"column":37},"end":{"line":353,"column":38}},"loc":{"start":{"line":353,"column":47},"end":{"line":355,"column":3}},"line":353},"30":{"name":"(anonymous_30)","decl":{"start":{"line":356,"column":9},"end":{"line":356,"column":15}},"loc":{"start":{"line":356,"column":15},"end":{"line":361,"column":null}},"line":356},"31":{"name":"(anonymous_31)","decl":{"start":{"line":364,"column":11},"end":{"line":364,"column":17}},"loc":{"start":{"line":364,"column":17},"end":{"line":386,"column":4}},"line":364},"32":{"name":"(anonymous_32)","decl":{"start":{"line":365,"column":34},"end":{"line":365,"column":35}},"loc":{"start":{"line":365,"column":44},"end":{"line":382,"column":3}},"line":365},"33":{"name":"(anonymous_33)","decl":{"start":{"line":367,"column":14},"end":{"line":367,"column":20}},"loc":{"start":{"line":367,"column":20},"end":{"line":375,"column":6}},"line":367},"34":{"name":"(anonymous_34)","decl":{"start":{"line":383,"column":9},"end":{"line":383,"column":15}},"loc":{"start":{"line":383,"column":15},"end":{"line":385,"column":null}},"line":383},"35":{"name":"(anonymous_35)","decl":{"start":{"line":396,"column":11},"end":{"line":396,"column":17}},"loc":{"start":{"line":396,"column":17},"end":{"line":404,"column":4}},"line":396},"36":{"name":"(anonymous_36)","decl":{"start":{"line":397,"column":34},"end":{"line":397,"column":35}},"loc":{"start":{"line":397,"column":44},"end":{"line":400,"column":3}},"line":397},"37":{"name":"(anonymous_37)","decl":{"start":{"line":401,"column":9},"end":{"line":401,"column":15}},"loc":{"start":{"line":401,"column":15},"end":{"line":403,"column":null}},"line":401},"38":{"name":"(anonymous_38)","decl":{"start":{"line":521,"column":18},"end":{"line":521,"column":19}},"loc":{"start":{"line":521,"column":62},"end":{"line":526,"column":null}},"line":521},"39":{"name":"(anonymous_39)","decl":{"start":{"line":558,"column":18},"end":{"line":558,"column":19}},"loc":{"start":{"line":558,"column":62},"end":{"line":563,"column":null}},"line":558},"40":{"name":"(anonymous_40)","decl":{"start":{"line":591,"column":18},"end":{"line":591,"column":19}},"loc":{"start":{"line":591,"column":62},"end":{"line":596,"column":null}},"line":591},"41":{"name":"(anonymous_41)","decl":{"start":{"line":624,"column":18},"end":{"line":624,"column":19}},"loc":{"start":{"line":624,"column":62},"end":{"line":629,"column":null}},"line":624}},"branchMap":{"0":{"loc":{"start":{"line":17,"column":2},"end":{"line":19,"column":null}},"type":"cond-expr","locations":[{"start":{"line":18,"column":5},"end":{"line":18,"column":null}},{"start":{"line":19,"column":5},"end":{"line":19,"column":null}}],"line":17},"1":{"loc":{"start":{"line":48,"column":1},"end":{"line":50,"column":null}},"type":"if","locations":[{"start":{"line":48,"column":1},"end":{"line":50,"column":null}},{"start":{},"end":{}}],"line":48},"2":{"loc":{"start":{"line":56,"column":3},"end":{"line":59,"column":null}},"type":"if","locations":[{"start":{"line":56,"column":3},"end":{"line":59,"column":null}},{"start":{},"end":{}}],"line":56},"3":{"loc":{"start":{"line":77,"column":2},"end":{"line":79,"column":null}},"type":"if","locations":[{"start":{"line":77,"column":2},"end":{"line":79,"column":null}},{"start":{},"end":{}}],"line":77},"4":{"loc":{"start":{"line":149,"column":6},"end":{"line":153,"column":null}},"type":"cond-expr","locations":[{"start":{"line":150,"column":6},"end":{"line":152,"column":null}},{"start":{"line":153,"column":9},"end":{"line":153,"column":null}}],"line":149},"5":{"loc":{"start":{"line":160,"column":7},"end":{"line":160,"column":null}},"type":"cond-expr","locations":[{"start":{"line":160,"column":19},"end":{"line":160,"column":41}},{"start":{"line":160,"column":41},"end":{"line":160,"column":null}}],"line":160},"6":{"loc":{"start":{"line":176,"column":2},"end":{"line":259,"column":null}},"type":"if","locations":[{"start":{"line":176,"column":2},"end":{"line":259,"column":null}},{"start":{},"end":{}}],"line":176},"7":{"loc":{"start":{"line":176,"column":6},"end":{"line":176,"column":20}},"type":"binary-expr","locations":[{"start":{"line":176,"column":6},"end":{"line":176,"column":14}},{"start":{"line":176,"column":14},"end":{"line":176,"column":20}}],"line":176},"8":{"loc":{"start":{"line":184,"column":8},"end":{"line":243,"column":null}},"type":"cond-expr","locations":[{"start":{"line":185,"column":10},"end":{"line":215,"column":null}},{"start":{"line":216,"column":10},"end":{"line":243,"column":null}}],"line":184},"9":{"loc":{"start":{"line":197,"column":13},"end":{"line":208,"column":null}},"type":"if","locations":[{"start":{"line":197,"column":13},"end":{"line":208,"column":null}},{"start":{"line":202,"column":20},"end":{"line":208,"column":null}}],"line":197},"10":{"loc":{"start":{"line":197,"column":17},"end":{"line":197,"column":77}},"type":"binary-expr","locations":[{"start":{"line":197,"column":17},"end":{"line":197,"column":48}},{"start":{"line":197,"column":48},"end":{"line":197,"column":77}}],"line":197},"11":{"loc":{"start":{"line":263,"column":2},"end":{"line":287,"column":null}},"type":"if","locations":[{"start":{"line":263,"column":2},"end":{"line":287,"column":null}},{"start":{"line":269,"column":2},"end":{"line":287,"column":null}}],"line":263},"12":{"loc":{"start":{"line":269,"column":2},"end":{"line":287,"column":null}},"type":"if","locations":[{"start":{"line":269,"column":2},"end":{"line":287,"column":null}},{"start":{"line":275,"column":2},"end":{"line":287,"column":null}}],"line":269},"13":{"loc":{"start":{"line":275,"column":2},"end":{"line":287,"column":null}},"type":"if","locations":[{"start":{"line":275,"column":2},"end":{"line":287,"column":null}},{"start":{"line":281,"column":2},"end":{"line":287,"column":null}}],"line":275},"14":{"loc":{"start":{"line":281,"column":2},"end":{"line":287,"column":null}},"type":"if","locations":[{"start":{"line":281,"column":2},"end":{"line":287,"column":null}},{"start":{},"end":{}}],"line":281},"15":{"loc":{"start":{"line":305,"column":2},"end":{"line":319,"column":null}},"type":"if","locations":[{"start":{"line":305,"column":2},"end":{"line":319,"column":null}},{"start":{},"end":{}}],"line":305},"16":{"loc":{"start":{"line":305,"column":6},"end":{"line":305,"column":26}},"type":"binary-expr","locations":[{"start":{"line":305,"column":6},"end":{"line":305,"column":17}},{"start":{"line":305,"column":17},"end":{"line":305,"column":26}}],"line":305},"17":{"loc":{"start":{"line":309,"column":3},"end":{"line":318,"column":null}},"type":"if","locations":[{"start":{"line":309,"column":3},"end":{"line":318,"column":null}},{"start":{"line":316,"column":3},"end":{"line":318,"column":null}}],"line":309},"18":{"loc":{"start":{"line":309,"column":7},"end":{"line":309,"column":51}},"type":"binary-expr","locations":[{"start":{"line":309,"column":7},"end":{"line":309,"column":31}},{"start":{"line":309,"column":31},"end":{"line":309,"column":42}},{"start":{"line":309,"column":42},"end":{"line":309,"column":51}}],"line":309},"19":{"loc":{"start":{"line":316,"column":3},"end":{"line":318,"column":null}},"type":"if","locations":[{"start":{"line":316,"column":3},"end":{"line":318,"column":null}},{"start":{},"end":{}}],"line":316},"20":{"loc":{"start":{"line":316,"column":14},"end":{"line":316,"column":62}},"type":"binary-expr","locations":[{"start":{"line":316,"column":14},"end":{"line":316,"column":39}},{"start":{"line":316,"column":39},"end":{"line":316,"column":62}}],"line":316},"21":{"loc":{"start":{"line":325,"column":2},"end":{"line":330,"column":null}},"type":"if","locations":[{"start":{"line":325,"column":2},"end":{"line":330,"column":null}},{"start":{},"end":{}}],"line":325},"22":{"loc":{"start":{"line":325,"column":6},"end":{"line":325,"column":22}},"type":"binary-expr","locations":[{"start":{"line":325,"column":6},"end":{"line":325,"column":14}},{"start":{"line":325,"column":14},"end":{"line":325,"column":22}}],"line":325},"23":{"loc":{"start":{"line":340,"column":3},"end":{"line":348,"column":null}},"type":"if","locations":[{"start":{"line":340,"column":3},"end":{"line":348,"column":null}},{"start":{},"end":{}}],"line":340},"24":{"loc":{"start":{"line":406,"column":8},"end":{"line":664,"column":null}},"type":"cond-expr","locations":[{"start":{"line":407,"column":2},"end":{"line":655,"column":null}},{"start":{"line":655,"column":2},"end":{"line":664,"column":null}}],"line":406},"25":{"loc":{"start":{"line":423,"column":4},"end":{"line":653,"column":null}},"type":"cond-expr","locations":[{"start":{"line":424,"column":4},"end":{"line":424,"column":null}},{"start":{"line":426,"column":4},"end":{"line":653,"column":null}}],"line":423}},"s":{"0":65,"1":65,"2":65,"3":65,"4":65,"5":65,"6":65,"7":65,"8":65,"9":65,"10":65,"11":65,"12":65,"13":65,"14":65,"15":65,"16":65,"17":65,"18":65,"19":65,"20":65,"21":0,"22":65,"23":65,"24":3,"25":3,"26":0,"27":0,"28":3,"29":65,"30":1,"31":1,"32":65,"33":1,"34":1,"35":1,"36":65,"37":3,"38":3,"39":3,"40":3,"41":65,"42":1,"43":0,"44":0,"45":0,"46":0,"47":0,"48":0,"49":1,"50":2,"51":0,"52":65,"53":2,"54":0,"55":0,"56":0,"57":0,"58":2,"59":0,"60":65,"61":13,"62":13,"63":3,"64":2,"65":2,"66":2,"67":2,"68":2,"69":2,"70":2,"71":2,"72":0,"73":0,"74":4,"75":2,"76":2,"77":2,"78":2,"79":2,"80":2,"81":2,"82":2,"83":65,"84":13,"85":3,"86":10,"87":2,"88":8,"89":6,"90":2,"91":2,"92":65,"93":31,"94":0,"95":0,"96":0,"97":31,"98":31,"99":65,"100":20,"101":20,"102":20,"103":20,"104":18,"105":18,"106":18,"107":18,"108":11,"109":11,"110":7,"111":0,"112":20,"113":65,"114":31,"115":31,"116":18,"117":18,"118":18,"119":18,"120":65,"121":35,"122":2,"123":2,"124":35,"125":0,"126":0,"127":0,"128":0,"129":35,"130":3,"131":35,"132":2,"133":35,"134":35,"135":35,"136":35,"137":35,"138":65,"139":64,"140":1,"141":1,"142":0,"143":0,"144":0,"145":1,"146":1,"147":1,"148":1,"149":64,"150":64,"151":65,"152":31,"153":1,"154":1,"155":31,"156":31,"157":65,"158":2,"159":2,"160":2,"161":2,"162":4,"163":4,"164":4,"165":4,"166":2,"167":2,"168":2,"169":2,"170":3,"171":3,"172":3,"173":3},"f":{"0":65,"1":3,"2":3,"3":1,"4":1,"5":3,"6":1,"7":0,"8":2,"9":0,"10":2,"11":0,"12":0,"13":13,"14":3,"15":2,"16":4,"17":2,"18":2,"19":13,"20":31,"21":0,"22":31,"23":20,"24":31,"25":35,"26":2,"27":0,"28":3,"29":2,"30":35,"31":64,"32":1,"33":0,"34":64,"35":31,"36":1,"37":31,"38":2,"39":4,"40":2,"41":3},"b":{"0":[1,64],"1":[0,65],"2":[0,3],"3":[1,0],"4":[1,1],"5":[1,1],"6":[13,0],"7":[13,13],"8":[7,6],"9":[2,0],"10":[2,1],"11":[3,10],"12":[2,8],"13":[6,2],"14":[2,0],"15":[18,2],"16":[20,19],"17":[11,7],"18":[18,11,11],"19":[0,7],"20":[7,7],"21":[18,13],"22":[31,30],"23":[0,0],"24":[63,2],"25":[13,50]},"meta":{"lastBranch":26,"lastFunction":42,"lastStatement":174,"seen":{"f:12:9:12:20":0,"s:13:7:13:Infinity":0,"s:14:7:14:Infinity":1,"s:15:21:15:Infinity":2,"s:16:21:20:Infinity":3,"b:18:5:18:Infinity:19:5:19:Infinity":0,"s:21:25:21:Infinity":4,"s:22:35:22:Infinity":5,"s:23:43:23:Infinity":6,"s:24:41:24:Infinity":7,"s:25:35:25:Infinity":8,"s:27:47:27:Infinity":9,"s:28:59:29:Infinity":10,"s:30:57:31:Infinity":11,"s:32:59:33:Infinity":12,"s:34:59:35:Infinity":13,"s:36:43:36:Infinity":14,"s:38:31:38:Infinity":15,"s:39:33:39:Infinity":16,"s:40:33:40:Infinity":17,"s:41:26:41:Infinity":18,"s:42:7:46:Infinity":19,"b:48:1:50:Infinity:undefined:undefined:undefined:undefined":1,"s:48:1:50:Infinity":20,"s:49:2:49:Infinity":21,"s:52:31:52:Infinity":22,"s:54:21:62:Infinity":23,"f:54:21:54:27":1,"s:55:2:61:Infinity":24,"f:55:15:55:16":2,"b:56:3:59:Infinity:undefined:undefined:undefined:undefined":2,"s:56:3:59:Infinity":25,"s:57:4:57:Infinity":26,"s:58:4:58:Infinity":27,"s:60:3:60:Infinity":28,"s:70:24:73:Infinity":29,"f:70:24:70:25":3,"s:71:2:71:Infinity":30,"s:72:2:72:Infinity":31,"s:75:24:80:Infinity":32,"f:75:24:75:25":4,"s:76:2:76:Infinity":33,"b:77:2:79:Infinity:undefined:undefined:undefined:undefined":3,"s:77:2:79:Infinity":34,"s:78:3:78:Infinity":35,"s:82:26:87:Infinity":36,"f:82:26:82:27":5,"s:83:2:83:Infinity":37,"s:84:2:84:Infinity":38,"s:85:19:85:Infinity":39,"s:86:2:86:Infinity":40,"s:89:25:132:Infinity":41,"f:89:25:89:Infinity":6,"s:94:25:101:Infinity":42,"f:94:25:94:26":7,"s:95:3:95:Infinity":43,"s:96:3:96:Infinity":44,"s:97:21:97:Infinity":45,"s:98:3:98:Infinity":46,"s:99:3:99:Infinity":47,"s:100:3:100:Infinity":48,"s:103:2:130:Infinity":49,"f:111:22:111:23":8,"s:112:8:118:Infinity":50,"f:125:15:125:21":9,"s:125:21:125:Infinity":51,"s:134:28:165:Infinity":52,"f:134:28:134:Infinity":10,"s:139:19:144:Infinity":53,"f:139:19:139:20":11,"s:140:3:140:Infinity":54,"s:141:3:141:Infinity":55,"s:142:3:142:Infinity":56,"s:143:3:143:Infinity":57,"s:146:2:163:Infinity":58,"b:150:6:152:Infinity:153:9:153:Infinity":4,"f:156:15:156:21":12,"s:157:7:157:Infinity":59,"b:160:19:160:41:160:41:160:Infinity":5,"s:167:21:260:Infinity":60,"f:167:21:167:22":13,"b:176:2:259:Infinity:undefined:undefined:undefined:undefined":6,"s:176:2:259:Infinity":61,"b:176:6:176:14:176:14:176:20":7,"s:177:3:257:Infinity":62,"b:185:10:215:Infinity:216:10:243:Infinity":8,"f:185:24:185:25":14,"s:186:9:213:Infinity":63,"f:193:21:193:22":15,"s:194:13:194:Infinity":64,"s:195:29:195:Infinity":65,"s:196:13:196:Infinity":66,"b:197:13:208:Infinity:202:20:208:Infinity":9,"s:197:13:208:Infinity":67,"b:197:17:197:48:197:48:197:77":10,"s:198:32:198:Infinity":68,"s:199:14:199:Infinity":69,"s:200:14:200:Infinity":70,"s:201:14:201:Infinity":71,"s:203:14:203:Infinity":72,"s:204:14:207:Infinity":73,"f:216:24:216:25":16,"s:217:9:241:Infinity":74,"f:224:21:224:22":17,"s:225:13:225:Infinity":75,"s:226:29:226:Infinity":76,"s:227:13:227:Infinity":77,"s:228:13:228:Infinity":78,"s:229:13:235:Infinity":79,"s:236:13:236:Infinity":80,"f:249:16:249:22":18,"s:250:8:250:Infinity":81,"s:251:8:251:Infinity":82,"s:262:22:288:Infinity":83,"f:262:22:262:28":19,"b:263:2:287:Infinity:269:2:287:Infinity":11,"s:263:2:287:Infinity":84,"s:264:3:268:Infinity":85,"b:269:2:287:Infinity:275:2:287:Infinity":12,"s:269:2:287:Infinity":86,"s:270:3:274:Infinity":87,"b:275:2:287:Infinity:281:2:287:Infinity":13,"s:275:2:287:Infinity":88,"s:276:3:280:Infinity":89,"b:281:2:287:Infinity:undefined:undefined:undefined:undefined":14,"s:281:2:287:Infinity":90,"s:282:3:286:Infinity":91,"s:290:1:299:Infinity":92,"f:290:11:290:17":20,"s:291:2:295:Infinity":93,"f:291:25:291:26":21,"s:292:3:292:Infinity":94,"s:293:21:293:Infinity":95,"s:294:3:294:Infinity":96,"s:296:2:298:Infinity":97,"f:296:9:296:15":22,"s:297:3:297:Infinity":98,"s:301:1:321:Infinity":99,"f:301:11:301:17":23,"s:302:2:302:Infinity":100,"s:303:18:303:Infinity":101,"s:304:18:304:Infinity":102,"b:305:2:319:Infinity:undefined:undefined:undefined:undefined":15,"s:305:2:319:Infinity":103,"b:305:6:305:17:305:17:305:26":16,"s:306:3:306:Infinity":104,"s:307:3:307:Infinity":105,"s:308:3:308:Infinity":106,"b:309:3:318:Infinity:316:3:318:Infinity":17,"s:309:3:318:Infinity":107,"b:309:7:309:31:309:31:309:42:309:42:309:51":18,"s:310:4:310:Infinity":108,"s:311:4:315:Infinity":109,"b:316:3:318:Infinity:undefined:undefined:undefined:undefined":19,"s:316:3:318:Infinity":110,"b:316:14:316:39:316:39:316:62":20,"s:317:4:317:Infinity":111,"s:320:2:320:Infinity":112,"s:323:1:331:Infinity":113,"f:323:11:323:17":24,"s:324:2:324:Infinity":114,"b:325:2:330:Infinity:undefined:undefined:undefined:undefined":21,"s:325:2:330:Infinity":115,"b:325:6:325:14:325:14:325:22":22,"s:326:3:326:Infinity":116,"s:327:3:327:Infinity":117,"s:328:3:328:Infinity":118,"s:329:3:329:Infinity":119,"s:333:1:362:Infinity":120,"f:333:11:333:17":25,"s:334:2:337:Infinity":121,"f:334:31:334:32":26,"s:335:3:335:Infinity":122,"s:336:3:336:Infinity":123,"s:338:2:349:Infinity":124,"f:338:31:338:32":27,"s:339:3:339:Infinity":125,"b:340:3:348:Infinity:undefined:undefined:undefined:undefined":23,"s:340:3:348:Infinity":126,"s:341:4:346:Infinity":127,"s:347:4:347:Infinity":128,"s:350:2:352:Infinity":129,"f:350:30:350:31":28,"s:351:3:351:Infinity":130,"s:353:2:355:Infinity":131,"f:353:37:353:38":29,"s:354:3:354:Infinity":132,"s:356:2:361:Infinity":133,"f:356:9:356:15":30,"s:357:3:357:Infinity":134,"s:358:3:358:Infinity":135,"s:359:3:359:Infinity":136,"s:360:3:360:Infinity":137,"s:364:1:394:Infinity":138,"f:364:11:364:17":31,"s:365:2:382:Infinity":139,"f:365:34:365:35":32,"s:366:3:366:Infinity":140,"s:367:3:375:Infinity":141,"f:367:14:367:20":33,"s:368:4:370:Infinity":142,"s:371:4:373:Infinity":143,"s:374:4:374:Infinity":144,"s:376:26:376:Infinity":145,"s:377:3:377:Infinity":146,"s:378:3:380:Infinity":147,"s:381:3:381:Infinity":148,"s:383:2:385:Infinity":149,"f:383:9:383:15":34,"s:384:3:384:Infinity":150,"s:396:1:404:Infinity":151,"f:396:11:396:17":35,"s:397:2:400:Infinity":152,"f:397:34:397:35":36,"s:398:3:398:Infinity":153,"s:399:3:399:Infinity":154,"s:401:2:403:Infinity":155,"f:401:9:401:15":37,"s:402:3:402:Infinity":156,"s:406:1:664:Infinity":157,"b:407:2:655:Infinity:655:2:664:Infinity":24,"b:424:4:424:Infinity:426:4:653:Infinity":25,"f:521:18:521:19":38,"s:522:10:522:Infinity":158,"s:523:10:523:Infinity":159,"s:524:10:524:Infinity":160,"s:525:10:525:Infinity":161,"f:558:18:558:19":39,"s:559:10:559:Infinity":162,"s:560:10:560:Infinity":163,"s:561:10:561:Infinity":164,"s:562:10:562:Infinity":165,"f:591:18:591:19":40,"s:592:10:592:Infinity":166,"s:593:10:593:Infinity":167,"s:594:10:594:Infinity":168,"s:595:10:595:Infinity":169,"f:624:18:624:19":41,"s:625:10:625:Infinity":170,"s:626:10:626:Infinity":171,"s:627:10:627:Infinity":172,"s:628:10:628:Infinity":173}}}
,"/home/raphael/ecole_42/red-tetris/my-app/src/components/NotFoundPage.tsx": {"path":"/home/raphael/ecole_42/red-tetris/my-app/src/components/NotFoundPage.tsx","statementMap":{"0":{"start":{"line":4,"column":2},"end":{"line":9,"column":null}}},"fnMap":{"0":{"name":"NotFoundPage","decl":{"start":{"line":3,"column":9},"end":{"line":3,"column":24}},"loc":{"start":{"line":3,"column":24},"end":{"line":11,"column":null}},"line":3}},"branchMap":{},"s":{"0":1},"f":{"0":1},"b":{},"meta":{"lastBranch":0,"lastFunction":1,"lastStatement":1,"seen":{"f:3:9:3:24":0,"s:4:2:9:Infinity":0}}}
,"/home/raphael/ecole_42/red-tetris/my-app/src/components/popupWindow.tsx": {"path":"/home/raphael/ecole_42/red-tetris/my-app/src/components/popupWindow.tsx","statementMap":{"0":{"start":{"line":10,"column":36},"end":{"line":27,"column":null}},"1":{"start":{"line":11,"column":2},"end":{"line":11,"column":null}},"2":{"start":{"line":11,"column":13},"end":{"line":11,"column":null}},"3":{"start":{"line":13,"column":2},"end":{"line":25,"column":null}}},"fnMap":{"0":{"name":"(anonymous_0)","decl":{"start":{"line":10,"column":36},"end":{"line":10,"column":37}},"loc":{"start":{"line":10,"column":76},"end":{"line":27,"column":null}},"line":10}},"branchMap":{"0":{"loc":{"start":{"line":11,"column":2},"end":{"line":11,"column":null}},"type":"if","locations":[{"start":{"line":11,"column":2},"end":{"line":11,"column":null}},{"start":{},"end":{}}],"line":11}},"s":{"0":4,"1":67,"2":61,"3":6},"f":{"0":67},"b":{"0":[61,6]},"meta":{"lastBranch":1,"lastFunction":1,"lastStatement":4,"seen":{"s:10:36:27:Infinity":0,"f:10:36:10:37":0,"b:11:2:11:Infinity:undefined:undefined:undefined:undefined":0,"s:11:2:11:Infinity":1,"s:11:13:11:Infinity":2,"s:13:2:25:Infinity":3}}}
,"/home/raphael/ecole_42/red-tetris/my-app/src/contexts/socketContext.tsx": {"path":"/home/raphael/ecole_42/red-tetris/my-app/src/contexts/socketContext.tsx","statementMap":{"0":{"start":{"line":6,"column":13},"end":{"line":6,"column":null}},"1":{"start":{"line":8,"column":30},"end":{"line":15,"column":null}},"2":{"start":{"line":10,"column":25},"end":{"line":10,"column":null}},"3":{"start":{"line":12,"column":1},"end":{"line":14,"column":null}},"4":{"start":{"line":17,"column":25},"end":{"line":19,"column":null}},"5":{"start":{"line":18,"column":1},"end":{"line":18,"column":null}}},"fnMap":{"0":{"name":"(anonymous_0)","decl":{"start":{"line":8,"column":30},"end":{"line":8,"column":31}},"loc":{"start":{"line":8,"column":73},"end":{"line":15,"column":null}},"line":8},"1":{"name":"(anonymous_1)","decl":{"start":{"line":17,"column":25},"end":{"line":17,"column":31}},"loc":{"start":{"line":17,"column":31},"end":{"line":19,"column":null}},"line":17}},"branchMap":{},"s":{"0":4,"1":4,"2":27,"3":27,"4":4,"5":105},"f":{"0":27,"1":105},"b":{},"meta":{"lastBranch":0,"lastFunction":2,"lastStatement":6,"seen":{"s:6:13:6:Infinity":0,"s:8:30:15:Infinity":1,"f:8:30:8:31":0,"s:10:25:10:Infinity":2,"s:12:1:14:Infinity":3,"s:17:25:19:Infinity":4,"f:17:25:17:31":1,"s:18:1:18:Infinity":5}}}
,"/home/raphael/ecole_42/red-tetris/my-app/src/functions/forTheGame.tsx": {"path":"/home/raphael/ecole_42/red-tetris/my-app/src/functions/forTheGame.tsx","statementMap":{"0":{"start":{"line":3,"column":33},"end":{"line":27,"column":null}},"1":{"start":{"line":4,"column":1},"end":{"line":25,"column":null}},"2":{"start":{"line":6,"column":3},"end":{"line":6,"column":null}},"3":{"start":{"line":8,"column":3},"end":{"line":8,"column":null}},"4":{"start":{"line":10,"column":3},"end":{"line":10,"column":null}},"5":{"start":{"line":12,"column":3},"end":{"line":12,"column":null}},"6":{"start":{"line":14,"column":3},"end":{"line":14,"column":null}},"7":{"start":{"line":16,"column":3},"end":{"line":16,"column":null}},"8":{"start":{"line":18,"column":3},"end":{"line":18,"column":null}},"9":{"start":{"line":20,"column":3},"end":{"line":20,"column":null}},"10":{"start":{"line":22,"column":3},"end":{"line":22,"column":null}},"11":{"start":{"line":24,"column":3},"end":{"line":24,"column":null}},"12":{"start":{"line":26,"column":1},"end":{"line":26,"column":null}},"13":{"start":{"line":29,"column":29},"end":{"line":46,"column":null}},"14":{"start":{"line":30,"column":1},"end":{"line":45,"column":null}},"15":{"start":{"line":32,"column":3},"end":{"line":32,"column":null}},"16":{"start":{"line":34,"column":3},"end":{"line":34,"column":null}},"17":{"start":{"line":36,"column":3},"end":{"line":36,"column":null}},"18":{"start":{"line":38,"column":3},"end":{"line":38,"column":null}},"19":{"start":{"line":40,"column":3},"end":{"line":40,"column":null}},"20":{"start":{"line":42,"column":3},"end":{"line":42,"column":null}},"21":{"start":{"line":44,"column":3},"end":{"line":44,"column":null}},"22":{"start":{"line":48,"column":32},"end":{"line":61,"column":null}},"23":{"start":{"line":49,"column":21},"end":{"line":49,"column":null}},"24":{"start":{"line":50,"column":2},"end":{"line":60,"column":null}},"25":{"start":{"line":51,"column":3},"end":{"line":59,"column":null}},"26":{"start":{"line":53,"column":5},"end":{"line":57,"column":null}},"27":{"start":{"line":63,"column":32},"end":{"line":96,"column":null}},"28":{"start":{"line":64,"column":14},"end":{"line":64,"column":null}},"29":{"start":{"line":65,"column":22},"end":{"line":71,"column":null}},"30":{"start":{"line":66,"column":3},"end":{"line":66,"column":null}},"31":{"start":{"line":67,"column":3},"end":{"line":69,"column":null}},"32":{"start":{"line":68,"column":4},"end":{"line":68,"column":null}},"33":{"start":{"line":70,"column":3},"end":{"line":70,"column":null}},"34":{"start":{"line":73,"column":2},"end":{"line":94,"column":null}},"35":{"start":{"line":76,"column":5},"end":{"line":92,"column":null}},"36":{"start":{"line":83,"column":9},"end":{"line":88,"column":null}}},"fnMap":{"0":{"name":"(anonymous_0)","decl":{"start":{"line":3,"column":33},"end":{"line":3,"column":34}},"loc":{"start":{"line":3,"column":51},"end":{"line":27,"column":null}},"line":3},"1":{"name":"(anonymous_1)","decl":{"start":{"line":29,"column":29},"end":{"line":29,"column":30}},"loc":{"start":{"line":29,"column":47},"end":{"line":46,"column":null}},"line":29},"2":{"name":"(anonymous_2)","decl":{"start":{"line":48,"column":32},"end":{"line":48,"column":33}},"loc":{"start":{"line":48,"column":52},"end":{"line":61,"column":null}},"line":48},"3":{"name":"(anonymous_3)","decl":{"start":{"line":50,"column":29},"end":{"line":50,"column":30}},"loc":{"start":{"line":51,"column":3},"end":{"line":59,"column":null}},"line":51},"4":{"name":"(anonymous_4)","decl":{"start":{"line":52,"column":13},"end":{"line":52,"column":14}},"loc":{"start":{"line":53,"column":5},"end":{"line":57,"column":null}},"line":53},"5":{"name":"(anonymous_5)","decl":{"start":{"line":63,"column":32},"end":{"line":63,"column":33}},"loc":{"start":{"line":63,"column":66},"end":{"line":96,"column":null}},"line":63},"6":{"name":"(anonymous_6)","decl":{"start":{"line":65,"column":22},"end":{"line":65,"column":23}},"loc":{"start":{"line":65,"column":47},"end":{"line":71,"column":null}},"line":65},"7":{"name":"(anonymous_7)","decl":{"start":{"line":75,"column":18},"end":{"line":75,"column":19}},"loc":{"start":{"line":76,"column":5},"end":{"line":92,"column":null}},"line":76},"8":{"name":"(anonymous_8)","decl":{"start":{"line":82,"column":38},"end":{"line":82,"column":39}},"loc":{"start":{"line":83,"column":9},"end":{"line":88,"column":null}},"line":83}},"branchMap":{"0":{"loc":{"start":{"line":4,"column":1},"end":{"line":25,"column":null}},"type":"switch","locations":[{"start":{"line":5,"column":2},"end":{"line":6,"column":null}},{"start":{"line":7,"column":2},"end":{"line":8,"column":null}},{"start":{"line":9,"column":2},"end":{"line":10,"column":null}},{"start":{"line":11,"column":2},"end":{"line":12,"column":null}},{"start":{"line":13,"column":2},"end":{"line":14,"column":null}},{"start":{"line":15,"column":2},"end":{"line":16,"column":null}},{"start":{"line":17,"column":2},"end":{"line":18,"column":null}},{"start":{"line":19,"column":2},"end":{"line":20,"column":null}},{"start":{"line":21,"column":2},"end":{"line":22,"column":null}},{"start":{"line":23,"column":2},"end":{"line":24,"column":null}}],"line":4},"1":{"loc":{"start":{"line":30,"column":1},"end":{"line":45,"column":null}},"type":"switch","locations":[{"start":{"line":31,"column":2},"end":{"line":32,"column":null}},{"start":{"line":33,"column":2},"end":{"line":34,"column":null}},{"start":{"line":35,"column":2},"end":{"line":36,"column":null}},{"start":{"line":37,"column":2},"end":{"line":38,"column":null}},{"start":{"line":39,"column":2},"end":{"line":40,"column":null}},{"start":{"line":41,"column":2},"end":{"line":42,"column":null}},{"start":{"line":43,"column":2},"end":{"line":44,"column":null}}],"line":30},"2":{"loc":{"start":{"line":55,"column":51},"end":{"line":55,"column":93}},"type":"cond-expr","locations":[{"start":{"line":55,"column":64},"end":{"line":55,"column":77}},{"start":{"line":55,"column":77},"end":{"line":55,"column":93}}],"line":55},"3":{"loc":{"start":{"line":67,"column":3},"end":{"line":69,"column":null}},"type":"if","locations":[{"start":{"line":67,"column":3},"end":{"line":69,"column":null}},{"start":{},"end":{}}],"line":67},"4":{"loc":{"start":{"line":77,"column":7},"end":{"line":91,"column":null}},"type":"binary-expr","locations":[{"start":{"line":77,"column":7},"end":{"line":77,"column":29}},{"start":{"line":77,"column":29},"end":{"line":91,"column":null}}],"line":77},"5":{"loc":{"start":{"line":86,"column":91},"end":{"line":86,"column":null}},"type":"cond-expr","locations":[{"start":{"line":86,"column":104},"end":{"line":86,"column":150}},{"start":{"line":86,"column":150},"end":{"line":86,"column":null}}],"line":86},"6":{"loc":{"start":{"line":86,"column":104},"end":{"line":86,"column":150}},"type":"cond-expr","locations":[{"start":{"line":86,"column":118},"end":{"line":86,"column":134}},{"start":{"line":86,"column":134},"end":{"line":86,"column":150}}],"line":86}},"s":{"0":3,"1":3411,"2":1,"3":1,"4":1,"5":1,"6":1,"7":1,"8":1,"9":3401,"10":1,"11":1,"12":1,"13":3,"14":9,"15":3,"16":1,"17":1,"18":1,"19":1,"20":1,"21":1,"22":3,"23":2,"24":2,"25":8,"26":32,"27":3,"28":2,"29":2,"30":4,"31":4,"32":2,"33":2,"34":2,"35":4,"36":400},"f":{"0":3411,"1":9,"2":2,"3":8,"4":32,"5":2,"6":4,"7":4,"8":400},"b":{"0":[1,1,1,1,1,1,1,3401,1,1],"1":[3,1,1,1,1,1,1],"2":[8,24],"3":[2,2],"4":[4,2],"5":[200,200],"6":[200,0]},"meta":{"lastBranch":7,"lastFunction":9,"lastStatement":37,"seen":{"s:3:33:27:Infinity":0,"f:3:33:3:34":0,"b:5:2:6:Infinity:7:2:8:Infinity:9:2:10:Infinity:11:2:12:Infinity:13:2:14:Infinity:15:2:16:Infinity:17:2:18:Infinity:19:2:20:Infinity:21:2:22:Infinity:23:2:24:Infinity":0,"s:4:1:25:Infinity":1,"s:6:3:6:Infinity":2,"s:8:3:8:Infinity":3,"s:10:3:10:Infinity":4,"s:12:3:12:Infinity":5,"s:14:3:14:Infinity":6,"s:16:3:16:Infinity":7,"s:18:3:18:Infinity":8,"s:20:3:20:Infinity":9,"s:22:3:22:Infinity":10,"s:24:3:24:Infinity":11,"s:26:1:26:Infinity":12,"s:29:29:46:Infinity":13,"f:29:29:29:30":1,"b:31:2:32:Infinity:33:2:34:Infinity:35:2:36:Infinity:37:2:38:Infinity:39:2:40:Infinity:41:2:42:Infinity:43:2:44:Infinity":1,"s:30:1:45:Infinity":14,"s:32:3:32:Infinity":15,"s:34:3:34:Infinity":16,"s:36:3:36:Infinity":17,"s:38:3:38:Infinity":18,"s:40:3:40:Infinity":19,"s:42:3:42:Infinity":20,"s:44:3:44:Infinity":21,"s:48:32:61:Infinity":22,"f:48:32:48:33":2,"s:49:21:49:Infinity":23,"s:50:2:60:Infinity":24,"f:50:29:50:30":3,"s:51:3:59:Infinity":25,"f:52:13:52:14":4,"s:53:5:57:Infinity":26,"b:55:64:55:77:55:77:55:93":2,"s:63:32:96:Infinity":27,"f:63:32:63:33":5,"s:64:14:64:Infinity":28,"s:65:22:71:Infinity":29,"f:65:22:65:23":6,"s:66:3:66:Infinity":30,"b:67:3:69:Infinity:undefined:undefined:undefined:undefined":3,"s:67:3:69:Infinity":31,"s:68:4:68:Infinity":32,"s:70:3:70:Infinity":33,"s:73:2:94:Infinity":34,"f:75:18:75:19":7,"s:76:5:92:Infinity":35,"b:77:7:77:29:77:29:91:Infinity":4,"f:82:38:82:39":8,"s:83:9:88:Infinity":36,"b:86:104:86:150:86:150:86:Infinity":5,"b:86:118:86:134:86:134:86:150":6}}}
,"/home/raphael/ecole_42/red-tetris/my-app/src/interfaces/socketContext.interface.tsx": {"path":"/home/raphael/ecole_42/red-tetris/my-app/src/interfaces/socketContext.interface.tsx","statementMap":{},"fnMap":{},"branchMap":{},"s":{},"f":{},"b":{},"meta":{"lastBranch":0,"lastFunction":0,"lastStatement":0,"seen":{}}}
}
